{"/home/assis/Projetos/cogup/fastapi/src/index.ts": {"path":"/home/assis/Projetos/cogup/fastapi/src/index.ts","statementMap":{"0":{"start":{"line":1,"column":0},"end":{"line":1,"column":33}},"1":{"start":{"line":2,"column":0},"end":{"line":2,"column":67}},"2":{"start":{"line":3,"column":0},"end":{"line":3,"column":null}},"3":{"start":{"line":474,"column":2},"end":{"line":13,"column":null}},"4":{"start":{"line":15,"column":0},"end":{"line":15,"column":null}},"5":{"start":{"line":471,"column":20},"end":{"line":19,"column":null}},"6":{"start":{"line":24,"column":0},"end":{"line":24,"column":42}},"7":{"start":{"line":25,"column":0},"end":{"line":25,"column":null}},"8":{"start":{"line":36,"column":0},"end":{"line":36,"column":9}},"9":{"start":{"line":470,"column":2},"end":{"line":36,"column":38}},"10":{"start":{"line":37,"column":0},"end":{"line":37,"column":33}},"11":{"start":{"line":39,"column":0},"end":{"line":39,"column":46}},"12":{"start":{"line":40,"column":0},"end":{"line":40,"column":68}},"13":{"start":{"line":47,"column":0},"end":{"line":47,"column":null}},"14":{"start":{"line":52,"column":0},"end":{"line":52,"column":50}},"15":{"start":{"line":53,"column":0},"end":{"line":53,"column":20}},"16":{"start":{"line":56,"column":2},"end":{"line":66,"column":null}},"17":{"start":{"line":57,"column":24},"end":{"line":59,"column":null}},"18":{"start":{"line":61,"column":26},"end":{"line":61,"column":49}},"19":{"start":{"line":63,"column":4},"end":{"line":63,"column":33}},"20":{"start":{"line":65,"column":4},"end":{"line":65,"column":23}},"21":{"start":{"line":55,"column":0},"end":{"line":55,"column":16}},"22":{"start":{"line":110,"column":18},"end":{"line":114,"column":4}},"23":{"start":{"line":115,"column":28},"end":{"line":115,"column":30}},"24":{"start":{"line":116,"column":39},"end":{"line":119,"column":4}},"25":{"start":{"line":120,"column":28},"end":{"line":120,"column":30}},"26":{"start":{"line":121,"column":21},"end":{"line":121,"column":23}},"27":{"start":{"line":122,"column":15},"end":{"line":128,"column":4}},"28":{"start":{"line":129,"column":32},"end":{"line":129,"column":34}},"29":{"start":{"line":130,"column":23},"end":{"line":130,"column":25}},"30":{"start":{"line":132,"column":25},"end":{"line":132,"column":27}},"31":{"start":{"line":133,"column":19},"end":{"line":133,"column":21}},"32":{"start":{"line":134,"column":15},"end":{"line":136,"column":4}},"33":{"start":{"line":137,"column":22},"end":{"line":137,"column":27}},"34":{"start":{"line":142,"column":52},"end":{"line":142,"column":54}},"35":{"start":{"line":143,"column":19},"end":{"line":143,"column":23}},"36":{"start":{"line":144,"column":19},"end":{"line":144,"column":23}},"37":{"start":{"line":147,"column":4},"end":{"line":202,"column":null}},"38":{"start":{"line":148,"column":6},"end":{"line":150,"column":null}},"39":{"start":{"line":149,"column":8},"end":{"line":149,"column":35}},"40":{"start":{"line":152,"column":6},"end":{"line":154,"column":null}},"41":{"start":{"line":153,"column":8},"end":{"line":153,"column":31}},"42":{"start":{"line":156,"column":6},"end":{"line":158,"column":null}},"43":{"start":{"line":157,"column":8},"end":{"line":157,"column":31}},"44":{"start":{"line":160,"column":6},"end":{"line":162,"column":null}},"45":{"start":{"line":161,"column":8},"end":{"line":161,"column":57}},"46":{"start":{"line":164,"column":6},"end":{"line":166,"column":null}},"47":{"start":{"line":165,"column":8},"end":{"line":165,"column":41}},"48":{"start":{"line":168,"column":6},"end":{"line":170,"column":null}},"49":{"start":{"line":169,"column":8},"end":{"line":169,"column":31}},"50":{"start":{"line":172,"column":6},"end":{"line":181,"column":null}},"51":{"start":{"line":173,"column":8},"end":{"line":173,"column":37}},"52":{"start":{"line":175,"column":8},"end":{"line":180,"column":10}},"53":{"start":{"line":183,"column":6},"end":{"line":185,"column":null}},"54":{"start":{"line":184,"column":8},"end":{"line":184,"column":41}},"55":{"start":{"line":187,"column":6},"end":{"line":189,"column":null}},"56":{"start":{"line":188,"column":8},"end":{"line":188,"column":51}},"57":{"start":{"line":191,"column":6},"end":{"line":193,"column":null}},"58":{"start":{"line":192,"column":8},"end":{"line":192,"column":51}},"59":{"start":{"line":195,"column":6},"end":{"line":197,"column":null}},"60":{"start":{"line":196,"column":8},"end":{"line":196,"column":38}},"61":{"start":{"line":199,"column":6},"end":{"line":201,"column":null}},"62":{"start":{"line":200,"column":8},"end":{"line":200,"column":42}},"63":{"start":{"line":204,"column":4},"end":{"line":204,"column":21}},"64":{"start":{"line":205,"column":4},"end":{"line":205,"column":62}},"65":{"start":{"line":207,"column":4},"end":{"line":214,"column":null}},"66":{"start":{"line":208,"column":6},"end":{"line":208,"column":24}},"67":{"start":{"line":210,"column":6},"end":{"line":213,"column":null}},"68":{"start":{"line":211,"column":8},"end":{"line":211,"column":29}},"69":{"start":{"line":212,"column":8},"end":{"line":212,"column":26}},"70":{"start":{"line":216,"column":4},"end":{"line":216,"column":16}},"71":{"start":{"line":220,"column":4},"end":{"line":220,"column":31}},"72":{"start":{"line":224,"column":4},"end":{"line":224,"column":25}},"73":{"start":{"line":228,"column":4},"end":{"line":230,"column":null}},"74":{"start":{"line":229,"column":6},"end":{"line":229,"column":28}},"75":{"start":{"line":234,"column":4},"end":{"line":236,"column":null}},"76":{"start":{"line":235,"column":6},"end":{"line":235,"column":33}},"77":{"start":{"line":242,"column":4},"end":{"line":246,"column":null}},"78":{"start":{"line":243,"column":6},"end":{"line":243,"column":27}},"79":{"start":{"line":245,"column":6},"end":{"line":245,"column":27}},"80":{"start":{"line":248,"column":4},"end":{"line":277,"column":null}},"81":{"start":{"line":249,"column":24},"end":{"line":249,"column":68}},"82":{"start":{"line":251,"column":6},"end":{"line":251,"column":33}},"83":{"start":{"line":253,"column":6},"end":{"line":259,"column":null}},"84":{"start":{"line":254,"column":25},"end":{"line":254,"column":39}},"85":{"start":{"line":256,"column":10},"end":{"line":257,"column":38}},"86":{"start":{"line":258,"column":8},"end":{"line":258,"column":48}},"87":{"start":{"line":260,"column":11},"end":{"line":277,"column":null}},"88":{"start":{"line":261,"column":25},"end":{"line":261,"column":31}},"89":{"start":{"line":263,"column":6},"end":{"line":266,"column":8}},"90":{"start":{"line":268,"column":6},"end":{"line":274,"column":null}},"91":{"start":{"line":269,"column":25},"end":{"line":269,"column":44}},"92":{"start":{"line":271,"column":10},"end":{"line":272,"column":38}},"93":{"start":{"line":273,"column":8},"end":{"line":273,"column":48}},"94":{"start":{"line":276,"column":6},"end":{"line":276,"column":42}},"95":{"start":{"line":281,"column":30},"end":{"line":281,"column":32}},"96":{"start":{"line":283,"column":22},"end":{"line":283,"column":36}},"97":{"start":{"line":284,"column":17},"end":{"line":284,"column":26}},"98":{"start":{"line":285,"column":21},"end":{"line":285,"column":34}},"99":{"start":{"line":286,"column":34},"end":{"line":288,"column":6}},"100":{"start":{"line":290,"column":25},"end":{"line":290,"column":51}},"101":{"start":{"line":292,"column":4},"end":{"line":311,"column":null}},"102":{"start":{"line":293,"column":23},"end":{"line":293,"column":37}},"103":{"start":{"line":294,"column":29},"end":{"line":294,"column":67}},"104":{"start":{"line":295,"column":20},"end":{"line":295,"column":49}},"105":{"start":{"line":296,"column":24},"end":{"line":296,"column":62}},"106":{"start":{"line":298,"column":6},"end":{"line":303,"column":9}},"107":{"start":{"line":305,"column":6},"end":{"line":308,"column":8}},"108":{"start":{"line":310,"column":6},"end":{"line":310,"column":60}},"109":{"start":{"line":313,"column":16},"end":{"line":313,"column":27}},"110":{"start":{"line":315,"column":4},"end":{"line":318,"column":7}},"111":{"start":{"line":316,"column":6},"end":{"line":316,"column":46}},"112":{"start":{"line":317,"column":6},"end":{"line":317,"column":52}},"113":{"start":{"line":320,"column":19},"end":{"line":320,"column":59}},"114":{"start":{"line":322,"column":4},"end":{"line":322,"column":38}},"115":{"start":{"line":324,"column":24},"end":{"line":324,"column":45}},"116":{"start":{"line":326,"column":21},"end":{"line":330,"column":6}},"117":{"start":{"line":332,"column":20},"end":{"line":337,"column":6}},"118":{"start":{"line":339,"column":4},"end":{"line":339,"column":36}},"119":{"start":{"line":341,"column":4},"end":{"line":341,"column":46}},"120":{"start":{"line":343,"column":4},"end":{"line":349,"column":7}},"121":{"start":{"line":348,"column":6},"end":{"line":348,"column":24}},"122":{"start":{"line":353,"column":4},"end":{"line":357,"column":null}},"123":{"start":{"line":354,"column":6},"end":{"line":356,"column":9}},"124":{"start":{"line":355,"column":8},"end":{"line":355,"column":29}},"125":{"start":{"line":361,"column":4},"end":{"line":361,"column":43}},"126":{"start":{"line":362,"column":4},"end":{"line":362,"column":28}},"127":{"start":{"line":366,"column":4},"end":{"line":366,"column":57}},"128":{"start":{"line":370,"column":4},"end":{"line":381,"column":null}},"129":{"start":{"line":371,"column":6},"end":{"line":371,"column":39}},"130":{"start":{"line":372,"column":11},"end":{"line":381,"column":null}},"131":{"start":{"line":373,"column":6},"end":{"line":373,"column":43}},"132":{"start":{"line":374,"column":6},"end":{"line":374,"column":35}},"133":{"start":{"line":375,"column":11},"end":{"line":381,"column":null}},"134":{"start":{"line":376,"column":22},"end":{"line":376,"column":34}},"135":{"start":{"line":377,"column":6},"end":{"line":377,"column":44}},"136":{"start":{"line":378,"column":6},"end":{"line":378,"column":36}},"137":{"start":{"line":380,"column":6},"end":{"line":380,"column":31}},"138":{"start":{"line":385,"column":4},"end":{"line":394,"column":null}},"139":{"start":{"line":386,"column":6},"end":{"line":386,"column":70}},"140":{"start":{"line":387,"column":6},"end":{"line":387,"column":37}},"141":{"start":{"line":388,"column":11},"end":{"line":394,"column":null}},"142":{"start":{"line":389,"column":22},"end":{"line":389,"column":36}},"143":{"start":{"line":390,"column":6},"end":{"line":390,"column":69}},"144":{"start":{"line":391,"column":6},"end":{"line":391,"column":36}},"145":{"start":{"line":393,"column":6},"end":{"line":393,"column":56}},"146":{"start":{"line":398,"column":4},"end":{"line":400,"column":7}},"147":{"start":{"line":402,"column":4},"end":{"line":402,"column":16}},"148":{"start":{"line":406,"column":4},"end":{"line":408,"column":7}},"149":{"start":{"line":412,"column":4},"end":{"line":414,"column":7}},"150":{"start":{"line":418,"column":4},"end":{"line":420,"column":7}},"151":{"start":{"line":424,"column":4},"end":{"line":426,"column":7}},"152":{"start":{"line":430,"column":4},"end":{"line":432,"column":7}},"153":{"start":{"line":437,"column":4},"end":{"line":437,"column":42}},"154":{"start":{"line":438,"column":4},"end":{"line":438,"column":16}},"155":{"start":{"line":442,"column":4},"end":{"line":442,"column":45}},"156":{"start":{"line":443,"column":4},"end":{"line":443,"column":16}},"157":{"start":{"line":447,"column":4},"end":{"line":447,"column":36}},"158":{"start":{"line":448,"column":4},"end":{"line":448,"column":16}},"159":{"start":{"line":452,"column":4},"end":{"line":454,"column":null}},"160":{"start":{"line":453,"column":6},"end":{"line":453,"column":48}},"161":{"start":{"line":456,"column":4},"end":{"line":456,"column":28}},"162":{"start":{"line":109,"column":0},"end":{"line":109,"column":13}},"163":{"start":{"line":460,"column":0},"end":{"line":460,"column":9}},"164":{"start":{"line":460,"column":9},"end":{"line":460,"column":22}},"165":{"start":{"line":460,"column":22},"end":{"line":460,"column":64}},"166":{"start":{"line":461,"column":0},"end":{"line":461,"column":9}},"167":{"start":{"line":461,"column":9},"end":{"line":461,"column":62}},"168":{"start":{"line":462,"column":0},"end":{"line":462,"column":null}},"169":{"start":{"line":463,"column":2},"end":{"line":463,"column":null}},"170":{"start":{"line":464,"column":2},"end":{"line":464,"column":null}},"171":{"start":{"line":465,"column":2},"end":{"line":465,"column":null}},"172":{"start":{"line":466,"column":2},"end":{"line":466,"column":null}},"173":{"start":{"line":468,"column":0},"end":{"line":468,"column":9}},"174":{"start":{"line":468,"column":9},"end":{"line":468,"column":53}},"175":{"start":{"line":477,"column":0},"end":{"line":477,"column":9}},"176":{"start":{"line":477,"column":9},"end":{"line":477,"column":56}},"177":{"start":{"line":482,"column":0},"end":{"line":482,"column":null}},"178":{"start":{"line":483,"column":2},"end":{"line":483,"column":null}},"179":{"start":{"line":484,"column":2},"end":{"line":484,"column":null}},"180":{"start":{"line":485,"column":2},"end":{"line":485,"column":null}},"181":{"start":{"line":486,"column":2},"end":{"line":486,"column":null}},"182":{"start":{"line":487,"column":2},"end":{"line":487,"column":null}},"183":{"start":{"line":488,"column":2},"end":{"line":488,"column":null}},"184":{"start":{"line":490,"column":0},"end":{"line":490,"column":null}},"185":{"start":{"line":491,"column":2},"end":{"line":491,"column":null}},"186":{"start":{"line":492,"column":2},"end":{"line":492,"column":null}},"187":{"start":{"line":493,"column":2},"end":{"line":493,"column":null}},"188":{"start":{"line":494,"column":2},"end":{"line":494,"column":null}},"189":{"start":{"line":495,"column":2},"end":{"line":495,"column":null}},"190":{"start":{"line":496,"column":2},"end":{"line":496,"column":null}},"191":{"start":{"line":499,"column":13},"end":{"line":506,"column":2}}},"fnMap":{"0":{"name":"(anonymous_1)","decl":{"start":{"line":474,"column":2},"end":{"line":474,"column":19}},"loc":{"start":{"line":474,"column":2},"end":{"line":13,"column":null}}},"1":{"name":"(anonymous_2)","decl":{"start":{"line":471,"column":20},"end":{"line":471,"column":25}},"loc":{"start":{"line":471,"column":20},"end":{"line":19,"column":null}}},"2":{"name":"(anonymous_3)","decl":{"start":{"line":470,"column":2},"end":{"line":470,"column":11}},"loc":{"start":{"line":470,"column":2},"end":{"line":36,"column":38}}},"3":{"name":"getAppVersion","decl":{"start":{"line":55,"column":16},"end":{"line":55,"column":29}},"loc":{"start":{"line":55,"column":29},"end":{"line":67,"column":1}}},"4":{"name":"(anonymous_5)","decl":{"start":{"line":146,"column":2},"end":{"line":146,"column":14}},"loc":{"start":{"line":146,"column":36},"end":{"line":217,"column":3}}},"5":{"name":"(anonymous_6)","decl":{"start":{"line":219,"column":2},"end":{"line":219,"column":14}},"loc":{"start":{"line":219,"column":35},"end":{"line":221,"column":3}}},"6":{"name":"(anonymous_7)","decl":{"start":{"line":223,"column":2},"end":{"line":223,"column":11}},"loc":{"start":{"line":223,"column":71},"end":{"line":225,"column":3}}},"7":{"name":"(anonymous_8)","decl":{"start":{"line":227,"column":10},"end":{"line":227,"column":23}},"loc":{"start":{"line":227,"column":23},"end":{"line":231,"column":3}}},"8":{"name":"(anonymous_9)","decl":{"start":{"line":233,"column":10},"end":{"line":233,"column":25}},"loc":{"start":{"line":233,"column":25},"end":{"line":237,"column":3}}},"9":{"name":"(anonymous_10)","decl":{"start":{"line":239,"column":2},"end":{"line":239,"column":12}},"loc":{"start":{"line":240,"column":64},"end":{"line":278,"column":3}}},"10":{"name":"(anonymous_11)","decl":{"start":{"line":280,"column":2},"end":{"line":280,"column":12}},"loc":{"start":{"line":280,"column":12},"end":{"line":350,"column":3}}},"11":{"name":"(anonymous_12)","decl":{"start":{"line":315,"column":24},"end":{"line":315,"column":25}},"loc":{"start":{"line":315,"column":34},"end":{"line":318,"column":5}}},"12":{"name":"(anonymous_13)","decl":{"start":{"line":343,"column":37},"end":{"line":343,"column":null}},"loc":{"start":{"line":346,"column":25},"end":{"line":349,"column":5}}},"13":{"name":"(anonymous_14)","decl":{"start":{"line":352,"column":2},"end":{"line":352,"column":18}},"loc":{"start":{"line":352,"column":18},"end":{"line":358,"column":3}}},"14":{"name":"(anonymous_15)","decl":{"start":{"line":354,"column":29},"end":{"line":354,"column":30}},"loc":{"start":{"line":354,"column":69},"end":{"line":356,"column":7}}},"15":{"name":"(anonymous_16)","decl":{"start":{"line":360,"column":2},"end":{"line":360,"column":7}},"loc":{"start":{"line":360,"column":14},"end":{"line":363,"column":3}}},"16":{"name":"(anonymous_17)","decl":{"start":{"line":365,"column":2},"end":{"line":365,"column":13}},"loc":{"start":{"line":365,"column":41},"end":{"line":367,"column":3}}},"17":{"name":"(anonymous_18)","decl":{"start":{"line":369,"column":2},"end":{"line":369,"column":11}},"loc":{"start":{"line":369,"column":30},"end":{"line":382,"column":3}}},"18":{"name":"(anonymous_19)","decl":{"start":{"line":384,"column":2},"end":{"line":384,"column":13}},"loc":{"start":{"line":384,"column":36},"end":{"line":395,"column":3}}},"19":{"name":"(anonymous_20)","decl":{"start":{"line":397,"column":2},"end":{"line":397,"column":6}},"loc":{"start":{"line":397,"column":37},"end":{"line":403,"column":3}}},"20":{"name":"(anonymous_21)","decl":{"start":{"line":405,"column":2},"end":{"line":405,"column":5}},"loc":{"start":{"line":405,"column":34},"end":{"line":409,"column":3}}},"21":{"name":"(anonymous_22)","decl":{"start":{"line":411,"column":2},"end":{"line":411,"column":6}},"loc":{"start":{"line":411,"column":35},"end":{"line":415,"column":3}}},"22":{"name":"(anonymous_23)","decl":{"start":{"line":417,"column":2},"end":{"line":417,"column":5}},"loc":{"start":{"line":417,"column":34},"end":{"line":421,"column":3}}},"23":{"name":"(anonymous_24)","decl":{"start":{"line":423,"column":2},"end":{"line":423,"column":8}},"loc":{"start":{"line":423,"column":37},"end":{"line":427,"column":3}}},"24":{"name":"(anonymous_25)","decl":{"start":{"line":429,"column":2},"end":{"line":429,"column":7}},"loc":{"start":{"line":429,"column":36},"end":{"line":433,"column":3}}},"25":{"name":"(anonymous_26)","decl":{"start":{"line":436,"column":2},"end":{"line":436,"column":4}},"loc":{"start":{"line":436,"column":63},"end":{"line":439,"column":3}}},"26":{"name":"(anonymous_27)","decl":{"start":{"line":441,"column":2},"end":{"line":441,"column":6}},"loc":{"start":{"line":441,"column":61},"end":{"line":444,"column":3}}},"27":{"name":"(anonymous_28)","decl":{"start":{"line":446,"column":2},"end":{"line":446,"column":16}},"loc":{"start":{"line":446,"column":50},"end":{"line":449,"column":3}}},"28":{"name":"(anonymous_29)","decl":{"start":{"line":451,"column":2},"end":{"line":451,"column":16}},"loc":{"start":{"line":451,"column":16},"end":{"line":457,"column":3}}},"29":{"name":"(anonymous_30)","decl":{"start":{"line":460,"column":9},"end":{"line":460,"column":20}},"loc":{"start":{"line":460,"column":9},"end":{"line":460,"column":22}}},"30":{"name":"(anonymous_31)","decl":{"start":{"line":460,"column":22},"end":{"line":460,"column":35}},"loc":{"start":{"line":460,"column":22},"end":{"line":460,"column":64}}},"31":{"name":"(anonymous_32)","decl":{"start":{"line":461,"column":9},"end":{"line":461,"column":22}},"loc":{"start":{"line":461,"column":9},"end":{"line":461,"column":62}}},"32":{"name":"(anonymous_33)","decl":{"start":{"line":463,"column":2},"end":{"line":463,"column":15}},"loc":{"start":{"line":463,"column":2},"end":{"line":463,"column":null}}},"33":{"name":"(anonymous_34)","decl":{"start":{"line":464,"column":2},"end":{"line":464,"column":12}},"loc":{"start":{"line":464,"column":2},"end":{"line":464,"column":null}}},"34":{"name":"(anonymous_35)","decl":{"start":{"line":465,"column":2},"end":{"line":465,"column":14}},"loc":{"start":{"line":465,"column":2},"end":{"line":465,"column":null}}},"35":{"name":"(anonymous_36)","decl":{"start":{"line":466,"column":2},"end":{"line":466,"column":21}},"loc":{"start":{"line":466,"column":2},"end":{"line":466,"column":null}}},"36":{"name":"(anonymous_37)","decl":{"start":{"line":468,"column":9},"end":{"line":468,"column":21}},"loc":{"start":{"line":468,"column":9},"end":{"line":468,"column":53}}},"37":{"name":"(anonymous_38)","decl":{"start":{"line":477,"column":9},"end":{"line":477,"column":20}},"loc":{"start":{"line":477,"column":9},"end":{"line":477,"column":56}}},"38":{"name":"(anonymous_39)","decl":{"start":{"line":483,"column":2},"end":{"line":483,"column":5}},"loc":{"start":{"line":483,"column":2},"end":{"line":483,"column":null}}},"39":{"name":"(anonymous_40)","decl":{"start":{"line":484,"column":2},"end":{"line":484,"column":6}},"loc":{"start":{"line":484,"column":2},"end":{"line":484,"column":null}}},"40":{"name":"(anonymous_41)","decl":{"start":{"line":485,"column":2},"end":{"line":485,"column":5}},"loc":{"start":{"line":485,"column":2},"end":{"line":485,"column":null}}},"41":{"name":"(anonymous_42)","decl":{"start":{"line":486,"column":2},"end":{"line":486,"column":7}},"loc":{"start":{"line":486,"column":2},"end":{"line":486,"column":null}}},"42":{"name":"(anonymous_43)","decl":{"start":{"line":487,"column":2},"end":{"line":487,"column":8}},"loc":{"start":{"line":487,"column":2},"end":{"line":487,"column":null}}},"43":{"name":"(anonymous_44)","decl":{"start":{"line":488,"column":2},"end":{"line":488,"column":13}},"loc":{"start":{"line":488,"column":2},"end":{"line":488,"column":null}}},"44":{"name":"(anonymous_45)","decl":{"start":{"line":491,"column":2},"end":{"line":491,"column":8}},"loc":{"start":{"line":491,"column":2},"end":{"line":491,"column":null}}},"45":{"name":"(anonymous_46)","decl":{"start":{"line":492,"column":2},"end":{"line":492,"column":8}},"loc":{"start":{"line":492,"column":2},"end":{"line":492,"column":null}}},"46":{"name":"(anonymous_47)","decl":{"start":{"line":493,"column":2},"end":{"line":493,"column":8}},"loc":{"start":{"line":493,"column":2},"end":{"line":493,"column":null}}},"47":{"name":"(anonymous_48)","decl":{"start":{"line":494,"column":2},"end":{"line":494,"column":8}},"loc":{"start":{"line":494,"column":2},"end":{"line":494,"column":null}}},"48":{"name":"(anonymous_49)","decl":{"start":{"line":495,"column":2},"end":{"line":495,"column":8}},"loc":{"start":{"line":495,"column":2},"end":{"line":495,"column":null}}},"49":{"name":"(anonymous_50)","decl":{"start":{"line":496,"column":2},"end":{"line":496,"column":14}},"loc":{"start":{"line":496,"column":2},"end":{"line":496,"column":null}}}},"branchMap":{"0":{"loc":{"start":{"line":147,"column":4},"end":{"line":202,"column":null}},"type":"if","locations":[{"start":{"line":147,"column":4},"end":{"line":202,"column":null}}]},"1":{"loc":{"start":{"line":148,"column":6},"end":{"line":150,"column":null}},"type":"if","locations":[{"start":{"line":148,"column":6},"end":{"line":150,"column":null}}]},"2":{"loc":{"start":{"line":152,"column":6},"end":{"line":154,"column":null}},"type":"if","locations":[{"start":{"line":152,"column":6},"end":{"line":154,"column":null}}]},"3":{"loc":{"start":{"line":156,"column":6},"end":{"line":158,"column":null}},"type":"if","locations":[{"start":{"line":156,"column":6},"end":{"line":158,"column":null}}]},"4":{"loc":{"start":{"line":160,"column":6},"end":{"line":162,"column":null}},"type":"if","locations":[{"start":{"line":160,"column":6},"end":{"line":162,"column":null}}]},"5":{"loc":{"start":{"line":164,"column":6},"end":{"line":166,"column":null}},"type":"if","locations":[{"start":{"line":164,"column":6},"end":{"line":166,"column":null}}]},"6":{"loc":{"start":{"line":168,"column":6},"end":{"line":170,"column":null}},"type":"if","locations":[{"start":{"line":168,"column":6},"end":{"line":170,"column":null}}]},"7":{"loc":{"start":{"line":172,"column":6},"end":{"line":181,"column":null}},"type":"if","locations":[{"start":{"line":172,"column":6},"end":{"line":181,"column":null}},{"start":{"line":174,"column":13},"end":{"line":181,"column":null}}]},"8":{"loc":{"start":{"line":183,"column":6},"end":{"line":185,"column":null}},"type":"if","locations":[{"start":{"line":183,"column":6},"end":{"line":185,"column":null}}]},"9":{"loc":{"start":{"line":187,"column":6},"end":{"line":189,"column":null}},"type":"if","locations":[{"start":{"line":187,"column":6},"end":{"line":189,"column":null}}]},"10":{"loc":{"start":{"line":191,"column":6},"end":{"line":193,"column":null}},"type":"if","locations":[{"start":{"line":191,"column":6},"end":{"line":193,"column":null}}]},"11":{"loc":{"start":{"line":195,"column":6},"end":{"line":197,"column":null}},"type":"if","locations":[{"start":{"line":195,"column":6},"end":{"line":197,"column":null}}]},"12":{"loc":{"start":{"line":199,"column":6},"end":{"line":201,"column":null}},"type":"if","locations":[{"start":{"line":199,"column":6},"end":{"line":201,"column":null}}]},"13":{"loc":{"start":{"line":207,"column":4},"end":{"line":214,"column":null}},"type":"if","locations":[{"start":{"line":207,"column":4},"end":{"line":214,"column":null}}]},"14":{"loc":{"start":{"line":207,"column":8},"end":{"line":207,"column":56}},"type":"binary-expr","locations":[{"start":{"line":207,"column":8},"end":{"line":207,"column":27}},{"start":{"line":207,"column":31},"end":{"line":207,"column":56}}]},"15":{"loc":{"start":{"line":210,"column":6},"end":{"line":213,"column":null}},"type":"if","locations":[{"start":{"line":210,"column":6},"end":{"line":213,"column":null}}]},"16":{"loc":{"start":{"line":242,"column":4},"end":{"line":246,"column":null}},"type":"if","locations":[{"start":{"line":242,"column":4},"end":{"line":246,"column":null}},{"start":{"line":244,"column":11},"end":{"line":246,"column":null}}]},"17":{"loc":{"start":{"line":248,"column":4},"end":{"line":277,"column":null}},"type":"if","locations":[{"start":{"line":248,"column":4},"end":{"line":277,"column":null}},{"start":{"line":260,"column":11},"end":{"line":277,"column":null}}]},"18":{"loc":{"start":{"line":248,"column":8},"end":{"line":248,"column":72}},"type":"binary-expr","locations":[{"start":{"line":248,"column":8},"end":{"line":248,"column":31}},{"start":{"line":248,"column":35},"end":{"line":248,"column":72}}]},"19":{"loc":{"start":{"line":260,"column":11},"end":{"line":277,"column":null}},"type":"if","locations":[{"start":{"line":260,"column":11},"end":{"line":277,"column":null}},{"start":{"line":275,"column":11},"end":{"line":277,"column":null}}]},"20":{"loc":{"start":{"line":353,"column":4},"end":{"line":357,"column":null}},"type":"if","locations":[{"start":{"line":353,"column":4},"end":{"line":357,"column":null}}]},"21":{"loc":{"start":{"line":370,"column":4},"end":{"line":381,"column":null}},"type":"if","locations":[{"start":{"line":370,"column":4},"end":{"line":381,"column":null}},{"start":{"line":372,"column":11},"end":{"line":381,"column":null}}]},"22":{"loc":{"start":{"line":370,"column":8},"end":{"line":370,"column":72}},"type":"binary-expr","locations":[{"start":{"line":370,"column":8},"end":{"line":370,"column":39}},{"start":{"line":370,"column":43},"end":{"line":370,"column":72}}]},"23":{"loc":{"start":{"line":372,"column":11},"end":{"line":381,"column":null}},"type":"if","locations":[{"start":{"line":372,"column":11},"end":{"line":381,"column":null}},{"start":{"line":375,"column":11},"end":{"line":381,"column":null}}]},"24":{"loc":{"start":{"line":375,"column":11},"end":{"line":381,"column":null}},"type":"if","locations":[{"start":{"line":375,"column":11},"end":{"line":381,"column":null}},{"start":{"line":379,"column":11},"end":{"line":381,"column":null}}]},"25":{"loc":{"start":{"line":385,"column":4},"end":{"line":394,"column":null}},"type":"if","locations":[{"start":{"line":385,"column":4},"end":{"line":394,"column":null}},{"start":{"line":388,"column":11},"end":{"line":394,"column":null}}]},"26":{"loc":{"start":{"line":388,"column":11},"end":{"line":394,"column":null}},"type":"if","locations":[{"start":{"line":388,"column":11},"end":{"line":394,"column":null}},{"start":{"line":392,"column":11},"end":{"line":394,"column":null}}]},"27":{"loc":{"start":{"line":452,"column":4},"end":{"line":454,"column":null}},"type":"if","locations":[{"start":{"line":452,"column":4},"end":{"line":454,"column":null}}]}},"s":{"0":1,"1":1,"2":1,"3":1,"4":1,"5":7,"6":1,"7":1,"8":1,"9":13,"10":1,"11":1,"12":1,"13":1,"14":1,"15":1,"16":17,"17":17,"18":17,"19":17,"20":0,"21":1,"22":17,"23":17,"24":17,"25":17,"26":17,"27":17,"28":17,"29":17,"30":17,"31":17,"32":17,"33":17,"34":17,"35":17,"36":17,"37":17,"38":6,"39":5,"40":6,"41":0,"42":6,"43":0,"44":6,"45":0,"46":6,"47":0,"48":6,"49":0,"50":6,"51":0,"52":6,"53":6,"54":6,"55":6,"56":0,"57":6,"58":0,"59":6,"60":0,"61":6,"62":0,"63":17,"64":17,"65":17,"66":5,"67":5,"68":5,"69":5,"70":17,"71":6,"72":3,"73":5,"74":0,"75":0,"76":0,"77":9,"78":8,"79":1,"80":9,"81":5,"82":5,"83":5,"84":6,"85":6,"86":6,"87":4,"88":4,"89":4,"90":4,"91":7,"92":7,"93":7,"94":0,"95":13,"96":13,"97":13,"98":13,"99":13,"100":13,"101":13,"102":12,"103":12,"104":12,"105":12,"106":12,"107":12,"108":12,"109":13,"110":13,"111":5,"112":5,"113":13,"114":13,"115":13,"116":13,"117":13,"118":13,"119":13,"120":13,"121":2,"122":4,"123":4,"124":4,"125":0,"126":0,"127":0,"128":5,"129":0,"130":5,"131":1,"132":1,"133":4,"134":2,"135":2,"136":2,"137":2,"138":3,"139":1,"140":1,"141":2,"142":2,"143":2,"144":2,"145":0,"146":1,"147":1,"148":1,"149":0,"150":0,"151":0,"152":0,"153":6,"154":6,"155":3,"156":3,"157":0,"158":0,"159":0,"160":0,"161":0,"162":1,"163":1,"164":1,"165":2,"166":1,"167":5,"168":1,"169":5,"170":28,"171":7,"172":6,"173":1,"174":1,"175":1,"176":3,"177":1,"178":4,"179":3,"180":1,"181":1,"182":1,"183":4,"184":1,"185":6,"186":1,"187":2,"188":1,"189":1,"190":4,"191":1},"f":{"0":0,"1":6,"2":12,"3":17,"4":17,"5":6,"6":3,"7":5,"8":0,"9":9,"10":13,"11":5,"12":2,"13":4,"14":4,"15":0,"16":0,"17":5,"18":3,"19":1,"20":1,"21":0,"22":0,"23":0,"24":0,"25":6,"26":3,"27":0,"28":0,"29":0,"30":1,"31":4,"32":4,"33":27,"34":6,"35":5,"36":0,"37":2,"38":3,"39":2,"40":0,"41":0,"42":0,"43":3,"44":5,"45":0,"46":1,"47":0,"48":0,"49":3},"b":{"0":[6],"1":[5],"2":[0],"3":[0],"4":[0],"5":[0],"6":[0],"7":[0,6],"8":[6],"9":[0],"10":[0],"11":[0],"12":[0],"13":[5],"14":[17,17],"15":[5],"16":[8,1],"17":[5,4],"18":[9,9],"19":[4,0],"20":[4],"21":[0,5],"22":[5,5],"23":[1,4],"24":[2,2],"25":[1,2],"26":[2,0],"27":[0]}}
,"/home/assis/Projetos/cogup/fastapi/src/decorators/handlers.ts": {"path":"/home/assis/Projetos/cogup/fastapi/src/decorators/handlers.ts","statementMap":{"0":{"start":{"line":1,"column":0},"end":{"line":1,"column":59}},"1":{"start":{"line":2,"column":0},"end":{"line":2,"column":66}},"2":{"start":{"line":4,"column":0},"end":{"line":4,"column":26}},"3":{"start":{"line":6,"column":0},"end":{"line":6,"column":56}},"4":{"start":{"line":17,"column":2},"end":{"line":29,"column":4}},"5":{"start":{"line":18,"column":4},"end":{"line":26,"column":6}},"6":{"start":{"line":28,"column":4},"end":{"line":28,"column":22}},"7":{"start":{"line":35,"column":2},"end":{"line":37,"column":null}},"8":{"start":{"line":36,"column":4},"end":{"line":36,"column":24}},"9":{"start":{"line":39,"column":2},"end":{"line":41,"column":null}},"10":{"start":{"line":40,"column":4},"end":{"line":40,"column":29}},"11":{"start":{"line":43,"column":2},"end":{"line":43,"column":27}},"12":{"start":{"line":34,"column":0},"end":{"line":34,"column":16}},"13":{"start":{"line":47,"column":2},"end":{"line":47,"column":66}},"14":{"start":{"line":46,"column":0},"end":{"line":46,"column":16}},"15":{"start":{"line":51,"column":2},"end":{"line":51,"column":67}},"16":{"start":{"line":50,"column":0},"end":{"line":50,"column":16}},"17":{"start":{"line":55,"column":2},"end":{"line":55,"column":67}},"18":{"start":{"line":54,"column":0},"end":{"line":54,"column":16}},"19":{"start":{"line":59,"column":2},"end":{"line":59,"column":66}},"20":{"start":{"line":58,"column":0},"end":{"line":58,"column":16}},"21":{"start":{"line":63,"column":2},"end":{"line":63,"column":66}},"22":{"start":{"line":62,"column":0},"end":{"line":62,"column":16}},"23":{"start":{"line":70,"column":16},"end":{"line":70,"column":43}},"24":{"start":{"line":72,"column":2},"end":{"line":77,"column":null}},"25":{"start":{"line":76,"column":4},"end":{"line":76,"column":22}},"26":{"start":{"line":79,"column":2},"end":{"line":79,"column":22}},"27":{"start":{"line":66,"column":0},"end":{"line":66,"column":16}},"28":{"start":{"line":90,"column":31},"end":{"line":90,"column":33}},"29":{"start":{"line":91,"column":30},"end":{"line":92,"column":null}},"30":{"start":{"line":95,"column":4},"end":{"line":115,"column":null}},"31":{"start":{"line":96,"column":22},"end":{"line":99,"column":null}},"32":{"start":{"line":103,"column":6},"end":{"line":114,"column":null}},"33":{"start":{"line":104,"column":21},"end":{"line":106,"column":null}},"34":{"start":{"line":109,"column":8},"end":{"line":111,"column":null}},"35":{"start":{"line":110,"column":10},"end":{"line":110,"column":30}},"36":{"start":{"line":113,"column":8},"end":{"line":113,"column":80}},"37":{"start":{"line":117,"column":4},"end":{"line":117,"column":20}},"38":{"start":{"line":82,"column":0},"end":{"line":82,"column":13}}},"fnMap":{"0":{"name":"innerHandlerDecorator","decl":{"start":{"line":13,"column":9},"end":{"line":13,"column":30}},"loc":{"start":{"line":15,"column":38},"end":{"line":30,"column":1}}},"1":{"name":"(anonymous_1)","decl":{"start":{"line":17,"column":9},"end":{"line":17,"column":19}},"loc":{"start":{"line":17,"column":75},"end":{"line":29,"column":3}}},"2":{"name":"getResourceName","decl":{"start":{"line":34,"column":16},"end":{"line":34,"column":31}},"loc":{"start":{"line":34,"column":59},"end":{"line":44,"column":1}}},"3":{"name":"Create","decl":{"start":{"line":46,"column":16},"end":{"line":46,"column":22}},"loc":{"start":{"line":46,"column":45},"end":{"line":48,"column":1}}},"4":{"name":"GetAll","decl":{"start":{"line":50,"column":16},"end":{"line":50,"column":22}},"loc":{"start":{"line":50,"column":45},"end":{"line":52,"column":1}}},"5":{"name":"GetOne","decl":{"start":{"line":54,"column":16},"end":{"line":54,"column":22}},"loc":{"start":{"line":54,"column":45},"end":{"line":56,"column":1}}},"6":{"name":"Update","decl":{"start":{"line":58,"column":16},"end":{"line":58,"column":22}},"loc":{"start":{"line":58,"column":45},"end":{"line":60,"column":1}}},"7":{"name":"Remove","decl":{"start":{"line":62,"column":16},"end":{"line":62,"column":22}},"loc":{"start":{"line":62,"column":45},"end":{"line":64,"column":1}}},"8":{"name":"getPathByMethod","decl":{"start":{"line":66,"column":16},"end":{"line":66,"column":31}},"loc":{"start":{"line":68,"column":27},"end":{"line":80,"column":1}}},"9":{"name":"(anonymous_9)","decl":{"start":{"line":87,"column":2},"end":{"line":87,"column":8}},"loc":{"start":{"line":87,"column":25},"end":{"line":87,"column":29}}},"10":{"name":"(anonymous_10)","decl":{"start":{"line":89,"column":2},"end":{"line":89,"column":13}},"loc":{"start":{"line":89,"column":13},"end":{"line":118,"column":3}}}},"branchMap":{"0":{"loc":{"start":{"line":35,"column":2},"end":{"line":37,"column":null}},"type":"if","locations":[{"start":{"line":35,"column":2},"end":{"line":37,"column":null}}]},"1":{"loc":{"start":{"line":39,"column":2},"end":{"line":41,"column":null}},"type":"if","locations":[{"start":{"line":39,"column":2},"end":{"line":41,"column":null}}]},"2":{"loc":{"start":{"line":72,"column":2},"end":{"line":77,"column":null}},"type":"if","locations":[{"start":{"line":72,"column":2},"end":{"line":77,"column":null}}]},"3":{"loc":{"start":{"line":73,"column":4},"end":{"line":74,"column":40}},"type":"binary-expr","locations":[{"start":{"line":73,"column":4},"end":{"line":73,"column":39}},{"start":{"line":74,"column":4},"end":{"line":74,"column":40}}]},"4":{"loc":{"start":{"line":103,"column":6},"end":{"line":114,"column":null}},"type":"if","locations":[{"start":{"line":103,"column":6},"end":{"line":114,"column":null}}]},"5":{"loc":{"start":{"line":109,"column":8},"end":{"line":111,"column":null}},"type":"if","locations":[{"start":{"line":109,"column":8},"end":{"line":111,"column":null}}]}},"s":{"0":1,"1":1,"2":1,"3":1,"4":6,"5":6,"6":6,"7":6,"8":0,"9":6,"10":0,"11":6,"12":1,"13":5,"14":1,"15":0,"16":1,"17":1,"18":1,"19":0,"20":1,"21":0,"22":1,"23":6,"24":6,"25":5,"26":1,"27":1,"28":3,"29":3,"30":3,"31":10,"32":10,"33":6,"34":6,"35":6,"36":6,"37":3,"38":1},"f":{"0":6,"1":6,"2":6,"3":5,"4":0,"5":1,"6":0,"7":0,"8":6,"9":0,"10":3},"b":{"0":[0],"1":[0],"2":[5],"3":[6,1],"4":[6],"5":[6]}}
,"/home/assis/Projetos/cogup/fastapi/src/decorators/routes.ts": {"path":"/home/assis/Projetos/cogup/fastapi/src/decorators/routes.ts","statementMap":{"0":{"start":{"line":2,"column":0},"end":{"line":2,"column":57}},"1":{"start":{"line":3,"column":0},"end":{"line":3,"column":26}},"2":{"start":{"line":16,"column":2},"end":{"line":20,"column":null}},"3":{"start":{"line":17,"column":4},"end":{"line":19,"column":15}},"4":{"start":{"line":21,"column":2},"end":{"line":33,"column":4}},"5":{"start":{"line":22,"column":4},"end":{"line":30,"column":6}},"6":{"start":{"line":32,"column":4},"end":{"line":32,"column":22}},"7":{"start":{"line":37,"column":2},"end":{"line":37,"column":53}},"8":{"start":{"line":36,"column":0},"end":{"line":36,"column":16}},"9":{"start":{"line":41,"column":2},"end":{"line":41,"column":54}},"10":{"start":{"line":40,"column":0},"end":{"line":40,"column":16}},"11":{"start":{"line":45,"column":2},"end":{"line":45,"column":53}},"12":{"start":{"line":44,"column":0},"end":{"line":44,"column":16}},"13":{"start":{"line":49,"column":2},"end":{"line":49,"column":56}},"14":{"start":{"line":48,"column":0},"end":{"line":48,"column":16}},"15":{"start":{"line":53,"column":2},"end":{"line":53,"column":55}},"16":{"start":{"line":52,"column":0},"end":{"line":52,"column":16}},"17":{"start":{"line":64,"column":27},"end":{"line":64,"column":29}},"18":{"start":{"line":65,"column":30},"end":{"line":66,"column":null}},"19":{"start":{"line":69,"column":4},"end":{"line":89,"column":null}},"20":{"start":{"line":70,"column":20},"end":{"line":73,"column":null}},"21":{"start":{"line":77,"column":6},"end":{"line":88,"column":null}},"22":{"start":{"line":78,"column":8},"end":{"line":80,"column":null}},"23":{"start":{"line":79,"column":10},"end":{"line":79,"column":40}},"24":{"start":{"line":82,"column":34},"end":{"line":82,"column":45}},"25":{"start":{"line":84,"column":8},"end":{"line":87,"column":10}},"26":{"start":{"line":91,"column":4},"end":{"line":91,"column":18}},"27":{"start":{"line":56,"column":0},"end":{"line":56,"column":13}}},"fnMap":{"0":{"name":"innerRoutesDecorator","decl":{"start":{"line":15,"column":9},"end":{"line":15,"column":29}},"loc":{"start":{"line":15,"column":75},"end":{"line":34,"column":1}}},"1":{"name":"(anonymous_1)","decl":{"start":{"line":21,"column":9},"end":{"line":21,"column":19}},"loc":{"start":{"line":21,"column":75},"end":{"line":33,"column":3}}},"2":{"name":"Get","decl":{"start":{"line":36,"column":16},"end":{"line":36,"column":19}},"loc":{"start":{"line":36,"column":41},"end":{"line":38,"column":1}}},"3":{"name":"Post","decl":{"start":{"line":40,"column":16},"end":{"line":40,"column":20}},"loc":{"start":{"line":40,"column":42},"end":{"line":42,"column":1}}},"4":{"name":"Put","decl":{"start":{"line":44,"column":16},"end":{"line":44,"column":19}},"loc":{"start":{"line":44,"column":41},"end":{"line":46,"column":1}}},"5":{"name":"Delete","decl":{"start":{"line":48,"column":16},"end":{"line":48,"column":22}},"loc":{"start":{"line":48,"column":44},"end":{"line":50,"column":1}}},"6":{"name":"Patch","decl":{"start":{"line":52,"column":16},"end":{"line":52,"column":21}},"loc":{"start":{"line":52,"column":43},"end":{"line":54,"column":1}}},"7":{"name":"(anonymous_7)","decl":{"start":{"line":61,"column":2},"end":{"line":61,"column":8}},"loc":{"start":{"line":61,"column":25},"end":{"line":61,"column":29}}},"8":{"name":"(anonymous_8)","decl":{"start":{"line":63,"column":2},"end":{"line":63,"column":11}},"loc":{"start":{"line":63,"column":11},"end":{"line":92,"column":3}}}},"branchMap":{"0":{"loc":{"start":{"line":16,"column":2},"end":{"line":20,"column":null}},"type":"if","locations":[{"start":{"line":16,"column":2},"end":{"line":20,"column":null}}]},"1":{"loc":{"start":{"line":77,"column":6},"end":{"line":88,"column":null}},"type":"if","locations":[{"start":{"line":77,"column":6},"end":{"line":88,"column":null}}]},"2":{"loc":{"start":{"line":78,"column":8},"end":{"line":80,"column":null}},"type":"if","locations":[{"start":{"line":78,"column":8},"end":{"line":80,"column":null}}]}},"s":{"0":1,"1":1,"2":5,"3":3,"4":5,"5":5,"6":5,"7":3,"8":1,"9":2,"10":1,"11":0,"12":1,"13":0,"14":1,"15":0,"16":1,"17":3,"18":3,"19":3,"20":10,"21":10,"22":5,"23":3,"24":5,"25":5,"26":3,"27":1},"f":{"0":5,"1":5,"2":3,"3":2,"4":0,"5":0,"6":0,"7":1,"8":3},"b":{"0":[3],"1":[5],"2":[3]}}
,"/home/assis/Projetos/cogup/fastapi/src/dicts/pt_BR.ts": {"path":"/home/assis/Projetos/cogup/fastapi/src/dicts/pt_BR.ts","statementMap":{"0":{"start":{"line":1,"column":0},"end":{"line":127,"column":31}}},"fnMap":{},"branchMap":{},"s":{"0":1},"f":{},"b":{}}
,"/home/assis/Projetos/cogup/fastapi/src/middle/serve.ts": {"path":"/home/assis/Projetos/cogup/fastapi/src/middle/serve.ts","statementMap":{"0":{"start":{"line":1,"column":0},"end":{"line":1,"column":51}},"1":{"start":{"line":3,"column":0},"end":{"line":12,"column":2}},"2":{"start":{"line":4,"column":31},"end":{"line":4,"column":56}},"3":{"start":{"line":7,"column":2},"end":{"line":9,"column":5}},"4":{"start":{"line":11,"column":2},"end":{"line":11,"column":13}}},"fnMap":{"0":{"name":"(anonymous_1)","decl":{"start":{"line":3,"column":15},"end":{"line":3,"column":18}},"loc":{"start":{"line":3,"column":20},"end":{"line":12,"column":1}}}},"branchMap":{},"s":{"0":1,"1":1,"2":17,"3":17,"4":17},"f":{"0":17},"b":{}}
,"/home/assis/Projetos/cogup/fastapi/src/resources/events.ts": {"path":"/home/assis/Projetos/cogup/fastapi/src/resources/events.ts","statementMap":{"0":{"start":{"line":28,"column":37},"end":{"line":28,"column":39}},"1":{"start":{"line":38,"column":4},"end":{"line":38,"column":79}},"2":{"start":{"line":40,"column":2},"end":{"line":40,"column":29}},"3":{"start":{"line":54,"column":16},"end":{"line":54,"column":47}},"4":{"start":{"line":56,"column":2},"end":{"line":58,"column":null}},"5":{"start":{"line":57,"column":4},"end":{"line":57,"column":30}},"6":{"start":{"line":60,"column":2},"end":{"line":60,"column":38}},"7":{"start":{"line":49,"column":0},"end":{"line":49,"column":16}},"8":{"start":{"line":76,"column":16},"end":{"line":76,"column":47}},"9":{"start":{"line":78,"column":2},"end":{"line":82,"column":null}},"10":{"start":{"line":79,"column":4},"end":{"line":81,"column":7}},"11":{"start":{"line":80,"column":6},"end":{"line":80,"column":26}},"12":{"start":{"line":70,"column":0},"end":{"line":70,"column":16}},"13":{"start":{"line":91,"column":16},"end":{"line":91,"column":47}},"14":{"start":{"line":93,"column":2},"end":{"line":95,"column":null}},"15":{"start":{"line":94,"column":4},"end":{"line":94,"column":32}},"16":{"start":{"line":90,"column":0},"end":{"line":90,"column":16}},"17":{"start":{"line":104,"column":2},"end":{"line":106,"column":null}},"18":{"start":{"line":105,"column":4},"end":{"line":105,"column":30}},"19":{"start":{"line":108,"column":2},"end":{"line":108,"column":38}},"20":{"start":{"line":103,"column":0},"end":{"line":103,"column":16}},"21":{"start":{"line":118,"column":2},"end":{"line":122,"column":null}},"22":{"start":{"line":119,"column":4},"end":{"line":121,"column":7}},"23":{"start":{"line":120,"column":6},"end":{"line":120,"column":26}},"24":{"start":{"line":117,"column":0},"end":{"line":117,"column":16}},"25":{"start":{"line":130,"column":2},"end":{"line":132,"column":null}},"26":{"start":{"line":131,"column":4},"end":{"line":131,"column":32}},"27":{"start":{"line":129,"column":0},"end":{"line":129,"column":16}},"28":{"start":{"line":139,"column":2},"end":{"line":141,"column":5}},"29":{"start":{"line":140,"column":4},"end":{"line":140,"column":32}},"30":{"start":{"line":138,"column":0},"end":{"line":138,"column":16}},"31":{"start":{"line":149,"column":2},"end":{"line":149,"column":23}},"32":{"start":{"line":148,"column":0},"end":{"line":148,"column":16}},"33":{"start":{"line":157,"column":2},"end":{"line":157,"column":36}},"34":{"start":{"line":156,"column":0},"end":{"line":156,"column":16}},"35":{"start":{"line":166,"column":2},"end":{"line":166,"column":30}},"36":{"start":{"line":165,"column":0},"end":{"line":165,"column":16}},"37":{"start":{"line":175,"column":2},"end":{"line":175,"column":35}},"38":{"start":{"line":174,"column":0},"end":{"line":174,"column":16}}},"fnMap":{"0":{"name":"resolveEventName","decl":{"start":{"line":36,"column":9},"end":{"line":36,"column":25}},"loc":{"start":{"line":36,"column":55},"end":{"line":41,"column":1}}},"1":{"name":"onAction","decl":{"start":{"line":49,"column":16},"end":{"line":49,"column":24}},"loc":{"start":{"line":52,"column":25},"end":{"line":61,"column":1}}},"2":{"name":"emitAction","decl":{"start":{"line":70,"column":16},"end":{"line":70,"column":26}},"loc":{"start":{"line":74,"column":12},"end":{"line":83,"column":1}}},"3":{"name":"(anonymous_3)","decl":{"start":{"line":79,"column":33},"end":{"line":79,"column":34}},"loc":{"start":{"line":79,"column":46},"end":{"line":81,"column":5}}},"4":{"name":"removeAction","decl":{"start":{"line":90,"column":16},"end":{"line":90,"column":28}},"loc":{"start":{"line":90,"column":58},"end":{"line":96,"column":1}}},"5":{"name":"on","decl":{"start":{"line":103,"column":16},"end":{"line":103,"column":18}},"loc":{"start":{"line":103,"column":57},"end":{"line":109,"column":1}}},"6":{"name":"emit","decl":{"start":{"line":117,"column":16},"end":{"line":117,"column":20}},"loc":{"start":{"line":117,"column":56},"end":{"line":123,"column":1}}},"7":{"name":"(anonymous_7)","decl":{"start":{"line":119,"column":33},"end":{"line":119,"column":34}},"loc":{"start":{"line":119,"column":46},"end":{"line":121,"column":5}}},"8":{"name":"remove","decl":{"start":{"line":129,"column":16},"end":{"line":129,"column":22}},"loc":{"start":{"line":129,"column":36},"end":{"line":133,"column":1}}},"9":{"name":"removeAll","decl":{"start":{"line":138,"column":16},"end":{"line":138,"column":25}},"loc":{"start":{"line":138,"column":25},"end":{"line":142,"column":1}}},"10":{"name":"(anonymous_10)","decl":{"start":{"line":139,"column":37},"end":{"line":139,"column":38}},"loc":{"start":{"line":139,"column":47},"end":{"line":141,"column":3}}},"11":{"name":"getEventsStorage","decl":{"start":{"line":148,"column":16},"end":{"line":148,"column":32}},"loc":{"start":{"line":148,"column":32},"end":{"line":150,"column":1}}},"12":{"name":"getEvents","decl":{"start":{"line":156,"column":16},"end":{"line":156,"column":25}},"loc":{"start":{"line":156,"column":25},"end":{"line":158,"column":1}}},"13":{"name":"getEventCallbacks","decl":{"start":{"line":165,"column":16},"end":{"line":165,"column":33}},"loc":{"start":{"line":165,"column":47},"end":{"line":167,"column":1}}},"14":{"name":"getEventCallback","decl":{"start":{"line":174,"column":16},"end":{"line":174,"column":32}},"loc":{"start":{"line":174,"column":46},"end":{"line":176,"column":1}}}},"branchMap":{"0":{"loc":{"start":{"line":38,"column":4},"end":{"line":38,"column":79}},"type":"cond-expr","locations":[{"start":{"line":38,"column":32},"end":{"line":38,"column":37}},{"start":{"line":38,"column":40},"end":{"line":38,"column":79}}]},"1":{"loc":{"start":{"line":56,"column":2},"end":{"line":58,"column":null}},"type":"if","locations":[{"start":{"line":56,"column":2},"end":{"line":58,"column":null}}]},"2":{"loc":{"start":{"line":78,"column":2},"end":{"line":82,"column":null}},"type":"if","locations":[{"start":{"line":78,"column":2},"end":{"line":82,"column":null}}]},"3":{"loc":{"start":{"line":93,"column":2},"end":{"line":95,"column":null}},"type":"if","locations":[{"start":{"line":93,"column":2},"end":{"line":95,"column":null}}]},"4":{"loc":{"start":{"line":104,"column":2},"end":{"line":106,"column":null}},"type":"if","locations":[{"start":{"line":104,"column":2},"end":{"line":106,"column":null}}]},"5":{"loc":{"start":{"line":118,"column":2},"end":{"line":122,"column":null}},"type":"if","locations":[{"start":{"line":118,"column":2},"end":{"line":122,"column":null}}]},"6":{"loc":{"start":{"line":130,"column":2},"end":{"line":132,"column":null}},"type":"if","locations":[{"start":{"line":130,"column":2},"end":{"line":132,"column":null}}]}},"s":{"0":1,"1":17,"2":17,"3":6,"4":6,"5":5,"6":6,"7":1,"8":11,"9":11,"10":6,"11":7,"12":1,"13":0,"14":0,"15":0,"16":1,"17":0,"18":0,"19":0,"20":1,"21":0,"22":0,"23":0,"24":1,"25":0,"26":0,"27":1,"28":0,"29":0,"30":1,"31":0,"32":1,"33":0,"34":1,"35":0,"36":1,"37":0,"38":1},"f":{"0":17,"1":6,"2":11,"3":7,"4":0,"5":0,"6":0,"7":0,"8":0,"9":0,"10":0,"11":0,"12":0,"13":0,"14":0},"b":{"0":[5,12],"1":[5],"2":[6],"3":[0],"4":[0],"5":[0],"6":[0]}}
,"/home/assis/Projetos/cogup/fastapi/src/resources/openapi/dataTypes.ts": {"path":"/home/assis/Projetos/cogup/fastapi/src/resources/openapi/dataTypes.ts","statementMap":{"0":{"start":{"line":8,"column":13},"end":{"line":104,"column":2}},"1":{"start":{"line":106,"column":27},"end":{"line":136,"column":1}},"2":{"start":{"line":107,"column":23},"end":{"line":107,"column":47}},"3":{"start":{"line":108,"column":2},"end":{"line":133,"column":null}},"4":{"start":{"line":109,"column":23},"end":{"line":109,"column":51}},"5":{"start":{"line":111,"column":4},"end":{"line":130,"column":null}},"6":{"start":{"line":112,"column":22},"end":{"line":112,"column":49}},"7":{"start":{"line":113,"column":19},"end":{"line":113,"column":29}},"8":{"start":{"line":114,"column":27},"end":{"line":114,"column":55}},"9":{"start":{"line":116,"column":24},"end":{"line":116,"column":59}},"10":{"start":{"line":118,"column":29},"end":{"line":118,"column":44}},"11":{"start":{"line":120,"column":6},"end":{"line":129,"column":null}},"12":{"start":{"line":121,"column":8},"end":{"line":126,"column":null}},"13":{"start":{"line":122,"column":10},"end":{"line":125,"column":12}},"14":{"start":{"line":128,"column":8},"end":{"line":128,"column":30}},"15":{"start":{"line":132,"column":4},"end":{"line":132,"column":59}},"16":{"start":{"line":135,"column":2},"end":{"line":135,"column":22}},"17":{"start":{"line":106,"column":13},"end":{"line":106,"column":27}}},"fnMap":{"0":{"name":"(anonymous_0)","decl":{"start":{"line":106,"column":27},"end":{"line":106,"column":28}},"loc":{"start":{"line":106,"column":53},"end":{"line":136,"column":1}}}},"branchMap":{"0":{"loc":{"start":{"line":108,"column":2},"end":{"line":133,"column":null}},"type":"if","locations":[{"start":{"line":108,"column":2},"end":{"line":133,"column":null}}]},"1":{"loc":{"start":{"line":111,"column":4},"end":{"line":130,"column":null}},"type":"if","locations":[{"start":{"line":111,"column":4},"end":{"line":130,"column":null}}]},"2":{"loc":{"start":{"line":116,"column":24},"end":{"line":116,"column":59}},"type":"binary-expr","locations":[{"start":{"line":116,"column":24},"end":{"line":116,"column":46}},{"start":{"line":116,"column":50},"end":{"line":116,"column":59}}]},"3":{"loc":{"start":{"line":120,"column":6},"end":{"line":129,"column":null}},"type":"if","locations":[{"start":{"line":120,"column":6},"end":{"line":129,"column":null}}]},"4":{"loc":{"start":{"line":121,"column":8},"end":{"line":126,"column":null}},"type":"if","locations":[{"start":{"line":121,"column":8},"end":{"line":126,"column":null}}]},"5":{"loc":{"start":{"line":121,"column":12},"end":{"line":121,"column":57}},"type":"binary-expr","locations":[{"start":{"line":121,"column":12},"end":{"line":121,"column":30}},{"start":{"line":121,"column":34},"end":{"line":121,"column":57}}]}},"s":{"0":1,"1":1,"2":45,"3":45,"4":0,"5":0,"6":0,"7":0,"8":0,"9":0,"10":0,"11":0,"12":0,"13":0,"14":0,"15":0,"16":45,"17":1},"f":{"0":45},"b":{"0":[0],"1":[0],"2":[0,0],"3":[0],"4":[0],"5":[0,0]}}
,"/home/assis/Projetos/cogup/fastapi/src/resources/openapi/doc.ts": {"path":"/home/assis/Projetos/cogup/fastapi/src/resources/openapi/doc.ts","statementMap":{"0":{"start":{"line":1,"column":0},"end":{"line":1,"column":50}},"1":{"start":{"line":32,"column":27},"end":{"line":38,"column":4}},"2":{"start":{"line":40,"column":2},"end":{"line":40,"column":42}},"3":{"start":{"line":31,"column":0},"end":{"line":31,"column":16}},"4":{"start":{"line":43,"column":21},"end":{"line":53,"column":1}},"5":{"start":{"line":44,"column":2},"end":{"line":50,"column":5}},"6":{"start":{"line":45,"column":4},"end":{"line":49,"column":6}},"7":{"start":{"line":52,"column":2},"end":{"line":52,"column":17}}},"fnMap":{"0":{"name":"createFullDoc","decl":{"start":{"line":31,"column":16},"end":{"line":31,"column":29}},"loc":{"start":{"line":31,"column":43},"end":{"line":41,"column":1}}},"1":{"name":"(anonymous_1)","decl":{"start":{"line":43,"column":21},"end":{"line":43,"column":22}},"loc":{"start":{"line":43,"column":57},"end":{"line":53,"column":1}}},"2":{"name":"(anonymous_2)","decl":{"start":{"line":44,"column":31},"end":{"line":44,"column":32}},"loc":{"start":{"line":44,"column":40},"end":{"line":50,"column":3}}}},"branchMap":{"0":{"loc":{"start":{"line":47,"column":13},"end":{"line":47,"column":59}},"type":"binary-expr","locations":[{"start":{"line":47,"column":13},"end":{"line":47,"column":32}},{"start":{"line":47,"column":36},"end":{"line":47,"column":59}}]}},"s":{"0":1,"1":13,"2":13,"3":1,"4":1,"5":13,"6":55,"7":13},"f":{"0":13,"1":13,"2":55},"b":{"0":[55,55]}}
,"/home/assis/Projetos/cogup/fastapi/src/resources/openapi/index.ts": {"path":"/home/assis/Projetos/cogup/fastapi/src/resources/openapi/index.ts","statementMap":{"0":{"start":{"line":2,"column":0},"end":{"line":2,"column":42}},"1":{"start":{"line":4,"column":0},"end":{"line":4,"column":44}},"2":{"start":{"line":5,"column":0},"end":{"line":5,"column":59}},"3":{"start":{"line":44,"column":20},"end":{"line":54,"column":1}},"4":{"start":{"line":45,"column":23},"end":{"line":45,"column":41}},"5":{"start":{"line":47,"column":2},"end":{"line":53,"column":5}},"6":{"start":{"line":48,"column":4},"end":{"line":50,"column":null}},"7":{"start":{"line":49,"column":6},"end":{"line":49,"column":48}},"8":{"start":{"line":52,"column":4},"end":{"line":52,"column":15}},"9":{"start":{"line":56,"column":23},"end":{"line":75,"column":1}},"10":{"start":{"line":60,"column":42},"end":{"line":60,"column":44}},"11":{"start":{"line":62,"column":2},"end":{"line":72,"column":5}},"12":{"start":{"line":63,"column":22},"end":{"line":63,"column":37}},"13":{"start":{"line":65,"column":4},"end":{"line":65,"column":27}},"14":{"start":{"line":67,"column":4},"end":{"line":69,"column":null}},"15":{"start":{"line":68,"column":6},"end":{"line":68,"column":13}},"16":{"start":{"line":71,"column":4},"end":{"line":71,"column":31}},"17":{"start":{"line":74,"column":2},"end":{"line":74,"column":23}},"18":{"start":{"line":77,"column":24},"end":{"line":93,"column":1}},"19":{"start":{"line":78,"column":42},"end":{"line":78,"column":44}},"20":{"start":{"line":80,"column":2},"end":{"line":90,"column":5}},"21":{"start":{"line":81,"column":19},"end":{"line":81,"column":34}},"22":{"start":{"line":83,"column":4},"end":{"line":83,"column":27}},"23":{"start":{"line":85,"column":4},"end":{"line":87,"column":null}},"24":{"start":{"line":86,"column":6},"end":{"line":86,"column":13}},"25":{"start":{"line":89,"column":4},"end":{"line":89,"column":31}},"26":{"start":{"line":92,"column":2},"end":{"line":92,"column":23}},"27":{"start":{"line":101,"column":23},"end":{"line":101,"column":41}},"28":{"start":{"line":102,"column":21},"end":{"line":102,"column":50}},"29":{"start":{"line":104,"column":2},"end":{"line":107,"column":4}},"30":{"start":{"line":100,"column":0},"end":{"line":100,"column":16}},"31":{"start":{"line":114,"column":50},"end":{"line":114,"column":58}},"32":{"start":{"line":116,"column":4},"end":{"line":116,"column":69}},"33":{"start":{"line":117,"column":2},"end":{"line":117,"column":68}},"34":{"start":{"line":118,"column":23},"end":{"line":118,"column":42}},"35":{"start":{"line":120,"column":24},"end":{"line":120,"column":58}},"36":{"start":{"line":121,"column":39},"end":{"line":121,"column":41}},"37":{"start":{"line":122,"column":29},"end":{"line":122,"column":31}},"38":{"start":{"line":124,"column":2},"end":{"line":183,"column":5}},"39":{"start":{"line":125,"column":19},"end":{"line":125,"column":31}},"40":{"start":{"line":127,"column":4},"end":{"line":129,"column":null}},"41":{"start":{"line":128,"column":6},"end":{"line":128,"column":13}},"42":{"start":{"line":131,"column":22},"end":{"line":131,"column":48}},"43":{"start":{"line":132,"column":25},"end":{"line":132,"column":69}},"44":{"start":{"line":134,"column":31},"end":{"line":137,"column":6}},"45":{"start":{"line":139,"column":4},"end":{"line":145,"column":null}},"46":{"start":{"line":144,"column":6},"end":{"line":144,"column":44}},"47":{"start":{"line":147,"column":4},"end":{"line":150,"column":null}},"48":{"start":{"line":148,"column":6},"end":{"line":148,"column":31}},"49":{"start":{"line":149,"column":6},"end":{"line":149,"column":36}},"50":{"start":{"line":152,"column":4},"end":{"line":154,"column":null}},"51":{"start":{"line":153,"column":6},"end":{"line":153,"column":36}},"52":{"start":{"line":156,"column":4},"end":{"line":158,"column":null}},"53":{"start":{"line":157,"column":6},"end":{"line":157,"column":36}},"54":{"start":{"line":160,"column":4},"end":{"line":162,"column":null}},"55":{"start":{"line":161,"column":6},"end":{"line":161,"column":45}},"56":{"start":{"line":164,"column":4},"end":{"line":166,"column":null}},"57":{"start":{"line":165,"column":6},"end":{"line":165,"column":44}},"58":{"start":{"line":168,"column":4},"end":{"line":170,"column":null}},"59":{"start":{"line":169,"column":6},"end":{"line":169,"column":31}},"60":{"start":{"line":172,"column":4},"end":{"line":174,"column":null}},"61":{"start":{"line":173,"column":6},"end":{"line":173,"column":48}},"62":{"start":{"line":176,"column":4},"end":{"line":176,"column":43}},"63":{"start":{"line":177,"column":4},"end":{"line":177,"column":42}},"64":{"start":{"line":179,"column":4},"end":{"line":179,"column":31}},"65":{"start":{"line":180,"column":4},"end":{"line":182,"column":null}},"66":{"start":{"line":181,"column":6},"end":{"line":181,"column":25}},"67":{"start":{"line":185,"column":36},"end":{"line":205,"column":3}},"68":{"start":{"line":186,"column":4},"end":{"line":204,"column":6}},"69":{"start":{"line":207,"column":31},"end":{"line":213,"column":3}},"70":{"start":{"line":208,"column":27},"end":{"line":208,"column":38}},"71":{"start":{"line":209,"column":4},"end":{"line":209,"column":29}},"72":{"start":{"line":210,"column":4},"end":{"line":210,"column":36}},"73":{"start":{"line":211,"column":4},"end":{"line":211,"column":36}},"74":{"start":{"line":212,"column":4},"end":{"line":212,"column":48}},"75":{"start":{"line":215,"column":31},"end":{"line":220,"column":3}},"76":{"start":{"line":216,"column":23},"end":{"line":216,"column":46}},"77":{"start":{"line":217,"column":4},"end":{"line":219,"column":6}},"78":{"start":{"line":218,"column":6},"end":{"line":218,"column":56}},"79":{"start":{"line":222,"column":27},"end":{"line":222,"column":59}},"80":{"start":{"line":223,"column":27},"end":{"line":223,"column":43}},"81":{"start":{"line":225,"column":29},"end":{"line":225,"column":79}},"82":{"start":{"line":227,"column":31},"end":{"line":231,"column":null}},"83":{"start":{"line":233,"column":33},"end":{"line":233,"column":77}},"84":{"start":{"line":234,"column":30},"end":{"line":234,"column":74}},"85":{"start":{"line":235,"column":30},"end":{"line":235,"column":49}},"86":{"start":{"line":236,"column":31},"end":{"line":239,"column":null}},"87":{"start":{"line":242,"column":31},"end":{"line":270,"column":4}},"88":{"start":{"line":247,"column":12},"end":{"line":251,"column":null}},"89":{"start":{"line":248,"column":14},"end":{"line":248,"column":40}},"90":{"start":{"line":250,"column":14},"end":{"line":250,"column":30}},"91":{"start":{"line":272,"column":2},"end":{"line":419,"column":4}},"92":{"start":{"line":110,"column":0},"end":{"line":110,"column":16}}},"fnMap":{"0":{"name":"(anonymous_0)","decl":{"start":{"line":44,"column":20},"end":{"line":44,"column":21}},"loc":{"start":{"line":44,"column":68},"end":{"line":54,"column":1}}},"1":{"name":"(anonymous_1)","decl":{"start":{"line":47,"column":18},"end":{"line":47,"column":19}},"loc":{"start":{"line":47,"column":26},"end":{"line":53,"column":3}}},"2":{"name":"(anonymous_2)","decl":{"start":{"line":56,"column":23},"end":{"line":56,"column":null}},"loc":{"start":{"line":59,"column":22},"end":{"line":75,"column":1}}},"3":{"name":"(anonymous_3)","decl":{"start":{"line":62,"column":37},"end":{"line":62,"column":38}},"loc":{"start":{"line":62,"column":54},"end":{"line":72,"column":3}}},"4":{"name":"(anonymous_4)","decl":{"start":{"line":77,"column":24},"end":{"line":77,"column":25}},"loc":{"start":{"line":77,"column":70},"end":{"line":93,"column":1}}},"5":{"name":"(anonymous_5)","decl":{"start":{"line":80,"column":32},"end":{"line":80,"column":33}},"loc":{"start":{"line":80,"column":49},"end":{"line":90,"column":3}}},"6":{"name":"generatePaths","decl":{"start":{"line":100,"column":16},"end":{"line":100,"column":29}},"loc":{"start":{"line":100,"column":42},"end":{"line":108,"column":1}}},"7":{"name":"generateOpenAPISchemas","decl":{"start":{"line":110,"column":16},"end":{"line":110,"column":38}},"loc":{"start":{"line":112,"column":12},"end":{"line":420,"column":1}}},"8":{"name":"(anonymous_8)","decl":{"start":{"line":124,"column":24},"end":{"line":124,"column":25}},"loc":{"start":{"line":124,"column":32},"end":{"line":183,"column":3}}},"9":{"name":"(anonymous_9)","decl":{"start":{"line":185,"column":36},"end":{"line":185,"column":37}},"loc":{"start":{"line":185,"column":63},"end":{"line":205,"column":3}}},"10":{"name":"(anonymous_10)","decl":{"start":{"line":207,"column":31},"end":{"line":207,"column":32}},"loc":{"start":{"line":207,"column":76},"end":{"line":213,"column":3}}},"11":{"name":"(anonymous_11)","decl":{"start":{"line":215,"column":31},"end":{"line":215,"column":44}},"loc":{"start":{"line":215,"column":46},"end":{"line":220,"column":3}}},"12":{"name":"(anonymous_12)","decl":{"start":{"line":217,"column":26},"end":{"line":217,"column":27}},"loc":{"start":{"line":218,"column":6},"end":{"line":218,"column":56}}},"13":{"name":"(anonymous_13)","decl":{"start":{"line":246,"column":18},"end":{"line":246,"column":21}},"loc":{"start":{"line":246,"column":23},"end":{"line":252,"column":11}}}},"branchMap":{"0":{"loc":{"start":{"line":44,"column":35},"end":{"line":44,"column":54}},"type":"default-arg","locations":[{"start":{"line":44,"column":52},"end":{"line":44,"column":54}}]},"1":{"loc":{"start":{"line":48,"column":4},"end":{"line":50,"column":null}},"type":"if","locations":[{"start":{"line":48,"column":4},"end":{"line":50,"column":null}}]},"2":{"loc":{"start":{"line":58,"column":2},"end":{"line":58,"column":36}},"type":"default-arg","locations":[{"start":{"line":58,"column":31},"end":{"line":58,"column":36}}]},"3":{"loc":{"start":{"line":67,"column":4},"end":{"line":69,"column":null}},"type":"if","locations":[{"start":{"line":67,"column":4},"end":{"line":69,"column":null}}]},"4":{"loc":{"start":{"line":67,"column":8},"end":{"line":67,"column":38}},"type":"binary-expr","locations":[{"start":{"line":67,"column":8},"end":{"line":67,"column":25}},{"start":{"line":67,"column":29},"end":{"line":67,"column":38}}]},"5":{"loc":{"start":{"line":85,"column":4},"end":{"line":87,"column":null}},"type":"if","locations":[{"start":{"line":85,"column":4},"end":{"line":87,"column":null}}]},"6":{"loc":{"start":{"line":116,"column":4},"end":{"line":116,"column":69}},"type":"cond-expr","locations":[{"start":{"line":116,"column":26},"end":{"line":116,"column":45}},{"start":{"line":116,"column":48},"end":{"line":116,"column":69}}]},"7":{"loc":{"start":{"line":117,"column":2},"end":{"line":117,"column":67}},"type":"cond-expr","locations":[{"start":{"line":117,"column":24},"end":{"line":117,"column":43}},{"start":{"line":117,"column":46},"end":{"line":117,"column":67}}]},"8":{"loc":{"start":{"line":127,"column":4},"end":{"line":129,"column":null}},"type":"if","locations":[{"start":{"line":127,"column":4},"end":{"line":129,"column":null}}]},"9":{"loc":{"start":{"line":139,"column":4},"end":{"line":145,"column":null}},"type":"if","locations":[{"start":{"line":139,"column":4},"end":{"line":145,"column":null}}]},"10":{"loc":{"start":{"line":140,"column":6},"end":{"line":142,"column":36}},"type":"binary-expr","locations":[{"start":{"line":140,"column":6},"end":{"line":140,"column":32}},{"start":{"line":141,"column":6},"end":{"line":141,"column":27}},{"start":{"line":142,"column":6},"end":{"line":142,"column":36}}]},"11":{"loc":{"start":{"line":147,"column":4},"end":{"line":150,"column":null}},"type":"if","locations":[{"start":{"line":147,"column":4},"end":{"line":150,"column":null}}]},"12":{"loc":{"start":{"line":152,"column":4},"end":{"line":154,"column":null}},"type":"if","locations":[{"start":{"line":152,"column":4},"end":{"line":154,"column":null}}]},"13":{"loc":{"start":{"line":156,"column":4},"end":{"line":158,"column":null}},"type":"if","locations":[{"start":{"line":156,"column":4},"end":{"line":158,"column":null}}]},"14":{"loc":{"start":{"line":160,"column":4},"end":{"line":162,"column":null}},"type":"if","locations":[{"start":{"line":160,"column":4},"end":{"line":162,"column":null}}]},"15":{"loc":{"start":{"line":164,"column":4},"end":{"line":166,"column":null}},"type":"if","locations":[{"start":{"line":164,"column":4},"end":{"line":166,"column":null}}]},"16":{"loc":{"start":{"line":168,"column":4},"end":{"line":170,"column":null}},"type":"if","locations":[{"start":{"line":168,"column":4},"end":{"line":170,"column":null}}]},"17":{"loc":{"start":{"line":172,"column":4},"end":{"line":174,"column":null}},"type":"if","locations":[{"start":{"line":172,"column":4},"end":{"line":174,"column":null}}]},"18":{"loc":{"start":{"line":180,"column":4},"end":{"line":182,"column":null}},"type":"if","locations":[{"start":{"line":180,"column":4},"end":{"line":182,"column":null}}]},"19":{"loc":{"start":{"line":180,"column":8},"end":{"line":180,"column":47}},"type":"binary-expr","locations":[{"start":{"line":180,"column":8},"end":{"line":180,"column":28}},{"start":{"line":180,"column":32},"end":{"line":180,"column":47}}]},"20":{"loc":{"start":{"line":218,"column":6},"end":{"line":218,"column":56}},"type":"cond-expr","locations":[{"start":{"line":218,"column":30},"end":{"line":218,"column":48}},{"start":{"line":218,"column":51},"end":{"line":218,"column":56}}]},"21":{"loc":{"start":{"line":247,"column":12},"end":{"line":251,"column":null}},"type":"if","locations":[{"start":{"line":247,"column":12},"end":{"line":251,"column":null}},{"start":{"line":249,"column":19},"end":{"line":251,"column":null}}]},"22":{"loc":{"start":{"line":247,"column":16},"end":{"line":247,"column":43}},"type":"binary-expr","locations":[{"start":{"line":247,"column":16},"end":{"line":247,"column":22}},{"start":{"line":247,"column":26},"end":{"line":247,"column":43}}]}},"s":{"0":1,"1":1,"2":1,"3":1,"4":60,"5":60,"6":60,"7":0,"8":60,"9":1,"10":24,"11":24,"12":64,"13":64,"14":64,"15":0,"16":64,"17":24,"18":1,"19":12,"20":12,"21":45,"22":45,"23":45,"24":0,"25":45,"26":12,"27":18,"28":18,"29":18,"30":1,"31":12,"32":12,"33":12,"34":12,"35":12,"36":12,"37":12,"38":12,"39":45,"40":45,"41":0,"42":45,"43":45,"44":45,"45":45,"46":0,"47":45,"48":1,"49":1,"50":45,"51":0,"52":45,"53":0,"54":45,"55":21,"56":45,"57":6,"58":45,"59":0,"60":45,"61":0,"62":45,"63":45,"64":45,"65":45,"66":45,"67":12,"68":12,"69":12,"70":12,"71":12,"72":12,"73":12,"74":12,"75":12,"76":12,"77":12,"78":45,"79":12,"80":12,"81":12,"82":12,"83":12,"84":12,"85":12,"86":12,"87":12,"88":12,"89":1,"90":11,"91":12,"92":1},"f":{"0":60,"1":60,"2":24,"3":64,"4":12,"5":45,"6":18,"7":12,"8":45,"9":12,"10":12,"11":12,"12":45,"13":12},"b":{"0":[0],"1":[0],"2":[0],"3":[0],"4":[64,19],"5":[0],"6":[6,6],"7":[6,6],"8":[0],"9":[0],"10":[45,33,0],"11":[1],"12":[0],"13":[0],"14":[21],"15":[6],"16":[0],"17":[0],"18":[45],"19":[45,0],"20":[0,45],"21":[1,11],"22":[12,7]}}
,"/home/assis/Projetos/cogup/fastapi/src/resources/openapi/responses.ts": {"path":"/home/assis/Projetos/cogup/fastapi/src/resources/openapi/responses.ts","statementMap":{"0":{"start":{"line":3,"column":22},"end":{"line":20,"column":1}},"1":{"start":{"line":4,"column":2},"end":{"line":19,"column":4}},"2":{"start":{"line":22,"column":22},"end":{"line":33,"column":1}},"3":{"start":{"line":25,"column":2},"end":{"line":27,"column":null}},"4":{"start":{"line":26,"column":4},"end":{"line":26,"column":31}},"5":{"start":{"line":29,"column":2},"end":{"line":32,"column":18}},"6":{"start":{"line":35,"column":22},"end":{"line":70,"column":1}},"7":{"start":{"line":41,"column":31},"end":{"line":50,"column":4}},"8":{"start":{"line":52,"column":41},"end":{"line":58,"column":4}},"9":{"start":{"line":60,"column":2},"end":{"line":62,"column":null}},"10":{"start":{"line":61,"column":4},"end":{"line":61,"column":31}},"11":{"start":{"line":64,"column":2},"end":{"line":67,"column":5}},"12":{"start":{"line":65,"column":24},"end":{"line":65,"column":42}},"13":{"start":{"line":66,"column":4},"end":{"line":66,"column":65}},"14":{"start":{"line":69,"column":2},"end":{"line":69,"column":19}},"15":{"start":{"line":72,"column":9},"end":{"line":72,"column":22}}},"fnMap":{"0":{"name":"(anonymous_0)","decl":{"start":{"line":3,"column":22},"end":{"line":3,"column":23}},"loc":{"start":{"line":3,"column":56},"end":{"line":20,"column":1}}},"1":{"name":"(anonymous_1)","decl":{"start":{"line":22,"column":22},"end":{"line":22,"column":null}},"loc":{"start":{"line":24,"column":28},"end":{"line":33,"column":1}}},"2":{"name":"(anonymous_2)","decl":{"start":{"line":35,"column":22},"end":{"line":35,"column":null}},"loc":{"start":{"line":40,"column":15},"end":{"line":70,"column":1}}},"3":{"name":"(anonymous_3)","decl":{"start":{"line":64,"column":30},"end":{"line":64,"column":31}},"loc":{"start":{"line":64,"column":45},"end":{"line":67,"column":3}}}},"branchMap":{"0":{"loc":{"start":{"line":25,"column":2},"end":{"line":27,"column":null}},"type":"if","locations":[{"start":{"line":25,"column":2},"end":{"line":27,"column":null}}]},"1":{"loc":{"start":{"line":39,"column":2},"end":{"line":39,"column":18}},"type":"default-arg","locations":[{"start":{"line":39,"column":13},"end":{"line":39,"column":18}}]},"2":{"loc":{"start":{"line":60,"column":2},"end":{"line":62,"column":null}},"type":"if","locations":[{"start":{"line":60,"column":2},"end":{"line":62,"column":null}}]}},"s":{"0":1,"1":407,"2":1,"3":79,"4":0,"5":79,"6":1,"7":79,"8":79,"9":79,"10":12,"11":79,"12":407,"13":407,"14":79,"15":1},"f":{"0":407,"1":79,"2":79,"3":407},"b":{"0":[0],"1":[40],"2":[12]}}
,"/home/assis/Projetos/cogup/fastapi/src/resources/openapi/utils.ts": {"path":"/home/assis/Projetos/cogup/fastapi/src/resources/openapi/utils.ts","statementMap":{"0":{"start":{"line":9,"column":2},"end":{"line":19,"column":null}},"1":{"start":{"line":10,"column":4},"end":{"line":10,"column":22}},"2":{"start":{"line":11,"column":9},"end":{"line":19,"column":null}},"3":{"start":{"line":12,"column":4},"end":{"line":12,"column":23}},"4":{"start":{"line":13,"column":9},"end":{"line":19,"column":null}},"5":{"start":{"line":14,"column":4},"end":{"line":14,"column":22}},"6":{"start":{"line":15,"column":9},"end":{"line":19,"column":null}},"7":{"start":{"line":16,"column":4},"end":{"line":16,"column":25}},"8":{"start":{"line":17,"column":9},"end":{"line":19,"column":null}},"9":{"start":{"line":18,"column":4},"end":{"line":18,"column":24}},"10":{"start":{"line":5,"column":0},"end":{"line":5,"column":16}},"11":{"start":{"line":23,"column":47},"end":{"line":23,"column":49}},"12":{"start":{"line":26,"column":2},"end":{"line":28,"column":null}},"13":{"start":{"line":27,"column":4},"end":{"line":27,"column":28}},"14":{"start":{"line":31,"column":2},"end":{"line":33,"column":null}},"15":{"start":{"line":32,"column":4},"end":{"line":32,"column":36}},"16":{"start":{"line":36,"column":2},"end":{"line":103,"column":null}},"17":{"start":{"line":37,"column":21},"end":{"line":37,"column":40}},"18":{"start":{"line":39,"column":4},"end":{"line":102,"column":null}},"19":{"start":{"line":40,"column":6},"end":{"line":101,"column":null}},"20":{"start":{"line":41,"column":26},"end":{"line":41,"column":72}},"21":{"start":{"line":42,"column":8},"end":{"line":42,"column":33}},"22":{"start":{"line":42,"column":24},"end":{"line":42,"column":33}},"23":{"start":{"line":44,"column":30},"end":{"line":44,"column":39}},"24":{"start":{"line":46,"column":8},"end":{"line":85,"column":null}},"25":{"start":{"line":47,"column":27},"end":{"line":47,"column":48}},"26":{"start":{"line":48,"column":30},"end":{"line":48,"column":50}},"27":{"start":{"line":50,"column":10},"end":{"line":84,"column":null}},"28":{"start":{"line":51,"column":30},"end":{"line":51,"column":50}},"29":{"start":{"line":52,"column":27},"end":{"line":52,"column":43}},"30":{"start":{"line":54,"column":12},"end":{"line":83,"column":null}},"31":{"start":{"line":55,"column":14},"end":{"line":57,"column":null}},"32":{"start":{"line":56,"column":16},"end":{"line":56,"column":25}},"33":{"start":{"line":59,"column":32},"end":{"line":59,"column":54}},"34":{"start":{"line":62,"column":14},"end":{"line":82,"column":null}},"35":{"start":{"line":64,"column":16},"end":{"line":66,"column":18}},"36":{"start":{"line":68,"column":35},"end":{"line":71,"column":null}},"37":{"start":{"line":75,"column":16},"end":{"line":75,"column":53}},"38":{"start":{"line":76,"column":16},"end":{"line":76,"column":64}},"39":{"start":{"line":79,"column":16},"end":{"line":81,"column":18}},"40":{"start":{"line":88,"column":28},"end":{"line":88,"column":70}},"41":{"start":{"line":89,"column":36},"end":{"line":89,"column":75}},"42":{"start":{"line":91,"column":8},"end":{"line":100,"column":11}},"43":{"start":{"line":92,"column":10},"end":{"line":99,"column":null}},"44":{"start":{"line":96,"column":12},"end":{"line":98,"column":14}},"45":{"start":{"line":105,"column":2},"end":{"line":105,"column":17}},"46":{"start":{"line":22,"column":0},"end":{"line":22,"column":16}},"47":{"start":{"line":113,"column":2},"end":{"line":117,"column":6}},"48":{"start":{"line":108,"column":0},"end":{"line":108,"column":16}},"49":{"start":{"line":125,"column":2},"end":{"line":131,"column":23}},"50":{"start":{"line":135,"column":2},"end":{"line":137,"column":null}},"51":{"start":{"line":136,"column":4},"end":{"line":136,"column":45}},"52":{"start":{"line":139,"column":2},"end":{"line":139,"column":72}},"53":{"start":{"line":134,"column":0},"end":{"line":134,"column":16}},"54":{"start":{"line":143,"column":2},"end":{"line":145,"column":null}},"55":{"start":{"line":144,"column":4},"end":{"line":144,"column":43}},"56":{"start":{"line":147,"column":2},"end":{"line":147,"column":79}},"57":{"start":{"line":142,"column":0},"end":{"line":142,"column":16}}},"fnMap":{"0":{"name":"extractByMethod","decl":{"start":{"line":5,"column":16},"end":{"line":5,"column":31}},"loc":{"start":{"line":7,"column":31},"end":{"line":20,"column":1}}},"1":{"name":"convertOpenAPItoSchemas","decl":{"start":{"line":22,"column":16},"end":{"line":22,"column":39}},"loc":{"start":{"line":22,"column":56},"end":{"line":106,"column":1}}},"2":{"name":"(anonymous_2)","decl":{"start":{"line":91,"column":27},"end":{"line":91,"column":28}},"loc":{"start":{"line":91,"column":41},"end":{"line":100,"column":9}}},"3":{"name":"getReferenceSchemaName","decl":{"start":{"line":108,"column":16},"end":{"line":108,"column":38}},"loc":{"start":{"line":111,"column":29},"end":{"line":118,"column":1}}},"4":{"name":"getReferenceSchemaNameInner","decl":{"start":{"line":120,"column":9},"end":{"line":120,"column":36}},"loc":{"start":{"line":123,"column":29},"end":{"line":132,"column":1}}},"5":{"name":"convertToPlural","decl":{"start":{"line":134,"column":16},"end":{"line":134,"column":31}},"loc":{"start":{"line":134,"column":52},"end":{"line":140,"column":1}}},"6":{"name":"convertToSingle","decl":{"start":{"line":142,"column":16},"end":{"line":142,"column":31}},"loc":{"start":{"line":142,"column":52},"end":{"line":148,"column":1}}}},"branchMap":{"0":{"loc":{"start":{"line":9,"column":2},"end":{"line":19,"column":null}},"type":"if","locations":[{"start":{"line":9,"column":2},"end":{"line":19,"column":null}},{"start":{"line":11,"column":9},"end":{"line":19,"column":null}}]},"1":{"loc":{"start":{"line":11,"column":9},"end":{"line":19,"column":null}},"type":"if","locations":[{"start":{"line":11,"column":9},"end":{"line":19,"column":null}},{"start":{"line":13,"column":9},"end":{"line":19,"column":null}}]},"2":{"loc":{"start":{"line":13,"column":9},"end":{"line":19,"column":null}},"type":"if","locations":[{"start":{"line":13,"column":9},"end":{"line":19,"column":null}},{"start":{"line":15,"column":9},"end":{"line":19,"column":null}}]},"3":{"loc":{"start":{"line":15,"column":9},"end":{"line":19,"column":null}},"type":"if","locations":[{"start":{"line":15,"column":9},"end":{"line":19,"column":null}},{"start":{"line":17,"column":9},"end":{"line":19,"column":null}}]},"4":{"loc":{"start":{"line":17,"column":9},"end":{"line":19,"column":null}},"type":"if","locations":[{"start":{"line":17,"column":9},"end":{"line":19,"column":null}}]},"5":{"loc":{"start":{"line":26,"column":2},"end":{"line":28,"column":null}},"type":"if","locations":[{"start":{"line":26,"column":2},"end":{"line":28,"column":null}}]},"6":{"loc":{"start":{"line":31,"column":2},"end":{"line":33,"column":null}},"type":"if","locations":[{"start":{"line":31,"column":2},"end":{"line":33,"column":null}}]},"7":{"loc":{"start":{"line":40,"column":6},"end":{"line":101,"column":null}},"type":"if","locations":[{"start":{"line":40,"column":6},"end":{"line":101,"column":null}}]},"8":{"loc":{"start":{"line":42,"column":8},"end":{"line":42,"column":33}},"type":"if","locations":[{"start":{"line":42,"column":8},"end":{"line":42,"column":33}}]},"9":{"loc":{"start":{"line":54,"column":12},"end":{"line":83,"column":null}},"type":"if","locations":[{"start":{"line":54,"column":12},"end":{"line":83,"column":null}}]},"10":{"loc":{"start":{"line":55,"column":14},"end":{"line":57,"column":null}},"type":"if","locations":[{"start":{"line":55,"column":14},"end":{"line":57,"column":null}}]},"11":{"loc":{"start":{"line":62,"column":14},"end":{"line":82,"column":null}},"type":"if","locations":[{"start":{"line":62,"column":14},"end":{"line":82,"column":null}},{"start":{"line":67,"column":21},"end":{"line":82,"column":null}}]},"12":{"loc":{"start":{"line":88,"column":28},"end":{"line":88,"column":70}},"type":"binary-expr","locations":[{"start":{"line":88,"column":28},"end":{"line":88,"column":64}},{"start":{"line":88,"column":68},"end":{"line":88,"column":70}}]},"13":{"loc":{"start":{"line":89,"column":36},"end":{"line":89,"column":75}},"type":"binary-expr","locations":[{"start":{"line":89,"column":36},"end":{"line":89,"column":69}},{"start":{"line":89,"column":73},"end":{"line":89,"column":75}}]},"14":{"loc":{"start":{"line":92,"column":10},"end":{"line":99,"column":null}},"type":"if","locations":[{"start":{"line":92,"column":10},"end":{"line":99,"column":null}}]},"15":{"loc":{"start":{"line":93,"column":12},"end":{"line":94,"column":63}},"type":"binary-expr","locations":[{"start":{"line":93,"column":12},"end":{"line":93,"column":35}},{"start":{"line":94,"column":12},"end":{"line":94,"column":63}}]},"16":{"loc":{"start":{"line":135,"column":2},"end":{"line":137,"column":null}},"type":"if","locations":[{"start":{"line":135,"column":2},"end":{"line":137,"column":null}}]},"17":{"loc":{"start":{"line":139,"column":9},"end":{"line":139,"column":71}},"type":"cond-expr","locations":[{"start":{"line":139,"column":38},"end":{"line":139,"column":50}},{"start":{"line":139,"column":53},"end":{"line":139,"column":71}}]},"18":{"loc":{"start":{"line":143,"column":2},"end":{"line":145,"column":null}},"typ
[...]
,"column":4},"end":{"line":418,"column":31}},{"start":{"line":419,"column":4},"end":{"line":419,"column":30}},{"start":{"line":420,"column":4},"end":{"line":420,"column":32}},{"start":{"line":421,"column":4},"end":{"line":421,"column":29}},{"start":{"line":422,"column":4},"end":{"line":422,"column":30}},{"start":{"line":423,"column":4},"end":{"line":423,"column":27}},{"start":{"line":424,"column":4},"end":{"line":424,"column":30}}]},"58":{"loc":{"start":{"line":427,"column":9},"end":{"line":431,"column":null}},"type":"if","locations":[{"start":{"line":427,"column":9},"end":{"line":431,"column":null}},{"start":{"line":429,"column":9},"end":{"line":431,"column":null}}]},"59":{"loc":{"start":{"line":429,"column":9},"end":{"line":431,"column":null}},"type":"if","locations":[{"start":{"line":429,"column":9},"end":{"line":431,"column":null}}]}},"s":{"0":1,"1":1,"2":1,"3":1,"4":1,"5":1,"6":1,"7":1,"8":1,"9":1,"10":1,"11":1,"12":1,"13":1,"14":1,"15":1,"16":1,"17":1,"18":1,"19":1,"20":5,"21":5,"22":5,"23":5,"24":6,"25":6,"26":6,"27":6,"28":21,"29":21,"30":21,"31":21,"32":21,"33":21,"34":21,"35":21,"36":21,"37":21,"38":2,"39":1,"40":2,"41":21,"42":6,"43":6,"44":5,"45":1,"46":0,"47":0,"48":0,"49":1,"50":21,"51":0,"52":21,"53":0,"54":21,"55":4,"56":4,"57":7,"58":7,"59":7,"60":7,"61":7,"62":28,"63":0,"64":7,"65":28,"66":0,"67":7,"68":7,"69":28,"70":28,"71":28,"72":28,"73":28,"74":28,"75":28,"76":28,"77":28,"78":7,"79":28,"80":7,"81":7,"82":7,"83":4,"84":7,"85":7,"86":7,"87":28,"88":28,"89":0,"90":0,"91":0,"92":0,"93":0,"94":4,"95":1,"96":14,"97":14,"98":2,"99":12,"100":7,"101":0,"102":0,"103":0,"104":0,"105":0,"106":0,"107":0,"108":0,"109":0,"110":0,"111":0,"112":0,"113":0,"114":0,"115":21,"116":10,"117":11,"118":0,"119":11,"120":2,"121":9,"122":2,"123":7,"124":0,"125":7,"126":0,"127":7,"128":0,"129":7,"130":1,"131":6,"132":0,"133":6,"134":6,"135":0,"136":0,"137":0,"138":0,"139":0,"140":0,"141":0,"142":21,"143":1,"144":1,"145":20,"146":28,"147":28,"148":28,"149":0,"150":28,"151":7,"152":21,"153":0,"154":21,"155":0,"156":21,"157":14,"158":7,"159":0,"160":7,"161":0,"162":7,"163":0,"164":7,"165":0,"166":0,"167":7,"168":0,"169":7,"170":7,"171":0,"172":0,"173":0,"174":0,"175":0,"176":0,"177":0,"178":0,"179":0},"f":{"0":1,"1":5,"2":0,"3":21,"4":4,"5":28,"6":0,"7":28,"8":0,"9":14,"10":7,"11":0,"12":21,"13":21,"14":28},"b":{"0":[1,1],"1":[5],"2":[21,15],"3":[21,14],"4":[8,13],"5":[3,5],"6":[2],"7":[1],"8":[6],"9":[0],"10":[0],"11":[21,0],"12":[0],"13":[28,21],"14":[28,27],"15":[28,28],"16":[28,0],"17":[28,21],"18":[7],"19":[28],"20":[2],"21":[0],"22":[0],"23":[0],"24":[0],"25":[0],"26":[0],"27":[10,11],"28":[0,11],"29":[2,9],"30":[2,7],"31":[0,7],"32":[0,7],"33":[0,7],"34":[1,6],"35":[0,6],"36":[6,0],"37":[0,0],"38":[0,0],"39":[0],"40":[1],"41":[0,28],"42":[28,28,0],"43":[7,21],"44":[0,21],"45":[0,21],"46":[14,7],"47":[0,7],"48":[0,7],"49":[0,7],"50":[0,7],"51":[0,7],"52":[7,7],"53":[7,0],"54":[7,0,0],"55":[0,0],"56":[0,0],"57":[0,0,0,0,0,0,0,0],"58":[0,0],"59":[0]}}
,"/home/assis/Projetos/cogup/fastapi/src/routes/health.ts": {"path":"/home/assis/Projetos/cogup/fastapi/src/routes/health.ts","statementMap":{"0":{"start":{"line":1,"column":0},"end":{"line":1,"column":25}},"1":{"start":{"line":2,"column":0},"end":{"line":2,"column":60}},"2":{"start":{"line":6,"column":20},"end":{"line":6,"column":47}},"3":{"start":{"line":7,"column":21},"end":{"line":68,"column":2}},"4":{"start":{"line":70,"column":0},"end":{"line":90,"column":13}},"5":{"start":{"line":71,"column":2},"end":{"line":90,"column":12}},"6":{"start":{"line":93,"column":2},"end":{"line":93,"column":31}},"7":{"start":{"line":97,"column":2},"end":{"line":108,"column":3}},"8":{"start":{"line":98,"column":2},"end":{"line":108,"column":3}},"9":{"start":{"line":99,"column":4},"end":{"line":107,"column":19}},"10":{"start":{"line":129,"column":16},"end":{"line":129,"column":29}},"11":{"start":{"line":130,"column":15},"end":{"line":130,"column":27}},"12":{"start":{"line":131,"column":15},"end":{"line":131,"column":27}},"13":{"start":{"line":132,"column":17},"end":{"line":132,"column":29}},"14":{"start":{"line":133,"column":20},"end":{"line":133,"column":32}},"15":{"start":{"line":135,"column":2},"end":{"line":141,"column":4}},"16":{"start":{"line":152,"column":14},"end":{"line":152,"column":25}},"17":{"start":{"line":153,"column":17},"end":{"line":153,"column":33}},"18":{"start":{"line":154,"column":19},"end":{"line":154,"column":35}},"19":{"start":{"line":155,"column":22},"end":{"line":155,"column":43}},"20":{"start":{"line":157,"column":2},"end":{"line":162,"column":4}},"21":{"start":{"line":176,"column":19},"end":{"line":176,"column":32}},"22":{"start":{"line":177,"column":15},"end":{"line":177,"column":24}},"23":{"start":{"line":178,"column":19},"end":{"line":178,"column":32}},"24":{"start":{"line":179,"column":18},"end":{"line":179,"column":30}},"25":{"start":{"line":180,"column":15},"end":{"line":180,"column":24}},"26":{"start":{"line":181,"column":17},"end":{"line":181,"column":28}},"27":{"start":{"line":182,"column":15},"end":{"line":182,"column":31}},"28":{"start":{"line":184,"column":2},"end":{"line":192,"column":4}},"29":{"start":{"line":204,"column":18},"end":{"line":204,"column":40}},"30":{"start":{"line":205,"column":15},"end":{"line":205,"column":46}},"31":{"start":{"line":206,"column":15},"end":{"line":206,"column":56}},"32":{"start":{"line":207,"column":19},"end":{"line":207,"column":44}},"33":{"start":{"line":208,"column":19},"end":{"line":208,"column":44}},"34":{"start":{"line":210,"column":2},"end":{"line":216,"column":4}},"35":{"start":{"line":226,"column":16},"end":{"line":226,"column":43}},"36":{"start":{"line":227,"column":18},"end":{"line":227,"column":47}},"37":{"start":{"line":228,"column":22},"end":{"line":228,"column":52}},"38":{"start":{"line":230,"column":2},"end":{"line":234,"column":4}},"39":{"start":{"line":243,"column":16},"end":{"line":243,"column":42}},"40":{"start":{"line":244,"column":18},"end":{"line":244,"column":47}},"41":{"start":{"line":246,"column":2},"end":{"line":249,"column":4}}},"fnMap":{"0":{"name":"(anonymous_6)","decl":{"start":{"line":70,"column":15},"end":{"line":70,"column":16}},"loc":{"start":{"line":71,"column":2},"end":{"line":90,"column":12}}},"1":{"name":"handlerStatus","decl":{"start":{"line":92,"column":9},"end":{"line":92,"column":22}},"loc":{"start":{"line":92,"column":68},"end":{"line":94,"column":1}}},"2":{"name":"(anonymous_8)","decl":{"start":{"line":97,"column":2},"end":{"line":97,"column":3}},"loc":{"start":{"line":98,"column":2},"end":{"line":108,"column":3}}},"3":{"name":"(anonymous_9)","decl":{"start":{"line":98,"column":2},"end":{"line":98,"column":3}},"loc":{"start":{"line":98,"column":58},"end":{"line":108,"column":3}}},"4":{"name":"getMemoryInfo","decl":{"start":{"line":128,"column":9},"end":{"line":128,"column":22}},"loc":{"start":{"line":128,"column":22},"end":{"line":142,"column":1}}},"5":{"name":"getProcessInfo","decl":{"start":{"line":151,"column":9},"end":{"line":151,"column":23}},"loc":{"start":{"line":151,"column":23},"end":{"line":163,"column":1}}},"6":{"name":"getOsInfo","decl":{"start":{"line":175,"column":9},"end":{"line":175,"column":18}},"loc":{"start":{"line":175,"column":18},"end":{"line":193,"column":1}}},"7":{"name":"getDatabaseInfo","decl":{"start":{"line":203,"column":9},"end":{"line":203,"column":24}},"loc":{"start":{"line":203,"column":45},"end":{"line":217,"column":1}}},"8":{"name":"getContainerInfo","decl":{"start":{"line":225,"column":9},"end":{"line":225,"column":25}},"loc":{"start":{"line":225,"column":25},"end":{"line":235,"column":1}}},"9":{"name":"getAppInfo","decl":{"start":{"line":242,"column":9},"end":{"line":242,"column":19}},"loc":{"start":{"line":242,"column":19},"end":{"line":250,"column":1}}}},"branchMap":{},"s":{"0":1,"1":1,"2":1,"3":1,"4":1,"5":13,"6":0,"7":1,"8":13,"9":0,"10":0,"11":0,"12":0,"13":0,"14":0,"15":0,"16":0,"17":0,"18":0,"19":0,"20":0,"21":0,"22":0,"23":0,"24":0,"25":0,"26":0,"27":0,"28":0,"29":0,"30":0,"31":0,"32":0,"33":0,"34":0,"35":0,"36":0,"37":0,"38":0,"39":0,"40":0,"41":0},"f":{"0":13,"1":0,"2":13,"3":0,"4":0,"5":0,"6":0,"7":0,"8":0,"9":0},"b":{}}
,"/home/assis/Projetos/cogup/fastapi/src/routes/openapi.ts": {"path":"/home/assis/Projetos/cogup/fastapi/src/routes/openapi.ts","statementMap":{"0":{"start":{"line":2,"column":0},"end":{"line":2,"column":66}},"1":{"start":{"line":4,"column":0},"end":{"line":4,"column":60}},"2":{"start":{"line":13,"column":14},"end":{"line":13,"column":33}},"3":{"start":{"line":14,"column":24},"end":{"line":14,"column":48}},"4":{"start":{"line":15,"column":16},"end":{"line":15,"column":44}},"5":{"start":{"line":17,"column":22},"end":{"line":22,"column":4}},"6":{"start":{"line":24,"column":17},"end":{"line":32,"column":12}},"7":{"start":{"line":29,"column":8},"end":{"line":29,"column":24}},"8":{"start":{"line":34,"column":2},"end":{"line":37,"column":4}},"9":{"start":{"line":12,"column":0},"end":{"line":12,"column":24}},"10":{"start":{"line":41,"column":2},"end":{"line":57,"column":null}},"11":{"start":{"line":42,"column":4},"end":{"line":56,"column":null}},"12":{"start":{"line":43,"column":6},"end":{"line":43,"column":32}},"13":{"start":{"line":44,"column":11},"end":{"line":56,"column":null}},"14":{"start":{"line":45,"column":6},"end":{"line":45,"column":32}},"15":{"start":{"line":46,"column":11},"end":{"line":56,"column":null}},"16":{"start":{"line":47,"column":6},"end":{"line":47,"column":33}},"17":{"start":{"line":48,"column":11},"end":{"line":56,"column":null}},"18":{"start":{"line":49,"column":6},"end":{"line":49,"column":32}},"19":{"start":{"line":50,"column":11},"end":{"line":56,"column":null}},"20":{"start":{"line":51,"column":6},"end":{"line":51,"column":30}},"21":{"start":{"line":52,"column":11},"end":{"line":56,"column":null}},"22":{"start":{"line":53,"column":6},"end":{"line":53,"column":73}},"23":{"start":{"line":53,"column":45},"end":{"line":53,"column":70}},"24":{"start":{"line":54,"column":11},"end":{"line":56,"column":null}},"25":{"start":{"line":55,"column":6},"end":{"line":55,"column":39}},"26":{"start":{"line":59,"column":30},"end":{"line":62,"column":4}},"27":{"start":{"line":64,"column":2},"end":{"line":91,"column":null}},"28":{"start":{"line":65,"column":18},"end":{"line":65,"column":27}},"29":{"start":{"line":66,"column":22},"end":{"line":66,"column":34}},"30":{"start":{"line":68,"column":4},"end":{"line":68,"column":50}},"31":{"start":{"line":68,"column":41},"end":{"line":68,"column":50}},"32":{"start":{"line":70,"column":4},"end":{"line":90,"column":null}},"33":{"start":{"line":71,"column":6},"end":{"line":71,"column":50}},"34":{"start":{"line":72,"column":11},"end":{"line":90,"column":null}},"35":{"start":{"line":73,"column":6},"end":{"line":73,"column":50}},"36":{"start":{"line":74,"column":11},"end":{"line":90,"column":null}},"37":{"start":{"line":75,"column":6},"end":{"line":75,"column":51}},"38":{"start":{"line":76,"column":11},"end":{"line":90,"column":null}},"39":{"start":{"line":77,"column":6},"end":{"line":77,"column":50}},"40":{"start":{"line":78,"column":11},"end":{"line":90,"column":null}},"41":{"start":{"line":79,"column":6},"end":{"line":79,"column":48}},"42":{"start":{"line":80,"column":11},"end":{"line":90,"column":null}},"43":{"start":{"line":81,"column":20},"end":{"line":82,"column":null}},"44":{"start":{"line":82,"column":28},"end":{"line":82,"column":53}},"45":{"start":{"line":84,"column":6},"end":{"line":87,"column":8}},"46":{"start":{"line":88,"column":11},"end":{"line":90,"column":null}},"47":{"start":{"line":89,"column":6},"end":{"line":89,"column":58}},"48":{"start":{"line":93,"column":2},"end":{"line":93,"column":16}},"49":{"start":{"line":40,"column":0},"end":{"line":40,"column":16}},"50":{"start":{"line":98,"column":2},"end":{"line":100,"column":null}},"51":{"start":{"line":99,"column":4},"end":{"line":99,"column":19}},"52":{"start":{"line":102,"column":20},"end":{"line":102,"column":27}},"53":{"start":{"line":103,"column":19},"end":{"line":103,"column":63}},"54":{"start":{"line":103,"column":37},"end":{"line":103,"column":62}},"55":{"start":{"line":105,"column":2},"end":{"line":107,"column":null}},"56":{"start":{"line":106,"column":4},"end":{"line":106,"column":21}},"57":{"start":{"line":109,"column":2},"end":{"line":109,"column":14}}},"fnMap":{"0":{"name":"builderOpenapi","decl":{"start":{"line":12,"column":24},"end":{"line":12,"column":38}},"loc":{"start":{"line":12,"column":52},"end":{"line":38,"column":1}}},"1":{"name":"(anonymous_1)","decl":{"start":{"line":28,"column":15},"end":{"line":28,"column":16}},"loc":{"start":{"line":28,"column":55},"end":{"line":30,"column":7}}},"2":{"name":"objectToJSONSchema7","decl":{"start":{"line":40,"column":16},"end":{"line":40,"column":35}},"loc":{"start":{"line":40,"column":45},"end":{"line":94,"column":1}}},"3":{"name":"(anonymous_3)","decl":{"start":{"line":53,"column":35},"end":{"line":53,"column":36}},"loc":{"start":{"line":53,"column":45},"end":{"line":53,"column":70}}},"4":{"name":"(anonymous_4)","decl":{"start":{"line":82,"column":18},"end":{"line":82,"column":19}},"loc":{"start":{"line":82,"column":28},"end":{"line":82,"column":53}}},"5":{"name":"resolveArray","decl":{"start":{"line":97,"column":9},"end":{"line":97,"column":21}},"loc":{"start":{"line":97,"column":33},"end":{"line":110,"column":1}}},"6":{"name":"(anonymous_6)","decl":{"start":{"line":103,"column":30},"end":{"line":103,"column":31}},"loc":{"start":{"line":103,"column":37},"end":{"line":103,"column":62}}}},"branchMap":{"0":{"loc":{"start":{"line":41,"column":2},"end":{"line":57,"column":null}},"type":"if","locations":[{"start":{"line":41,"column":2},"end":{"line":57,"column":null}}]},"1":{"loc":{"start":{"line":41,"column":6},"end":{"line":41,"column":70}},"type":"binary-expr","locations":[{"start":{"line":41,"column":6},"end":{"line":41,"column":19}},{"start":{"line":41,"column":23},"end":{"line":41,"column":42}},{"start":{"line":41,"column":46},"end":{"line":41,"column":70}}]},"2":{"loc":{"start":{"line":42,"column":4},"end":{"line":56,"column":null}},"type":"if","locations":[{"start":{"line":42,"column":4},"end":{"line":56,"column":null}},{"start":{"line":44,"column":11},"end":{"line":56,"column":null}}]},"3":{"loc":{"start":{"line":44,"column":11},"end":{"line":56,"column":null}},"type":"if","locations":[{"start":{"line":44,"column":11},"end":{"line":56,"column":null}},{"start":{"line":46,"column":11},"end":{"line":56,"column":null}}]},"4":{"loc":{"start":{"line":46,"column":11},"end":{"line":56,"column":null}},"type":"if","locations":[{"start":{"line":46,"column":11},"end":{"line":56,"column":null}},{"start":{"line":48,"column":11},"end":{"line":56,"column":null}}]},"5":{"loc":{"start":{"line":48,"column":11},"end":{"line":56,"column":null}},"type":"if","locations":[{"start":{"line":48,"column":11},"end":{"line":56,"column":null}},{"start":{"line":50,"column":11},"end":{"line":56,"column":null}}]},"6":{"loc":{"start":{"line":50,"column":11},"end":{"line":56,"column":null}},"type":"if","locations":[{"start":{"line":50,"column":11},"end":{"line":56,"column":null}},{"start":{"line":52,"column":11},"end":{"line":56,"column":null}}]},"7":{"loc":{"start":{"line":50,"column":15},"end":{"line":50,"column":56}},"type":"binary-expr","locations":[{"start":{"line":50,"column":15},"end":{"line":50,"column":39}},{"start":{"line":50,"column":43},"end":{"line":50,"column":56}}]},"8":{"loc":{"start":{"line":52,"column":11},"end":{"line":56,"column":null}},"type":"if","locations":[{"start":{"line":52,"column":11},"end":{"line":56,"column":null}},{"start":{"line":54,"column":11},"end":{"line":56,"column":null}}]},"9":{"loc":{"start":{"line":52,"column":15},"end":{"line":52,"column":62}},"type":"binary-expr","locations":[{"start":{"line":52,"column":15},"end":{"line":52,"column":39}},{"start":{"line":52,"column":43},"end":{"line":52,"column":62}}]},"10":{"loc":{"start":{"line":54,"column":11},"end":{"line":56,"column":null}},"type":"if","locations":[{"start":{"line":54,"column":11},"end":{"line":56,"column":null}}]},"11":{"loc":{"start":{"line":54,"column":15},"end":{"line":54,"column":56}},"type":"binary-expr","locations":[{"start":{"line":54,"column":15},"end":{"line":54,"column":39}},{"start":{"line":54,"column":43},"end":{"line":54,"column":56}}]},"12":{"loc":{"start":{"line":68,"column":4},"end":{"line":68,"column":50}},"type":"if","locations":[{"start":{"line":68,"column":4},"end":{"line":68,"column":50}}]},"13":{"loc":{"start":{"line":70,"column":4},"end":{"line":90,"column":null}},"type":"if","locations":[{"start":{"line":70,"column":4},"end":{"line":90,"column":null}},{"start":{"line":72,"column":11},"end":{"line":90,"column":null}}]},"14":{"loc":{"start":{"line":72,"column":11},"end":{"line":90,"column":null}},"type":"if","locations":[{"start":{"line":72,"column":11},"end":{"line":90,"column":null}},{"start":{"line":74,"column":11},"end":{"line":90,"column":null}}]},"15":{"loc":{"start":{"line":74,"column":11},"end":{"line":90,"column":null}},"type":"if","locations":[{"start":{"line":74,"column":11},"end":{"line":90,"column":null}},{"start":{"line":76,"column":11},"end":{"line":90,"column":null}}]},"16":{"loc":{"start":{"line":76,"column":11},"end":{"line":90,"column":null}},"type":"if","locations":[{"start":{"line":76,"column":11},"end":{"line":90,"column":null}},{"start":{"line":78,"column":11},"end":{"line":90,"column":null}}]},"17":{"loc":{"start":{"line":78,"column":11},"end":{"line":90,"column":null}},"type":"if","locations":[{"start":{"line":78,"column":11},"end":{"line":90,"column":null}},{"start":{"line":80,"column":11},"end":{"line":90,"column":null}}]},"18":{"loc":{"start":{"line":78,"column":15},"end":{"line":78,"column":55}},"type":"binary-expr","locations":[{"start":{"line":78,"column":15},"end":{"line":78,"column":37}},{"start":{"line":78,"column":41},"end":{"line":78,"column":55}}]},"19":{"loc":{"start":{"line":80,"column":11},"end":{"line":90,"column":null}},"type":"if","locations":[{"start":{"line":80,"column":11},"end":{"line":90,"column":null}},{"start":{"line":88,"column":11},"end":{"line":90,"column":null}}]},"20":{"loc":{"start":{"line":80,"column":15},"end":{"line":80,"column":61}},"type":"binary-expr","locations":[{"start":{"line":80,"column":15},"end":{"line":80,"column":37}},{"start":{"line":80,"column":41},"end":{"line":80,"column":61}}]},"21":{"loc":{"start":{"line":88,"column":11},"end":{"line":90,"column":null}},"type":"if","locations":[{"start":{"line":88,"column":11},"end":{"line":90,"column":null}}]},"22":{"loc":{"start":{"line":88,"column":15},"end":{"line":88,"column":55}},"type":"binary-expr","locations":[{"start":{"line":88,"column":15},"end":{"line":88,"column":37}},{"start":{"line":88,"column":41},"end":{"line":88,"column":55}}]},"23":{"loc":{"start":{"line":98,"column":2},"end":{"line":100,"column":null}},"type":"if","locations":[{"start":{"line":98,"column":2},"end":{"line":100,"column":null}}]},"24":{"loc":{"start":{"line":105,"column":2},"end":{"line":107,"column":null}},"type":"if","locations":[{"start":{"line":105,"column":2},"end":{"line":107,"column":null}}]}},"s":{"0":1,"1":1,"2":13,"3":13,"4":13,"5":13,"6":13,"7":0,"8":13,"9":1,"10":3656,"11":224,"12":0,"13":224,"14":0,"15":224,"16":0,"17":224,"18":224,"19":0,"20":0,"21":0,"22":0,"23":0,"24":0,"25":0,"26":3432,"27":3432,"28":6133,"29":6133,"30":6133,"31":0,"32":6133,"33":48,"34":6085,"35":0,"36":6085,"37":36,"38":6049,"39":2411,"40":3638,"41":0,"42":3638,"43":290,"44":392,"45":290,"46":3348,"47":3251,"48":3432,"49":1,"50":290,"51":241,"52":49,"53":49,"54":151,"55":49,"56":49,"57":0},"f":{"0":13,"1":0,"2":3656,"3":0,"4":392,"5":290,"6":151},"b":{"0":[224],"1":[3656,3656,3656],"2":[0,224],"3":[0,224],"4":[0,224],"5":[224,0],"6":[0,0],"7":[0,0],"8":[0,0],"9":[0,0],"10":[0],"11":[0,0],"12":[0],"13":[48,6085],"14":[0,6085],"15":[36,6049],"16":[2411,3638],"17":[0,3638],"18":[3638,3541],"19":[290,3348],"20":[3638,3541],"21":[3251],"22":[3348,3251],"23":[241],"24":[49]}}
}
