{"/home/assis/Projetos/cogup/fastapi/src/index.ts": {"path":"/home/assis/Projetos/cogup/fastapi/src/index.ts","statementMap":{"0":{"start":{"line":1,"column":0},"end":{"line":1,"column":33}},"1":{"start":{"line":2,"column":0},"end":{"line":2,"column":67}},"2":{"start":{"line":3,"column":0},"end":{"line":3,"column":null}},"3":{"start":{"line":464,"column":2},"end":{"line":13,"column":null}},"4":{"start":{"line":15,"column":0},"end":{"line":15,"column":null}},"5":{"start":{"line":461,"column":20},"end":{"line":19,"column":null}},"6":{"start":{"line":24,"column":0},"end":{"line":24,"column":42}},"7":{"start":{"line":25,"column":0},"end":{"line":25,"column":null}},"8":{"start":{"line":36,"column":0},"end":{"line":36,"column":9}},"9":{"start":{"line":460,"column":2},"end":{"line":36,"column":38}},"10":{"start":{"line":37,"column":0},"end":{"line":37,"column":33}},"11":{"start":{"line":39,"column":0},"end":{"line":39,"column":46}},"12":{"start":{"line":40,"column":0},"end":{"line":40,"column":null}},"13":{"start":{"line":50,"column":0},"end":{"line":50,"column":70}},"14":{"start":{"line":51,"column":0},"end":{"line":51,"column":50}},"15":{"start":{"line":52,"column":0},"end":{"line":52,"column":20}},"16":{"start":{"line":55,"column":2},"end":{"line":65,"column":null}},"17":{"start":{"line":56,"column":24},"end":{"line":58,"column":null}},"18":{"start":{"line":60,"column":26},"end":{"line":60,"column":49}},"19":{"start":{"line":62,"column":4},"end":{"line":62,"column":33}},"20":{"start":{"line":64,"column":4},"end":{"line":64,"column":23}},"21":{"start":{"line":54,"column":0},"end":{"line":54,"column":16}},"22":{"start":{"line":107,"column":18},"end":{"line":111,"column":4}},"23":{"start":{"line":112,"column":28},"end":{"line":112,"column":30}},"24":{"start":{"line":113,"column":39},"end":{"line":116,"column":4}},"25":{"start":{"line":117,"column":28},"end":{"line":117,"column":30}},"26":{"start":{"line":118,"column":21},"end":{"line":118,"column":23}},"27":{"start":{"line":119,"column":15},"end":{"line":125,"column":4}},"28":{"start":{"line":126,"column":23},"end":{"line":126,"column":25}},"29":{"start":{"line":128,"column":25},"end":{"line":128,"column":27}},"30":{"start":{"line":129,"column":19},"end":{"line":129,"column":21}},"31":{"start":{"line":130,"column":15},"end":{"line":132,"column":4}},"32":{"start":{"line":133,"column":22},"end":{"line":133,"column":27}},"33":{"start":{"line":138,"column":52},"end":{"line":138,"column":54}},"34":{"start":{"line":139,"column":19},"end":{"line":139,"column":23}},"35":{"start":{"line":140,"column":19},"end":{"line":140,"column":23}},"36":{"start":{"line":143,"column":4},"end":{"line":198,"column":null}},"37":{"start":{"line":144,"column":6},"end":{"line":146,"column":null}},"38":{"start":{"line":145,"column":8},"end":{"line":145,"column":35}},"39":{"start":{"line":148,"column":6},"end":{"line":150,"column":null}},"40":{"start":{"line":149,"column":8},"end":{"line":149,"column":39}},"41":{"start":{"line":152,"column":6},"end":{"line":154,"column":null}},"42":{"start":{"line":153,"column":8},"end":{"line":153,"column":31}},"43":{"start":{"line":156,"column":6},"end":{"line":158,"column":null}},"44":{"start":{"line":157,"column":8},"end":{"line":157,"column":31}},"45":{"start":{"line":160,"column":6},"end":{"line":162,"column":null}},"46":{"start":{"line":161,"column":8},"end":{"line":161,"column":57}},"47":{"start":{"line":164,"column":6},"end":{"line":166,"column":null}},"48":{"start":{"line":165,"column":8},"end":{"line":165,"column":41}},"49":{"start":{"line":168,"column":6},"end":{"line":170,"column":null}},"50":{"start":{"line":169,"column":8},"end":{"line":169,"column":31}},"51":{"start":{"line":172,"column":6},"end":{"line":181,"column":null}},"52":{"start":{"line":173,"column":8},"end":{"line":173,"column":37}},"53":{"start":{"line":175,"column":8},"end":{"line":180,"column":10}},"54":{"start":{"line":183,"column":6},"end":{"line":185,"column":null}},"55":{"start":{"line":184,"column":8},"end":{"line":184,"column":41}},"56":{"start":{"line":187,"column":6},"end":{"line":189,"column":null}},"57":{"start":{"line":188,"column":8},"end":{"line":188,"column":51}},"58":{"start":{"line":191,"column":6},"end":{"line":193,"column":null}},"59":{"start":{"line":192,"column":8},"end":{"line":192,"column":51}},"60":{"start":{"line":195,"column":6},"end":{"line":197,"column":null}},"61":{"start":{"line":196,"column":8},"end":{"line":196,"column":38}},"62":{"start":{"line":200,"column":4},"end":{"line":200,"column":21}},"63":{"start":{"line":201,"column":4},"end":{"line":201,"column":62}},"64":{"start":{"line":203,"column":4},"end":{"line":210,"column":null}},"65":{"start":{"line":204,"column":6},"end":{"line":204,"column":24}},"66":{"start":{"line":206,"column":6},"end":{"line":209,"column":null}},"67":{"start":{"line":207,"column":8},"end":{"line":207,"column":29}},"68":{"start":{"line":208,"column":8},"end":{"line":208,"column":26}},"69":{"start":{"line":212,"column":4},"end":{"line":212,"column":16}},"70":{"start":{"line":216,"column":4},"end":{"line":216,"column":31}},"71":{"start":{"line":220,"column":4},"end":{"line":220,"column":25}},"72":{"start":{"line":224,"column":4},"end":{"line":226,"column":null}},"73":{"start":{"line":225,"column":6},"end":{"line":225,"column":28}},"74":{"start":{"line":232,"column":4},"end":{"line":236,"column":null}},"75":{"start":{"line":233,"column":6},"end":{"line":233,"column":27}},"76":{"start":{"line":235,"column":6},"end":{"line":235,"column":27}},"77":{"start":{"line":238,"column":4},"end":{"line":267,"column":null}},"78":{"start":{"line":239,"column":24},"end":{"line":239,"column":68}},"79":{"start":{"line":241,"column":6},"end":{"line":241,"column":33}},"80":{"start":{"line":243,"column":6},"end":{"line":249,"column":null}},"81":{"start":{"line":244,"column":25},"end":{"line":244,"column":39}},"82":{"start":{"line":246,"column":10},"end":{"line":247,"column":38}},"83":{"start":{"line":248,"column":8},"end":{"line":248,"column":48}},"84":{"start":{"line":250,"column":11},"end":{"line":267,"column":null}},"85":{"start":{"line":251,"column":25},"end":{"line":251,"column":31}},"86":{"start":{"line":253,"column":6},"end":{"line":256,"column":8}},"87":{"start":{"line":258,"column":6},"end":{"line":264,"column":null}},"88":{"start":{"line":259,"column":25},"end":{"line":259,"column":44}},"89":{"start":{"line":261,"column":10},"end":{"line":262,"column":38}},"90":{"start":{"line":263,"column":8},"end":{"line":263,"column":48}},"91":{"start":{"line":266,"column":6},"end":{"line":266,"column":42}},"92":{"start":{"line":271,"column":30},"end":{"line":271,"column":32}},"93":{"start":{"line":273,"column":22},"end":{"line":273,"column":36}},"94":{"start":{"line":274,"column":17},"end":{"line":274,"column":26}},"95":{"start":{"line":275,"column":21},"end":{"line":275,"column":34}},"96":{"start":{"line":276,"column":34},"end":{"line":278,"column":6}},"97":{"start":{"line":280,"column":25},"end":{"line":280,"column":51}},"98":{"start":{"line":282,"column":4},"end":{"line":301,"column":null}},"99":{"start":{"line":283,"column":23},"end":{"line":283,"column":37}},"100":{"start":{"line":284,"column":29},"end":{"line":284,"column":67}},"101":{"start":{"line":285,"column":20},"end":{"line":285,"column":49}},"102":{"start":{"line":286,"column":24},"end":{"line":286,"column":62}},"103":{"start":{"line":288,"column":6},"end":{"line":293,"column":9}},"104":{"start":{"line":295,"column":6},"end":{"line":298,"column":8}},"105":{"start":{"line":300,"column":6},"end":{"line":300,"column":60}},"106":{"start":{"line":303,"column":16},"end":{"line":303,"column":27}},"107":{"start":{"line":305,"column":4},"end":{"line":308,"column":7}},"108":{"start":{"line":306,"column":6},"end":{"line":306,"column":46}},"109":{"start":{"line":307,"column":6},"end":{"line":307,"column":52}},"110":{"start":{"line":310,"column":19},"end":{"line":310,"column":59}},"111":{"start":{"line":312,"column":4},"end":{"line":312,"column":38}},"112":{"start":{"line":314,"column":24},"end":{"line":314,"column":45}},"113":{"start":{"line":316,"column":21},"end":{"line":320,"column":6}},"114":{"start":{"line":322,"column":20},"end":{"line":327,"column":6}},"115":{"start":{"line":329,"column":4},"end":{"line":329,"column":36}},"116":{"start":{"line":331,"column":4},"end":{"line":331,"column":46}},"117":{"start":{"line":333,"column":4},"end":{"line":339,"column":7}},"118":{"start":{"line":338,"column":6},"end":{"line":338,"column":24}},"119":{"start":{"line":343,"column":4},"end":{"line":347,"column":null}},"120":{"start":{"line":344,"column":6},"end":{"line":346,"column":9}},"121":{"start":{"line":345,"column":8},"end":{"line":345,"column":29}},"122":{"start":{"line":351,"column":4},"end":{"line":351,"column":43}},"123":{"start":{"line":352,"column":4},"end":{"line":352,"column":28}},"124":{"start":{"line":356,"column":4},"end":{"line":356,"column":57}},"125":{"start":{"line":360,"column":4},"end":{"line":371,"column":null}},"126":{"start":{"line":361,"column":6},"end":{"line":361,"column":39}},"127":{"start":{"line":362,"column":11},"end":{"line":371,"column":null}},"128":{"start":{"line":363,"column":6},"end":{"line":363,"column":43}},"129":{"start":{"line":364,"column":6},"end":{"line":364,"column":35}},"130":{"start":{"line":365,"column":11},"end":{"line":371,"column":null}},"131":{"start":{"line":366,"column":22},"end":{"line":366,"column":34}},"132":{"start":{"line":367,"column":6},"end":{"line":367,"column":44}},"133":{"start":{"line":368,"column":6},"end":{"line":368,"column":36}},"134":{"start":{"line":370,"column":6},"end":{"line":370,"column":31}},"135":{"start":{"line":375,"column":4},"end":{"line":384,"column":null}},"136":{"start":{"line":376,"column":6},"end":{"line":376,"column":70}},"137":{"start":{"line":377,"column":6},"end":{"line":377,"column":37}},"138":{"start":{"line":378,"column":11},"end":{"line":384,"column":null}},"139":{"start":{"line":379,"column":22},"end":{"line":379,"column":36}},"140":{"start":{"line":380,"column":6},"end":{"line":380,"column":69}},"141":{"start":{"line":381,"column":6},"end":{"line":381,"column":36}},"142":{"start":{"line":383,"column":6},"end":{"line":383,"column":56}},"143":{"start":{"line":388,"column":4},"end":{"line":390,"column":7}},"144":{"start":{"line":392,"column":4},"end":{"line":392,"column":16}},"145":{"start":{"line":396,"column":4},"end":{"line":398,"column":7}},"146":{"start":{"line":402,"column":4},"end":{"line":404,"column":7}},"147":{"start":{"line":408,"column":4},"end":{"line":410,"column":7}},"148":{"start":{"line":414,"column":4},"end":{"line":416,"column":7}},"149":{"start":{"line":420,"column":4},"end":{"line":422,"column":7}},"150":{"start":{"line":427,"column":4},"end":{"line":427,"column":42}},"151":{"start":{"line":428,"column":4},"end":{"line":428,"column":16}},"152":{"start":{"line":432,"column":4},"end":{"line":432,"column":45}},"153":{"start":{"line":433,"column":4},"end":{"line":433,"column":16}},"154":{"start":{"line":437,"column":4},"end":{"line":437,"column":36}},"155":{"start":{"line":438,"column":4},"end":{"line":438,"column":16}},"156":{"start":{"line":442,"column":4},"end":{"line":444,"column":null}},"157":{"start":{"line":443,"column":6},"end":{"line":443,"column":48}},"158":{"start":{"line":446,"column":4},"end":{"line":446,"column":28}},"159":{"start":{"line":106,"column":0},"end":{"line":106,"column":13}},"160":{"start":{"line":450,"column":0},"end":{"line":450,"column":9}},"161":{"start":{"line":450,"column":9},"end":{"line":450,"column":22}},"162":{"start":{"line":450,"column":22},"end":{"line":450,"column":64}},"163":{"start":{"line":451,"column":0},"end":{"line":451,"column":9}},"164":{"start":{"line":451,"column":9},"end":{"line":451,"column":62}},"165":{"start":{"line":452,"column":0},"end":{"line":452,"column":null}},"166":{"start":{"line":453,"column":2},"end":{"line":453,"column":null}},"167":{"start":{"line":454,"column":2},"end":{"line":454,"column":null}},"168":{"start":{"line":455,"column":2},"end":{"line":455,"column":null}},"169":{"start":{"line":456,"column":2},"end":{"line":456,"column":null}},"170":{"start":{"line":458,"column":0},"end":{"line":458,"column":9}},"171":{"start":{"line":458,"column":9},"end":{"line":458,"column":53}},"172":{"start":{"line":467,"column":0},"end":{"line":467,"column":9}},"173":{"start":{"line":467,"column":9},"end":{"line":467,"column":56}},"174":{"start":{"line":472,"column":0},"end":{"line":472,"column":null}},"175":{"start":{"line":473,"column":2},"end":{"line":473,"column":null}},"176":{"start":{"line":474,"column":2},"end":{"line":474,"column":null}},"177":{"start":{"line":475,"column":2},"end":{"line":475,"column":null}},"178":{"start":{"line":476,"column":2},"end":{"line":476,"column":null}},"179":{"start":{"line":477,"column":2},"end":{"line":477,"column":null}},"180":{"start":{"line":478,"column":2},"end":{"line":478,"column":null}},"181":{"start":{"line":480,"column":0},"end":{"line":480,"column":null}},"182":{"start":{"line":481,"column":2},"end":{"line":481,"column":null}},"183":{"start":{"line":482,"column":2},"end":{"line":482,"column":null}},"184":{"start":{"line":483,"column":2},"end":{"line":483,"column":null}},"185":{"start":{"line":484,"column":2},"end":{"line":484,"column":null}},"186":{"start":{"line":485,"column":2},"end":{"line":485,"column":null}},"187":{"start":{"line":486,"column":2},"end":{"line":486,"column":null}},"188":{"start":{"line":489,"column":13},"end":{"line":496,"column":2}}},"fnMap":{"0":{"name":"(anonymous_1)","decl":{"start":{"line":464,"column":2},"end":{"line":464,"column":19}},"loc":{"start":{"line":464,"column":2},"end":{"line":13,"column":null}}},"1":{"name":"(anonymous_2)","decl":{"start":{"line":461,"column":20},"end":{"line":461,"column":25}},"loc":{"start":{"line":461,"column":20},"end":{"line":19,"column":null}}},"2":{"name":"(anonymous_3)","decl":{"start":{"line":460,"column":2},"end":{"line":460,"column":11}},"loc":{"start":{"line":460,"column":2},"end":{"line":36,"column":38}}},"3":{"name":"getAppVersion","decl":{"start":{"line":54,"column":16},"end":{"line":54,"column":29}},"loc":{"start":{"line":54,"column":29},"end":{"line":66,"column":1}}},"4":{"name":"(anonymous_5)","decl":{"start":{"line":142,"column":2},"end":{"line":142,"column":14}},"loc":{"start":{"line":142,"column":36},"end":{"line":213,"column":3}}},"5":{"name":"(anonymous_6)","decl":{"start":{"line":215,"column":2},"end":{"line":215,"column":14}},"loc":{"start":{"line":215,"column":35},"end":{"line":217,"column":3}}},"6":{"name":"(anonymous_7)","decl":{"start":{"line":219,"column":2},"end":{"line":219,"column":11}},"loc":{"start":{"line":219,"column":71},"end":{"line":221,"column":3}}},"7":{"name":"(anonymous_8)","decl":{"start":{"line":223,"column":10},"end":{"line":223,"column":23}},"loc":{"start":{"line":223,"column":23},"end":{"line":227,"column":3}}},"8":{"name":"(anonymous_9)","decl":{"start":{"line":229,"column":2},"end":{"line":229,"column":12}},"loc":{"start":{"line":230,"column":64},"end":{"line":268,"column":3}}},"9":{"name":"(anonymous_10)","decl":{"start":{"line":270,"column":2},"end":{"line":270,"column":12}},"loc":{"start":{"line":270,"column":12},"end":{"line":340,"column":3}}},"10":{"name":"(anonymous_11)","decl":{"start":{"line":305,"column":24},"end":{"line":305,"column":25}},"loc":{"start":{"line":305,"column":34},"end":{"line":308,"column":5}}},"11":{"name":"(anonymous_12)","decl":{"start":{"line":333,"column":37},"end":{"line":333,"column":null}},"loc":{"start":{"line":336,"column":25},"end":{"line":339,"column":5}}},"12":{"name":"(anonymous_13)","decl":{"start":{"line":342,"column":2},"end":{"line":342,"column":18}},"loc":{"start":{"line":342,"column":18},"end":{"line":348,"column":3}}},"13":{"name":"(anonymous_14)","decl":{"start":{"line":344,"column":29},"end":{"line":344,"column":30}},"loc":{"start":{"line":344,"column":69},"end":{"line":346,"column":7}}},"14":{"name":"(anonymous_15)","decl":{"start":{"line":350,"column":2},"end":{"line":350,"column":7}},"loc":{"start":{"line":350,"column":14},"end":{"line":353,"column":3}}},"15":{"name":"(anonymous_16)","decl":{"start":{"line":355,"column":2},"end":{"line":355,"column":13}},"loc":{"start":{"line":355,"column":49},"end":{"line":357,"column":3}}},"16":{"name":"(anonymous_17)","decl":{"start":{"line":359,"column":2},"end":{"line":359,"column":11}},"loc":{"start":{"line":359,"column":30},"end":{"line":372,"column":3}}},"17":{"name":"(anonymous_18)","decl":{"start":{"line":374,"column":2},"end":{"line":374,"column":13}},"loc":{"start":{"line":374,"column":54},"end":{"line":385,"column":3}}},"18":{"name":"(anonymous_19)","decl":{"start":{"line":387,"column":2},"end":{"line":387,"column":6}},"loc":{"start":{"line":387,"column":37},"end":{"line":393,"column":3}}},"19":{"name":"(anonymous_20)","decl":{"start":{"line":395,"column":2},"end":{"line":395,"column":5}},"loc":{"start":{"line":395,"column":34},"end":{"line":399,"column":3}}},"20":{"name":"(anonymous_21)","decl":{"start":{"line":401,"column":2},"end":{"line":401,"column":6}},"loc":{"start":{"line":401,"column":35},"end":{"line":405,"column":3}}},"21":{"name":"(anonymous_22)","decl":{"start":{"line":407,"column":2},"end":{"line":407,"column":5}},"loc":{"start":{"line":407,"column":34},"end":{"line":411,"column":3}}},"22":{"name":"(anonymous_23)","decl":{"start":{"line":413,"column":2},"end":{"line":413,"column":8}},"loc":{"start":{"line":413,"column":37},"end":{"line":417,"column":3}}},"23":{"name":"(anonymous_24)","decl":{"start":{"line":419,"column":2},"end":{"line":419,"column":7}},"loc":{"start":{"line":419,"column":36},"end":{"line":423,"column":3}}},"24":{"name":"(anonymous_25)","decl":{"start":{"line":426,"column":2},"end":{"line":426,"column":4}},"loc":{"start":{"line":426,"column":63},"end":{"line":429,"column":3}}},"25":{"name":"(anonymous_26)","decl":{"start":{"line":431,"column":2},"end":{"line":431,"column":6}},"loc":{"start":{"line":431,"column":61},"end":{"line":434,"column":3}}},"26":{"name":"(anonymous_27)","decl":{"start":{"line":436,"column":2},"end":{"line":436,"column":16}},"loc":{"start":{"line":436,"column":50},"end":{"line":439,"column":3}}},"27":{"name":"(anonymous_28)","decl":{"start":{"line":441,"column":2},"end":{"line":441,"column":16}},"loc":{"start":{"line":441,"column":16},"end":{"line":447,"column":3}}},"28":{"name":"(anonymous_29)","decl":{"start":{"line":450,"column":9},"end":{"line":450,"column":20}},"loc":{"start":{"line":450,"column":9},"end":{"line":450,"column":22}}},"29":{"name":"(anonymous_30)","decl":{"start":{"line":450,"column":22},"end":{"line":450,"column":35}},"loc":{"start":{"line":450,"column":22},"end":{"line":450,"column":64}}},"30":{"name":"(anonymous_31)","decl":{"start":{"line":451,"column":9},"end":{"line":451,"column":22}},"loc":{"start":{"line":451,"column":9},"end":{"line":451,"column":62}}},"31":{"name":"(anonymous_32)","decl":{"start":{"line":453,"column":2},"end":{"line":453,"column":15}},"loc":{"start":{"line":453,"column":2},"end":{"line":453,"column":null}}},"32":{"name":"(anonymous_33)","decl":{"start":{"line":454,"column":2},"end":{"line":454,"column":12}},"loc":{"start":{"line":454,"column":2},"end":{"line":454,"column":null}}},"33":{"name":"(anonymous_34)","decl":{"start":{"line":455,"column":2},"end":{"line":455,"column":14}},"loc":{"start":{"line":455,"column":2},"end":{"line":455,"column":null}}},"34":{"name":"(anonymous_35)","decl":{"start":{"line":456,"column":2},"end":{"line":456,"column":21}},"loc":{"start":{"line":456,"column":2},"end":{"line":456,"column":null}}},"35":{"name":"(anonymous_36)","decl":{"start":{"line":458,"column":9},"end":{"line":458,"column":21}},"loc":{"start":{"line":458,"column":9},"end":{"line":458,"column":53}}},"36":{"name":"(anonymous_37)","decl":{"start":{"line":467,"column":9},"end":{"line":467,"column":20}},"loc":{"start":{"line":467,"column":9},"end":{"line":467,"column":56}}},"37":{"name":"(anonymous_38)","decl":{"start":{"line":473,"column":2},"end":{"line":473,"column":5}},"loc":{"start":{"line":473,"column":2},"end":{"line":473,"column":null}}},"38":{"name":"(anonymous_39)","decl":{"start":{"line":474,"column":2},"end":{"line":474,"column":6}},"loc":{"start":{"line":474,"column":2},"end":{"line":474,"column":null}}},"39":{"name":"(anonymous_40)","decl":{"start":{"line":475,"column":2},"end":{"line":475,"column":5}},"loc":{"start":{"line":475,"column":2},"end":{"line":475,"column":null}}},"40":{"name":"(anonymous_41)","decl":{"start":{"line":476,"column":2},"end":{"line":476,"column":7}},"loc":{"start":{"line":476,"column":2},"end":{"line":476,"column":null}}},"41":{"name":"(anonymous_42)","decl":{"start":{"line":477,"column":2},"end":{"line":477,"column":8}},"loc":{"start":{"line":477,"column":2},"end":{"line":477,"column":null}}},"42":{"name":"(anonymous_43)","decl":{"start":{"line":478,"column":2},"end":{"line":478,"column":13}},"loc":{"start":{"line":478,"column":2},"end":{"line":478,"column":null}}},"43":{"name":"(anonymous_44)","decl":{"start":{"line":481,"column":2},"end":{"line":481,"column":8}},"loc":{"start":{"line":481,"column":2},"end":{"line":481,"column":null}}},"44":{"name":"(anonymous_45)","decl":{"start":{"line":482,"column":2},"end":{"line":482,"column":8}},"loc":{"start":{"line":482,"column":2},"end":{"line":482,"column":null}}},"45":{"name":"(anonymous_46)","decl":{"start":{"line":483,"column":2},"end":{"line":483,"column":8}},"loc":{"start":{"line":483,"column":2},"end":{"line":483,"column":null}}},"46":{"name":"(anonymous_47)","decl":{"start":{"line":484,"column":2},"end":{"line":484,"column":8}},"loc":{"start":{"line":484,"column":2},"end":{"line":484,"column":null}}},"47":{"name":"(anonymous_48)","decl":{"start":{"line":485,"column":2},"end":{"line":485,"column":8}},"loc":{"start":{"line":485,"column":2},"end":{"line":485,"column":null}}},"48":{"name":"(anonymous_49)","decl":{"start":{"line":486,"column":2},"end":{"line":486,"column":14}},"loc":{"start":{"line":486,"column":2},"end":{"line":486,"column":null}}}},"branchMap":{"0":{"loc":{"start":{"line":143,"column":4},"end":{"line":198,"column":null}},"type":"if","locations":[{"start":{"line":143,"column":4},"end":{"line":198,"column":null}}]},"1":{"loc":{"start":{"line":144,"column":6},"end":{"line":146,"column":null}},"type":"if","locations":[{"start":{"line":144,"column":6},"end":{"line":146,"column":null}}]},"2":{"loc":{"start":{"line":148,"column":6},"end":{"line":150,"column":null}},"type":"if","locations":[{"start":{"line":148,"column":6},"end":{"line":150,"column":null}}]},"3":{"loc":{"start":{"line":152,"column":6},"end":{"line":154,"column":null}},"type":"if","locations":[{"start":{"line":152,"column":6},"end":{"line":154,"column":null}}]},"4":{"loc":{"start":{"line":156,"column":6},"end":{"line":158,"column":null}},"type":"if","locations":[{"start":{"line":156,"column":6},"end":{"line":158,"column":null}}]},"5":{"loc":{"start":{"line":160,"column":6},"end":{"line":162,"column":null}},"type":"if","locations":[{"start":{"line":160,"column":6},"end":{"line":162,"column":null}}]},"6":{"loc":{"start":{"line":164,"column":6},"end":{"line":166,"column":null}},"type":"if","locations":[{"start":{"line":164,"column":6},"end":{"line":166,"column":null}}]},"7":{"loc":{"start":{"line":168,"column":6},"end":{"line":170,"column":null}},"type":"if","locations":[{"start":{"line":168,"column":6},"end":{"line":170,"column":null}}]},"8":{"loc":{"start":{"line":172,"column":6},"end":{"line":181,"column":null}},"type":"if","locations":[{"start":{"line":172,"column":6},"end":{"line":181,"column":null}},{"start":{"line":174,"column":13},"end":{"line":181,"column":null}}]},"9":{"loc":{"start":{"line":183,"column":6},"end":{"line":185,"column":null}},"type":"if","locations":[{"start":{"line":183,"column":6},"end":{"line":185,"column":null}}]},"10":{"loc":{"start":{"line":187,"column":6},"end":{"line":189,"column":null}},"type":"if","locations":[{"start":{"line":187,"column":6},"end":{"line":189,"column":null}}]},"11":{"loc":{"start":{"line":191,"column":6},"end":{"line":193,"column":null}},"type":"if","locations":[{"start":{"line":191,"column":6},"end":{"line":193,"column":null}}]},"12":{"loc":{"start":{"line":195,"column":6},"end":{"line":197,"column":null}},"type":"if","locations":[{"start":{"line":195,"column":6},"end":{"line":197,"column":null}}]},"13":{"loc":{"start":{"line":203,"column":4},"end":{"line":210,"column":null}},"type":"if","locations":[{"start":{"line":203,"column":4},"end":{"line":210,"column":null}}]},"14":{"loc":{"start":{"line":203,"column":8},"end":{"line":203,"column":56}},"type":"binary-expr","locations":[{"start":{"line":203,"column":8},"end":{"line":203,"column":27}},{"start":{"line":203,"column":31},"end":{"line":203,"column":56}}]},"15":{"loc":{"start":{"line":206,"column":6},"end":{"line":209,"column":null}},"type":"if","locations":[{"start":{"line":206,"column":6},"end":{"line":209,"column":null}}]},"16":{"loc":{"start":{"line":232,"column":4},"end":{"line":236,"column":null}},"type":"if","locations":[{"start":{"line":232,"column":4},"end":{"line":236,"column":null}},{"start":{"line":234,"column":11},"end":{"line":236,"column":null}}]},"17":{"loc":{"start":{"line":238,"column":4},"end":{"line":267,"column":null}},"type":"if","locations":[{"start":{"line":238,"column":4},"end":{"line":267,"column":null}},{"start":{"line":250,"column":11},"end":{"line":267,"column":null}}]},"18":{"loc":{"start":{"line":238,"column":8},"end":{"line":238,"column":72}},"type":"binary-expr","locations":[{"start":{"line":238,"column":8},"end":{"line":238,"column":31}},{"start":{"line":238,"column":35},"end":{"line":238,"column":72}}]},"19":{"loc":{"start":{"line":250,"column":11},"end":{"line":267,"column":null}},"type":"if","locations":[{"start":{"line":250,"column":11},"end":{"line":267,"column":null}},{"start":{"line":265,"column":11},"end":{"line":267,"column":null}}]},"20":{"loc":{"start":{"line":343,"column":4},"end":{"line":347,"column":null}},"type":"if","locations":[{"start":{"line":343,"column":4},"end":{"line":347,"column":null}}]},"21":{"loc":{"start":{"line":360,"column":4},"end":{"line":371,"column":null}},"type":"if","locations":[{"start":{"line":360,"column":4},"end":{"line":371,"column":null}},{"start":{"line":362,"column":11},"end":{"line":371,"column":null}}]},"22":{"loc":{"start":{"line":360,"column":8},"end":{"line":360,"column":72}},"type":"binary-expr","locations":[{"start":{"line":360,"column":8},"end":{"line":360,"column":39}},{"start":{"line":360,"column":43},"end":{"line":360,"column":72}}]},"23":{"loc":{"start":{"line":362,"column":11},"end":{"line":371,"column":null}},"type":"if","locations":[{"start":{"line":362,"column":11},"end":{"line":371,"column":null}},{"start":{"line":365,"column":11},"end":{"line":371,"column":null}}]},"24":{"loc":{"start":{"line":365,"column":11},"end":{"line":371,"column":null}},"type":"if","locations":[{"start":{"line":365,"column":11},"end":{"line":371,"column":null}},{"start":{"line":369,"column":11},"end":{"line":371,"column":null}}]},"25":{"loc":{"start":{"line":375,"column":4},"end":{"line":384,"column":null}},"type":"if","locations":[{"start":{"line":375,"column":4},"end":{"line":384,"column":null}},{"start":{"line":378,"column":11},"end":{"line":384,"column":null}}]},"26":{"loc":{"start":{"line":378,"column":11},"end":{"line":384,"column":null}},"type":"if","locations":[{"start":{"line":378,"column":11},"end":{"line":384,"column":null}},{"start":{"line":382,"column":11},"end":{"line":384,"column":null}}]},"27":{"loc":{"start":{"line":442,"column":4},"end":{"line":444,"column":null}},"type":"if","locations":[{"start":{"line":442,"column":4},"end":{"line":444,"column":null}}]}},"s":{"0":1,"1":1,"2":1,"3":1,"4":1,"5":7,"6":1,"7":1,"8":1,"9":13,"10":1,"11":1,"12":1,"13":1,"14":1,"15":1,"16":17,"17":17,"18":17,"19":17,"20":0,"21":1,"22":17,"23":17,"24":17,"25":17,"26":17,"27":17,"28":17,"29":17,"30":17,"31":17,"32":17,"33":17,"34":17,"35":17,"36":17,"37":6,"38":5,"39":6,"40":0,"41":6,"42":0,"43":6,"44":0,"45":6,"46":0,"47":6,"48":0,"49":6,"50":0,"51":6,"52":0,"53":6,"54":6,"55":6,"56":6,"57":0,"58":6,"59":0,"60":6,"61":0,"62":17,"63":17,"64":17,"65":5,"66":5,"67":5,"68":5,"69":17,"70":6,"71":3,"72":5,"73":0,"74":9,"75":8,"76":1,"77":9,"78":5,"79":5,"80":5,"81":6,"82":6,"83":6,"84":4,"85":4,"86":4,"87":4,"88":7,"89":7,"90":7,"91":0,"92":13,"93":13,"94":13,"95":13,"96":13,"97":13,"98":13,"99":12,"100":12,"101":12,"102":12,"103":12,"104":12,"105":12,"106":13,"107":13,"108":5,"109":5,"110":13,"111":13,"112":13,"113":13,"114":13,"115":13,"116":13,"117":13,"118":2,"119":3,"120":3,"121":3,"122":0,"123":0,"124":0,"125":5,"126":0,"127":5,"128":1,"129":1,"130":4,"131":2,"132":2,"133":2,"134":2,"135":3,"136":2,"137":2,"138":1,"139":1,"140":1,"141":1,"142":0,"143":1,"144":1,"145":1,"146":0,"147":0,"148":0,"149":0,"150":6,"151":6,"152":3,"153":3,"154":0,"155":0,"156":0,"157":0,"158":0,"159":1,"160":1,"161":1,"162":2,"163":1,"164":5,"165":1,"166":5,"167":28,"168":7,"169":6,"170":1,"171":1,"172":1,"173":3,"174":1,"175":4,"176":3,"177":1,"178":1,"179":1,"180":4,"181":1,"182":7,"183":1,"184":1,"185":1,"186":1,"187":4,"188":1},"f":{"0":0,"1":6,"2":12,"3":17,"4":17,"5":6,"6":3,"7":5,"8":9,"9":13,"10":5,"11":2,"12":3,"13":3,"14":0,"15":0,"16":5,"17":3,"18":1,"19":1,"20":0,"21":0,"22":0,"23":0,"24":6,"25":3,"26":0,"27":0,"28":0,"29":1,"30":4,"31":4,"32":27,"33":6,"34":5,"35":0,"36":2,"37":3,"38":2,"39":0,"40":0,"41":0,"42":3,"43":6,"44":0,"45":0,"46":0,"47":0,"48":3},"b":{"0":[6],"1":[5],"2":[0],"3":[0],"4":[0],"5":[0],"6":[0],"7":[0],"8":[0,6],"9":[6],"10":[0],"11":[0],"12":[0],"13":[5],"14":[17,17],"15":[5],"16":[8,1],"17":[5,4],"18":[9,9],"19":[4,0],"20":[3],"21":[0,5],"22":[5,5],"23":[1,4],"24":[2,2],"25":[2,1],"26":[1,0],"27":[0]}}
,"/home/assis/Projetos/cogup/fastapi/src/decorators/handlers.ts": {"path":"/home/assis/Projetos/cogup/fastapi/src/decorators/handlers.ts","statementMap":{"0":{"start":{"line":1,"column":0},"end":{"line":1,"column":59}},"1":{"start":{"line":2,"column":0},"end":{"line":2,"column":66}},"2":{"start":{"line":4,"column":0},"end":{"line":4,"column":26}},"3":{"start":{"line":13,"column":2},"end":{"line":15,"column":null}},"4":{"start":{"line":14,"column":4},"end":{"line":14,"column":24}},"5":{"start":{"line":17,"column":2},"end":{"line":17,"column":27}},"6":{"start":{"line":12,"column":0},"end":{"line":12,"column":16}},"7":{"start":{"line":24,"column":2},"end":{"line":36,"column":4}},"8":{"start":{"line":25,"column":4},"end":{"line":33,"column":6}},"9":{"start":{"line":35,"column":4},"end":{"line":35,"column":22}},"10":{"start":{"line":40,"column":2},"end":{"line":40,"column":71}},"11":{"start":{"line":39,"column":0},"end":{"line":39,"column":16}},"12":{"start":{"line":44,"column":2},"end":{"line":44,"column":72}},"13":{"start":{"line":43,"column":0},"end":{"line":43,"column":16}},"14":{"start":{"line":48,"column":2},"end":{"line":48,"column":72}},"15":{"start":{"line":47,"column":0},"end":{"line":47,"column":16}},"16":{"start":{"line":52,"column":2},"end":{"line":52,"column":71}},"17":{"start":{"line":51,"column":0},"end":{"line":51,"column":16}},"18":{"start":{"line":56,"column":2},"end":{"line":56,"column":71}},"19":{"start":{"line":55,"column":0},"end":{"line":55,"column":16}},"20":{"start":{"line":63,"column":16},"end":{"line":63,"column":43}},"21":{"start":{"line":65,"column":2},"end":{"line":70,"column":null}},"22":{"start":{"line":69,"column":4},"end":{"line":69,"column":22}},"23":{"start":{"line":72,"column":2},"end":{"line":72,"column":22}},"24":{"start":{"line":59,"column":0},"end":{"line":59,"column":16}},"25":{"start":{"line":83,"column":31},"end":{"line":83,"column":33}},"26":{"start":{"line":84,"column":30},"end":{"line":85,"column":null}},"27":{"start":{"line":88,"column":4},"end":{"line":108,"column":null}},"28":{"start":{"line":89,"column":22},"end":{"line":92,"column":null}},"29":{"start":{"line":96,"column":6},"end":{"line":107,"column":null}},"30":{"start":{"line":97,"column":21},"end":{"line":99,"column":null}},"31":{"start":{"line":102,"column":8},"end":{"line":104,"column":null}},"32":{"start":{"line":103,"column":10},"end":{"line":103,"column":30}},"33":{"start":{"line":106,"column":8},"end":{"line":106,"column":80}},"34":{"start":{"line":110,"column":4},"end":{"line":110,"column":20}},"35":{"start":{"line":75,"column":0},"end":{"line":75,"column":13}}},"fnMap":{"0":{"name":"getResourceName","decl":{"start":{"line":12,"column":16},"end":{"line":12,"column":31}},"loc":{"start":{"line":12,"column":67},"end":{"line":18,"column":1}}},"1":{"name":"innerHandlerDecorator","decl":{"start":{"line":20,"column":9},"end":{"line":20,"column":30}},"loc":{"start":{"line":22,"column":38},"end":{"line":37,"column":1}}},"2":{"name":"(anonymous_2)","decl":{"start":{"line":24,"column":9},"end":{"line":24,"column":19}},"loc":{"start":{"line":24,"column":75},"end":{"line":36,"column":3}}},"3":{"name":"Create","decl":{"start":{"line":39,"column":16},"end":{"line":39,"column":22}},"loc":{"start":{"line":39,"column":58},"end":{"line":41,"column":1}}},"4":{"name":"GetAll","decl":{"start":{"line":43,"column":16},"end":{"line":43,"column":22}},"loc":{"start":{"line":43,"column":58},"end":{"line":45,"column":1}}},"5":{"name":"GetOne","decl":{"start":{"line":47,"column":16},"end":{"line":47,"column":22}},"loc":{"start":{"line":47,"column":58},"end":{"line":49,"column":1}}},"6":{"name":"Update","decl":{"start":{"line":51,"column":16},"end":{"line":51,"column":22}},"loc":{"start":{"line":51,"column":58},"end":{"line":53,"column":1}}},"7":{"name":"Remove","decl":{"start":{"line":55,"column":16},"end":{"line":55,"column":22}},"loc":{"start":{"line":55,"column":58},"end":{"line":57,"column":1}}},"8":{"name":"getPathByMethod","decl":{"start":{"line":59,"column":16},"end":{"line":59,"column":31}},"loc":{"start":{"line":61,"column":27},"end":{"line":73,"column":1}}},"9":{"name":"(anonymous_9)","decl":{"start":{"line":80,"column":2},"end":{"line":80,"column":8}},"loc":{"start":{"line":80,"column":25},"end":{"line":80,"column":29}}},"10":{"name":"(anonymous_10)","decl":{"start":{"line":82,"column":2},"end":{"line":82,"column":13}},"loc":{"start":{"line":82,"column":13},"end":{"line":111,"column":3}}}},"branchMap":{"0":{"loc":{"start":{"line":13,"column":2},"end":{"line":15,"column":null}},"type":"if","locations":[{"start":{"line":13,"column":2},"end":{"line":15,"column":null}}]},"1":{"loc":{"start":{"line":65,"column":2},"end":{"line":70,"column":null}},"type":"if","locations":[{"start":{"line":65,"column":2},"end":{"line":70,"column":null}}]},"2":{"loc":{"start":{"line":66,"column":4},"end":{"line":67,"column":40}},"type":"binary-expr","locations":[{"start":{"line":66,"column":4},"end":{"line":66,"column":39}},{"start":{"line":67,"column":4},"end":{"line":67,"column":40}}]},"3":{"loc":{"start":{"line":96,"column":6},"end":{"line":107,"column":null}},"type":"if","locations":[{"start":{"line":96,"column":6},"end":{"line":107,"column":null}}]},"4":{"loc":{"start":{"line":102,"column":8},"end":{"line":104,"column":null}},"type":"if","locations":[{"start":{"line":102,"column":8},"end":{"line":104,"column":null}}]}},"s":{"0":1,"1":1,"2":1,"3":6,"4":0,"5":6,"6":1,"7":6,"8":6,"9":6,"10":6,"11":1,"12":0,"13":1,"14":0,"15":1,"16":0,"17":1,"18":0,"19":1,"20":6,"21":6,"22":6,"23":0,"24":1,"25":3,"26":3,"27":3,"28":9,"29":9,"30":6,"31":6,"32":6,"33":6,"34":3,"35":1},"f":{"0":6,"1":6,"2":6,"3":6,"4":0,"5":0,"6":0,"7":0,"8":6,"9":0,"10":3},"b":{"0":[0],"1":[6],"2":[6,0],"3":[6],"4":[6]}}
,"/home/assis/Projetos/cogup/fastapi/src/decorators/routes.ts": {"path":"/home/assis/Projetos/cogup/fastapi/src/decorators/routes.ts","statementMap":{"0":{"start":{"line":2,"column":0},"end":{"line":2,"column":57}},"1":{"start":{"line":3,"column":0},"end":{"line":3,"column":26}},"2":{"start":{"line":16,"column":2},"end":{"line":20,"column":null}},"3":{"start":{"line":17,"column":4},"end":{"line":19,"column":15}},"4":{"start":{"line":21,"column":2},"end":{"line":33,"column":4}},"5":{"start":{"line":22,"column":4},"end":{"line":30,"column":6}},"6":{"start":{"line":32,"column":4},"end":{"line":32,"column":22}},"7":{"start":{"line":37,"column":2},"end":{"line":37,"column":53}},"8":{"start":{"line":36,"column":0},"end":{"line":36,"column":16}},"9":{"start":{"line":41,"column":2},"end":{"line":41,"column":54}},"10":{"start":{"line":40,"column":0},"end":{"line":40,"column":16}},"11":{"start":{"line":45,"column":2},"end":{"line":45,"column":53}},"12":{"start":{"line":44,"column":0},"end":{"line":44,"column":16}},"13":{"start":{"line":49,"column":2},"end":{"line":49,"column":56}},"14":{"start":{"line":48,"column":0},"end":{"line":48,"column":16}},"15":{"start":{"line":53,"column":2},"end":{"line":53,"column":55}},"16":{"start":{"line":52,"column":0},"end":{"line":52,"column":16}},"17":{"start":{"line":64,"column":27},"end":{"line":64,"column":29}},"18":{"start":{"line":65,"column":30},"end":{"line":66,"column":null}},"19":{"start":{"line":69,"column":4},"end":{"line":89,"column":null}},"20":{"start":{"line":70,"column":20},"end":{"line":73,"column":null}},"21":{"start":{"line":77,"column":6},"end":{"line":88,"column":null}},"22":{"start":{"line":78,"column":8},"end":{"line":80,"column":null}},"23":{"start":{"line":79,"column":10},"end":{"line":79,"column":40}},"24":{"start":{"line":82,"column":34},"end":{"line":82,"column":45}},"25":{"start":{"line":84,"column":8},"end":{"line":87,"column":10}},"26":{"start":{"line":91,"column":4},"end":{"line":91,"column":18}},"27":{"start":{"line":56,"column":0},"end":{"line":56,"column":13}}},"fnMap":{"0":{"name":"innerRoutesDecorator","decl":{"start":{"line":15,"column":9},"end":{"line":15,"column":29}},"loc":{"start":{"line":15,"column":75},"end":{"line":34,"column":1}}},"1":{"name":"(anonymous_1)","decl":{"start":{"line":21,"column":9},"end":{"line":21,"column":19}},"loc":{"start":{"line":21,"column":75},"end":{"line":33,"column":3}}},"2":{"name":"Get","decl":{"start":{"line":36,"column":16},"end":{"line":36,"column":19}},"loc":{"start":{"line":36,"column":41},"end":{"line":38,"column":1}}},"3":{"name":"Post","decl":{"start":{"line":40,"column":16},"end":{"line":40,"column":20}},"loc":{"start":{"line":40,"column":42},"end":{"line":42,"column":1}}},"4":{"name":"Put","decl":{"start":{"line":44,"column":16},"end":{"line":44,"column":19}},"loc":{"start":{"line":44,"column":41},"end":{"line":46,"column":1}}},"5":{"name":"Delete","decl":{"start":{"line":48,"column":16},"end":{"line":48,"column":22}},"loc":{"start":{"line":48,"column":44},"end":{"line":50,"column":1}}},"6":{"name":"Patch","decl":{"start":{"line":52,"column":16},"end":{"line":52,"column":21}},"loc":{"start":{"line":52,"column":43},"end":{"line":54,"column":1}}},"7":{"name":"(anonymous_7)","decl":{"start":{"line":61,"column":2},"end":{"line":61,"column":8}},"loc":{"start":{"line":61,"column":25},"end":{"line":61,"column":29}}},"8":{"name":"(anonymous_8)","decl":{"start":{"line":63,"column":2},"end":{"line":63,"column":11}},"loc":{"start":{"line":63,"column":11},"end":{"line":92,"column":3}}}},"branchMap":{"0":{"loc":{"start":{"line":16,"column":2},"end":{"line":20,"column":null}},"type":"if","locations":[{"start":{"line":16,"column":2},"end":{"line":20,"column":null}}]},"1":{"loc":{"start":{"line":77,"column":6},"end":{"line":88,"column":null}},"type":"if","locations":[{"start":{"line":77,"column":6},"end":{"line":88,"column":null}}]},"2":{"loc":{"start":{"line":78,"column":8},"end":{"line":80,"column":null}},"type":"if","locations":[{"start":{"line":78,"column":8},"end":{"line":80,"column":null}}]}},"s":{"0":1,"1":1,"2":5,"3":3,"4":5,"5":5,"6":5,"7":3,"8":1,"9":2,"10":1,"11":0,"12":1,"13":0,"14":1,"15":0,"16":1,"17":3,"18":3,"19":3,"20":10,"21":10,"22":5,"23":3,"24":5,"25":5,"26":3,"27":1},"f":{"0":5,"1":5,"2":3,"3":2,"4":0,"5":0,"6":0,"7":1,"8":3},"b":{"0":[3],"1":[5],"2":[3]}}
,"/home/assis/Projetos/cogup/fastapi/src/dicts/pt_BR.ts": {"path":"/home/assis/Projetos/cogup/fastapi/src/dicts/pt_BR.ts","statementMap":{"0":{"start":{"line":1,"column":0},"end":{"line":127,"column":31}}},"fnMap":{},"branchMap":{},"s":{"0":1},"f":{},"b":{}}
,"/home/assis/Projetos/cogup/fastapi/src/middle/serve.ts": {"path":"/home/assis/Projetos/cogup/fastapi/src/middle/serve.ts","statementMap":{"0":{"start":{"line":1,"column":0},"end":{"line":1,"column":51}},"1":{"start":{"line":3,"column":0},"end":{"line":12,"column":2}},"2":{"start":{"line":4,"column":31},"end":{"line":4,"column":56}},"3":{"start":{"line":7,"column":2},"end":{"line":9,"column":5}},"4":{"start":{"line":11,"column":2},"end":{"line":11,"column":13}}},"fnMap":{"0":{"name":"(anonymous_1)","decl":{"start":{"line":3,"column":15},"end":{"line":3,"column":18}},"loc":{"start":{"line":3,"column":20},"end":{"line":12,"column":1}}}},"branchMap":{},"s":{"0":1,"1":1,"2":17,"3":17,"4":17},"f":{"0":17},"b":{}}
,"/home/assis/Projetos/cogup/fastapi/src/resources/events.ts": {"path":"/home/assis/Projetos/cogup/fastapi/src/resources/events.ts","statementMap":{"0":{"start":{"line":28,"column":37},"end":{"line":28,"column":39}},"1":{"start":{"line":38,"column":4},"end":{"line":38,"column":79}},"2":{"start":{"line":40,"column":2},"end":{"line":40,"column":29}},"3":{"start":{"line":54,"column":16},"end":{"line":54,"column":47}},"4":{"start":{"line":56,"column":2},"end":{"line":58,"column":null}},"5":{"start":{"line":57,"column":4},"end":{"line":57,"column":30}},"6":{"start":{"line":60,"column":2},"end":{"line":60,"column":38}},"7":{"start":{"line":49,"column":0},"end":{"line":49,"column":16}},"8":{"start":{"line":76,"column":16},"end":{"line":76,"column":47}},"9":{"start":{"line":78,"column":2},"end":{"line":82,"column":null}},"10":{"start":{"line":79,"column":4},"end":{"line":81,"column":7}},"11":{"start":{"line":80,"column":6},"end":{"line":80,"column":26}},"12":{"start":{"line":70,"column":0},"end":{"line":70,"column":16}},"13":{"start":{"line":91,"column":16},"end":{"line":91,"column":47}},"14":{"start":{"line":93,"column":2},"end":{"line":95,"column":null}},"15":{"start":{"line":94,"column":4},"end":{"line":94,"column":32}},"16":{"start":{"line":90,"column":0},"end":{"line":90,"column":16}},"17":{"start":{"line":104,"column":2},"end":{"line":106,"column":null}},"18":{"start":{"line":105,"column":4},"end":{"line":105,"column":30}},"19":{"start":{"line":108,"column":2},"end":{"line":108,"column":38}},"20":{"start":{"line":103,"column":0},"end":{"line":103,"column":16}},"21":{"start":{"line":118,"column":2},"end":{"line":122,"column":null}},"22":{"start":{"line":119,"column":4},"end":{"line":121,"column":7}},"23":{"start":{"line":120,"column":6},"end":{"line":120,"column":26}},"24":{"start":{"line":117,"column":0},"end":{"line":117,"column":16}},"25":{"start":{"line":130,"column":2},"end":{"line":132,"column":null}},"26":{"start":{"line":131,"column":4},"end":{"line":131,"column":32}},"27":{"start":{"line":129,"column":0},"end":{"line":129,"column":16}},"28":{"start":{"line":139,"column":2},"end":{"line":141,"column":5}},"29":{"start":{"line":140,"column":4},"end":{"line":140,"column":32}},"30":{"start":{"line":138,"column":0},"end":{"line":138,"column":16}},"31":{"start":{"line":149,"column":2},"end":{"line":149,"column":23}},"32":{"start":{"line":148,"column":0},"end":{"line":148,"column":16}},"33":{"start":{"line":157,"column":2},"end":{"line":157,"column":36}},"34":{"start":{"line":156,"column":0},"end":{"line":156,"column":16}},"35":{"start":{"line":166,"column":2},"end":{"line":166,"column":30}},"36":{"start":{"line":165,"column":0},"end":{"line":165,"column":16}},"37":{"start":{"line":175,"column":2},"end":{"line":175,"column":35}},"38":{"start":{"line":174,"column":0},"end":{"line":174,"column":16}}},"fnMap":{"0":{"name":"resolveEventName","decl":{"start":{"line":36,"column":9},"end":{"line":36,"column":25}},"loc":{"start":{"line":36,"column":55},"end":{"line":41,"column":1}}},"1":{"name":"onAction","decl":{"start":{"line":49,"column":16},"end":{"line":49,"column":24}},"loc":{"start":{"line":52,"column":25},"end":{"line":61,"column":1}}},"2":{"name":"emitAction","decl":{"start":{"line":70,"column":16},"end":{"line":70,"column":26}},"loc":{"start":{"line":74,"column":12},"end":{"line":83,"column":1}}},"3":{"name":"(anonymous_3)","decl":{"start":{"line":79,"column":33},"end":{"line":79,"column":34}},"loc":{"start":{"line":79,"column":46},"end":{"line":81,"column":5}}},"4":{"name":"removeAction","decl":{"start":{"line":90,"column":16},"end":{"line":90,"column":28}},"loc":{"start":{"line":90,"column":58},"end":{"line":96,"column":1}}},"5":{"name":"on","decl":{"start":{"line":103,"column":16},"end":{"line":103,"column":18}},"loc":{"start":{"line":103,"column":57},"end":{"line":109,"column":1}}},"6":{"name":"emit","decl":{"start":{"line":117,"column":16},"end":{"line":117,"column":20}},"loc":{"start":{"line":117,"column":56},"end":{"line":123,"column":1}}},"7":{"name":"(anonymous_7)","decl":{"start":{"line":119,"column":33},"end":{"line":119,"column":34}},"loc":{"start":{"line":119,"column":46},"end":{"line":121,"column":5}}},"8":{"name":"remove","decl":{"start":{"line":129,"column":16},"end":{"line":129,"column":22}},"loc":{"start":{"line":129,"column":36},"end":{"line":133,"column":1}}},"9":{"name":"removeAll","decl":{"start":{"line":138,"column":16},"end":{"line":138,"column":25}},"loc":{"start":{"line":138,"column":25},"end":{"line":142,"column":1}}},"10":{"name":"(anonymous_10)","decl":{"start":{"line":139,"column":37},"end":{"line":139,"column":38}},"loc":{"start":{"line":139,"column":47},"end":{"line":141,"column":3}}},"11":{"name":"getEventsStorage","decl":{"start":{"line":148,"column":16},"end":{"line":148,"column":32}},"loc":{"start":{"line":148,"column":32},"end":{"line":150,"column":1}}},"12":{"name":"getEvents","decl":{"start":{"line":156,"column":16},"end":{"line":156,"column":25}},"loc":{"start":{"line":156,"column":25},"end":{"line":158,"column":1}}},"13":{"name":"getEventCallbacks","decl":{"start":{"line":165,"column":16},"end":{"line":165,"column":33}},"loc":{"start":{"line":165,"column":47},"end":{"line":167,"column":1}}},"14":{"name":"getEventCallback","decl":{"start":{"line":174,"column":16},"end":{"line":174,"column":32}},"loc":{"start":{"line":174,"column":46},"end":{"line":176,"column":1}}}},"branchMap":{"0":{"loc":{"start":{"line":38,"column":4},"end":{"line":38,"column":79}},"type":"cond-expr","locations":[{"start":{"line":38,"column":32},"end":{"line":38,"column":37}},{"start":{"line":38,"column":40},"end":{"line":38,"column":79}}]},"1":{"loc":{"start":{"line":56,"column":2},"end":{"line":58,"column":null}},"type":"if","locations":[{"start":{"line":56,"column":2},"end":{"line":58,"column":null}}]},"2":{"loc":{"start":{"line":78,"column":2},"end":{"line":82,"column":null}},"type":"if","locations":[{"start":{"line":78,"column":2},"end":{"line":82,"column":null}}]},"3":{"loc":{"start":{"line":93,"column":2},"end":{"line":95,"column":null}},"type":"if","locations":[{"start":{"line":93,"column":2},"end":{"line":95,"column":null}}]},"4":{"loc":{"start":{"line":104,"column":2},"end":{"line":106,"column":null}},"type":"if","locations":[{"start":{"line":104,"column":2},"end":{"line":106,"column":null}}]},"5":{"loc":{"start":{"line":118,"column":2},"end":{"line":122,"column":null}},"type":"if","locations":[{"start":{"line":118,"column":2},"end":{"line":122,"column":null}}]},"6":{"loc":{"start":{"line":130,"column":2},"end":{"line":132,"column":null}},"type":"if","locations":[{"start":{"line":130,"column":2},"end":{"line":132,"column":null}}]}},"s":{"0":1,"1":17,"2":17,"3":6,"4":6,"5":5,"6":6,"7":1,"8":11,"9":11,"10":6,"11":7,"12":1,"13":0,"14":0,"15":0,"16":1,"17":0,"18":0,"19":0,"20":1,"21":0,"22":0,"23":0,"24":1,"25":0,"26":0,"27":1,"28":0,"29":0,"30":1,"31":0,"32":1,"33":0,"34":1,"35":0,"36":1,"37":0,"38":1},"f":{"0":17,"1":6,"2":11,"3":7,"4":0,"5":0,"6":0,"7":0,"8":0,"9":0,"10":0,"11":0,"12":0,"13":0,"14":0},"b":{"0":[5,12],"1":[5],"2":[6],"3":[0],"4":[0],"5":[0],"6":[0]}}
,"/home/assis/Projetos/cogup/fastapi/src/resources/openapi/dataTypes.ts": {"path":"/home/assis/Projetos/cogup/fastapi/src/resources/openapi/dataTypes.ts","statementMap":{"0":{"start":{"line":8,"column":13},"end":{"line":104,"column":2}},"1":{"start":{"line":106,"column":27},"end":{"line":136,"column":1}},"2":{"start":{"line":107,"column":23},"end":{"line":107,"column":47}},"3":{"start":{"line":108,"column":2},"end":{"line":133,"column":null}},"4":{"start":{"line":109,"column":23},"end":{"line":109,"column":51}},"5":{"start":{"line":111,"column":4},"end":{"line":130,"column":null}},"6":{"start":{"line":112,"column":22},"end":{"line":112,"column":49}},"7":{"start":{"line":113,"column":19},"end":{"line":113,"column":29}},"8":{"start":{"line":114,"column":27},"end":{"line":114,"column":55}},"9":{"start":{"line":116,"column":24},"end":{"line":116,"column":59}},"10":{"start":{"line":118,"column":29},"end":{"line":118,"column":44}},"11":{"start":{"line":120,"column":6},"end":{"line":129,"column":null}},"12":{"start":{"line":121,"column":8},"end":{"line":126,"column":null}},"13":{"start":{"line":122,"column":10},"end":{"line":125,"column":12}},"14":{"start":{"line":128,"column":8},"end":{"line":128,"column":30}},"15":{"start":{"line":132,"column":4},"end":{"line":132,"column":59}},"16":{"start":{"line":135,"column":2},"end":{"line":135,"column":22}},"17":{"start":{"line":106,"column":13},"end":{"line":106,"column":27}}},"fnMap":{"0":{"name":"(anonymous_0)","decl":{"start":{"line":106,"column":27},"end":{"line":106,"column":28}},"loc":{"start":{"line":106,"column":53},"end":{"line":136,"column":1}}}},"branchMap":{"0":{"loc":{"start":{"line":108,"column":2},"end":{"line":133,"column":null}},"type":"if","locations":[{"start":{"line":108,"column":2},"end":{"line":133,"column":null}}]},"1":{"loc":{"start":{"line":111,"column":4},"end":{"line":130,"column":null}},"type":"if","locations":[{"start":{"line":111,"column":4},"end":{"line":130,"column":null}}]},"2":{"loc":{"start":{"line":116,"column":24},"end":{"line":116,"column":59}},"type":"binary-expr","locations":[{"start":{"line":116,"column":24},"end":{"line":116,"column":46}},{"start":{"line":116,"column":50},"end":{"line":116,"column":59}}]},"3":{"loc":{"start":{"line":120,"column":6},"end":{"line":129,"column":null}},"type":"if","locations":[{"start":{"line":120,"column":6},"end":{"line":129,"column":null}}]},"4":{"loc":{"start":{"line":121,"column":8},"end":{"line":126,"column":null}},"type":"if","locations":[{"start":{"line":121,"column":8},"end":{"line":126,"column":null}}]},"5":{"loc":{"start":{"line":121,"column":12},"end":{"line":121,"column":57}},"type":"binary-expr","locations":[{"start":{"line":121,"column":12},"end":{"line":121,"column":30}},{"start":{"line":121,"column":34},"end":{"line":121,"column":57}}]}},"s":{"0":1,"1":1,"2":45,"3":45,"4":0,"5":0,"6":0,"7":0,"8":0,"9":0,"10":0,"11":0,"12":0,"13":0,"14":0,"15":0,"16":45,"17":1},"f":{"0":45},"b":{"0":[0],"1":[0],"2":[0,0],"3":[0],"4":[0],"5":[0,0]}}
,"/home/assis/Projetos/cogup/fastapi/src/resources/openapi/doc.ts": {"path":"/home/assis/Projetos/cogup/fastapi/src/resources/openapi/doc.ts","statementMap":{"0":{"start":{"line":1,"column":0},"end":{"line":1,"column":50}},"1":{"start":{"line":32,"column":27},"end":{"line":38,"column":4}},"2":{"start":{"line":40,"column":2},"end":{"line":40,"column":42}},"3":{"start":{"line":31,"column":0},"end":{"line":31,"column":16}},"4":{"start":{"line":43,"column":21},"end":{"line":53,"column":1}},"5":{"start":{"line":44,"column":2},"end":{"line":50,"column":5}},"6":{"start":{"line":45,"column":4},"end":{"line":49,"column":6}},"7":{"start":{"line":52,"column":2},"end":{"line":52,"column":17}}},"fnMap":{"0":{"name":"createFullDoc","decl":{"start":{"line":31,"column":16},"end":{"line":31,"column":29}},"loc":{"start":{"line":31,"column":43},"end":{"line":41,"column":1}}},"1":{"name":"(anonymous_1)","decl":{"start":{"line":43,"column":21},"end":{"line":43,"column":22}},"loc":{"start":{"line":43,"column":57},"end":{"line":53,"column":1}}},"2":{"name":"(anonymous_2)","decl":{"start":{"line":44,"column":31},"end":{"line":44,"column":32}},"loc":{"start":{"line":44,"column":40},"end":{"line":50,"column":3}}}},"branchMap":{"0":{"loc":{"start":{"line":47,"column":13},"end":{"line":47,"column":59}},"type":"binary-expr","locations":[{"start":{"line":47,"column":13},"end":{"line":47,"column":32}},{"start":{"line":47,"column":36},"end":{"line":47,"column":59}}]}},"s":{"0":1,"1":13,"2":13,"3":1,"4":1,"5":13,"6":55,"7":13},"f":{"0":13,"1":13,"2":55},"b":{"0":[55,55]}}
,"/home/assis/Projetos/cogup/fastapi/src/resources/openapi/index.ts": {"path":"/home/assis/Projetos/cogup/fastapi/src/resources/openapi/index.ts","statementMap":{"0":{"start":{"line":2,"column":0},"end":{"line":2,"column":42}},"1":{"start":{"line":4,"column":0},"end":{"line":4,"column":44}},"2":{"start":{"line":5,"column":0},"end":{"line":5,"column":59}},"3":{"start":{"line":44,"column":20},"end":{"line":54,"column":1}},"4":{"start":{"line":45,"column":23},"end":{"line":45,"column":41}},"5":{"start":{"line":47,"column":2},"end":{"line":53,"column":5}},"6":{"start":{"line":48,"column":4},"end":{"line":50,"column":null}},"7":{"start":{"line":49,"column":6},"end":{"line":49,"column":48}},"8":{"start":{"line":52,"column":4},"end":{"line":52,"column":15}},"9":{"start":{"line":56,"column":23},"end":{"line":75,"column":1}},"10":{"start":{"line":60,"column":42},"end":{"line":60,"column":44}},"11":{"start":{"line":62,"column":2},"end":{"line":72,"column":5}},"12":{"start":{"line":63,"column":22},"end":{"line":63,"column":37}},"13":{"start":{"line":65,"column":4},"end":{"line":65,"column":27}},"14":{"start":{"line":67,"column":4},"end":{"line":69,"column":null}},"15":{"start":{"line":68,"column":6},"end":{"line":68,"column":13}},"16":{"start":{"line":71,"column":4},"end":{"line":71,"column":31}},"17":{"start":{"line":74,"column":2},"end":{"line":74,"column":23}},"18":{"start":{"line":77,"column":24},"end":{"line":93,"column":1}},"19":{"start":{"line":78,"column":42},"end":{"line":78,"column":44}},"20":{"start":{"line":80,"column":2},"end":{"line":90,"column":5}},"21":{"start":{"line":81,"column":19},"end":{"line":81,"column":34}},"22":{"start":{"line":83,"column":4},"end":{"line":83,"column":27}},"23":{"start":{"line":85,"column":4},"end":{"line":87,"column":null}},"24":{"start":{"line":86,"column":6},"end":{"line":86,"column":13}},"25":{"start":{"line":89,"column":4},"end":{"line":89,"column":31}},"26":{"start":{"line":92,"column":2},"end":{"line":92,"column":23}},"27":{"start":{"line":101,"column":23},"end":{"line":101,"column":41}},"28":{"start":{"line":102,"column":21},"end":{"line":102,"column":50}},"29":{"start":{"line":104,"column":2},"end":{"line":107,"column":4}},"30":{"start":{"line":100,"column":0},"end":{"line":100,"column":16}},"31":{"start":{"line":114,"column":50},"end":{"line":114,"column":58}},"32":{"start":{"line":116,"column":4},"end":{"line":116,"column":69}},"33":{"start":{"line":117,"column":2},"end":{"line":117,"column":68}},"34":{"start":{"line":118,"column":23},"end":{"line":118,"column":42}},"35":{"start":{"line":120,"column":24},"end":{"line":120,"column":58}},"36":{"start":{"line":121,"column":39},"end":{"line":121,"column":41}},"37":{"start":{"line":122,"column":29},"end":{"line":122,"column":31}},"38":{"start":{"line":124,"column":2},"end":{"line":183,"column":5}},"39":{"start":{"line":125,"column":19},"end":{"line":125,"column":31}},"40":{"start":{"line":127,"column":4},"end":{"line":129,"column":null}},"41":{"start":{"line":128,"column":6},"end":{"line":128,"column":13}},"42":{"start":{"line":131,"column":22},"end":{"line":131,"column":48}},"43":{"start":{"line":132,"column":25},"end":{"line":132,"column":69}},"44":{"start":{"line":134,"column":31},"end":{"line":137,"column":6}},"45":{"start":{"line":139,"column":4},"end":{"line":145,"column":null}},"46":{"start":{"line":144,"column":6},"end":{"line":144,"column":44}},"47":{"start":{"line":147,"column":4},"end":{"line":150,"column":null}},"48":{"start":{"line":148,"column":6},"end":{"line":148,"column":31}},"49":{"start":{"line":149,"column":6},"end":{"line":149,"column":36}},"50":{"start":{"line":152,"column":4},"end":{"line":154,"column":null}},"51":{"start":{"line":153,"column":6},"end":{"line":153,"column":36}},"52":{"start":{"line":156,"column":4},"end":{"line":158,"column":null}},"53":{"start":{"line":157,"column":6},"end":{"line":157,"column":36}},"54":{"start":{"line":160,"column":4},"end":{"line":162,"column":null}},"55":{"start":{"line":161,"column":6},"end":{"line":161,"column":45}},"56":{"start":{"line":164,"column":4},"end":{"line":166,"column":null}},"57":{"start":{"line":165,"column":6},"end":{"line":165,"column":44}},"58":{"start":{"line":168,"column":4},"end":{"line":170,"column":null}},"59":{"start":{"line":169,"column":6},"end":{"line":169,"column":31}},"60":{"start":{"line":172,"column":4},"end":{"line":174,"column":null}},"61":{"start":{"line":173,"column":6},"end":{"line":173,"column":48}},"62":{"start":{"line":176,"column":4},"end":{"line":176,"column":43}},"63":{"start":{"line":177,"column":4},"end":{"line":177,"column":42}},"64":{"start":{"line":179,"column":4},"end":{"line":179,"column":31}},"65":{"start":{"line":180,"column":4},"end":{"line":182,"column":null}},"66":{"start":{"line":181,"column":6},"end":{"line":181,"column":25}},"67":{"start":{"line":185,"column":36},"end":{"line":205,"column":3}},"68":{"start":{"line":186,"column":4},"end":{"line":204,"column":6}},"69":{"start":{"line":207,"column":31},"end":{"line":213,"column":3}},"70":{"start":{"line":208,"column":27},"end":{"line":208,"column":38}},"71":{"start":{"line":209,"column":4},"end":{"line":209,"column":29}},"72":{"start":{"line":210,"column":4},"end":{"line":210,"column":36}},"73":{"start":{"line":211,"column":4},"end":{"line":211,"column":36}},"74":{"start":{"line":212,"column":4},"end":{"line":212,"column":48}},"75":{"start":{"line":215,"column":31},"end":{"line":220,"column":3}},"76":{"start":{"line":216,"column":23},"end":{"line":216,"column":46}},"77":{"start":{"line":217,"column":4},"end":{"line":219,"column":6}},"78":{"start":{"line":218,"column":6},"end":{"line":218,"column":56}},"79":{"start":{"line":222,"column":27},"end":{"line":222,"column":59}},"80":{"start":{"line":223,"column":27},"end":{"line":223,"column":43}},"81":{"start":{"line":225,"column":29},"end":{"line":225,"column":79}},"82":{"start":{"line":227,"column":31},"end":{"line":231,"column":null}},"83":{"start":{"line":233,"column":33},"end":{"line":233,"column":77}},"84":{"start":{"line":234,"column":30},"end":{"line":234,"column":74}},"85":{"start":{"line":235,"column":30},"end":{"line":235,"column":49}},"86":{"start":{"line":236,"column":31},"end":{"line":239,"column":null}},"87":{"start":{"line":242,"column":31},"end":{"line":270,"column":4}},"88":{"start":{"line":247,"column":12},"end":{"line":251,"column":null}},"89":{"start":{"line":248,"column":14},"end":{"line":248,"column":40}},"90":{"start":{"line":250,"column":14},"end":{"line":250,"column":30}},"91":{"start":{"line":272,"column":2},"end":{"line":419,"column":4}},"92":{"start":{"line":110,"column":0},"end":{"line":110,"column":16}}},"fnMap":{"0":{"name":"(anonymous_0)","decl":{"start":{"line":44,"column":20},"end":{"line":44,"column":21}},"loc":{"start":{"line":44,"column":68},"end":{"line":54,"column":1}}},"1":{"name":"(anonymous_1)","decl":{"start":{"line":47,"column":18},"end":{"line":47,"column":19}},"loc":{"start":{"line":47,"column":26},"end":{"line":53,"column":3}}},"2":{"name":"(anonymous_2)","decl":{"start":{"line":56,"column":23},"end":{"line":56,"column":null}},"loc":{"start":{"line":59,"column":22},"end":{"line":75,"column":1}}},"3":{"name":"(anonymous_3)","decl":{"start":{"line":62,"column":37},"end":{"line":62,"column":38}},"loc":{"start":{"line":62,"column":54},"end":{"line":72,"column":3}}},"4":{"name":"(anonymous_4)","decl":{"start":{"line":77,"column":24},"end":{"line":77,"column":25}},"loc":{"start":{"line":77,"column":70},"end":{"line":93,"column":1}}},"5":{"name":"(anonymous_5)","decl":{"start":{"line":80,"column":32},"end":{"line":80,"column":33}},"loc":{"start":{"line":80,"column":49},"end":{"line":90,"column":3}}},"6":{"name":"generatePaths","decl":{"start":{"line":100,"column":16},"end":{"line":100,"column":29}},"loc":{"start":{"line":100,"column":42},"end":{"line":108,"column":1}}},"7":{"name":"generateOpenAPISchemas","decl":{"start":{"line":110,"column":16},"end":{"line":110,"column":38}},"loc":{"start":{"line":112,"column":12},"end":{"line":420,"column":1}}},"8":{"name":"(anonymous_8)","decl":{"start":{"line":124,"column":24},"end":{"line":124,"column":25}},"loc":{"start":{"line":124,"column":32},"end":{"line":183,"column":3}}},"9":{"name":"(anonymous_9)","decl":{"start":{"line":185,"column":36},"end":{"line":185,"column":37}},"loc":{"start":{"line":185,"column":63},"end":{"line":205,"column":3}}},"10":{"name":"(anonymous_10)","decl":{"start":{"line":207,"column":31},"end":{"line":207,"column":32}},"loc":{"start":{"line":207,"column":76},"end":{"line":213,"column":3}}},"11":{"name":"(anonymous_11)","decl":{"start":{"line":215,"column":31},"end":{"line":215,"column":44}},"loc":{"start":{"line":215,"column":46},"end":{"line":220,"column":3}}},"12":{"name":"(anonymous_12)","decl":{"start":{"line":217,"column":26},"end":{"line":217,"column":27}},"loc":{"start":{"line":218,"column":6},"end":{"line":218,"column":56}}},"13":{"name":"(anonymous_13)","decl":{"start":{"line":246,"column":18},"end":{"line":246,"column":21}},"loc":{"start":{"line":246,"column":23},"end":{"line":252,"column":11}}}},"branchMap":{"0":{"loc":{"start":{"line":44,"column":35},"end":{"line":44,"column":54}},"type":"default-arg","locations":[{"start":{"line":44,"column":52},"end":{"line":44,"column":54}}]},"1":{"loc":{"start":{"line":48,"column":4},"end":{"line":50,"column":null}},"type":"if","locations":[{"start":{"line":48,"column":4},"end":{"line":50,"column":null}}]},"2":{"loc":{"start":{"line":58,"column":2},"end":{"line":58,"column":36}},"type":"default-arg","locations":[{"start":{"line":58,"column":31},"end":{"line":58,"column":36}}]},"3":{"loc":{"start":{"line":67,"column":4},"end":{"line":69,"column":null}},"type":"if","locations":[{"start":{"line":67,"column":4},"end":{"line":69,"column":null}}]},"4":{"loc":{"start":{"line":67,"column":8},"end":{"line":67,"column":38}},"type":"binary-expr","locations":[{"start":{"line":67,"column":8},"end":{"line":67,"column":25}},{"start":{"line":67,"column":29},"end":{"line":67,"column":38}}]},"5":{"loc":{"start":{"line":85,"column":4},"end":{"line":87,"column":null}},"type":"if","locations":[{"start":{"line":85,"column":4},"end":{"line":87,"column":null}}]},"6":{"loc":{"start":{"line":116,"column":4},"end":{"line":116,"column":69}},"type":"cond-expr","locations":[{"start":{"line":116,"column":26},"end":{"line":116,"column":45}},{"start":{"line":116,"column":48},"end":{"line":116,"column":69}}]},"7":{"loc":{"start":{"line":117,"column":2},"end":{"line":117,"column":67}},"type":"cond-expr","locations":[{"start":{"line":117,"column":24},"end":{"line":117,"column":43}},{"start":{"line":117,"column":46},"end":{"line":117,"column":67}}]},"8":{"loc":{"start":{"line":127,"column":4},"end":{"line":129,"column":null}},"type":"if","locations":[{"start":{"line":127,"column":4},"end":{"line":129,"column":null}}]},"9":{"loc":{"start":{"line":139,"column":4},"end":{"line":145,"column":null}},"type":"if","locations":[{"start":{"line":139,"column":4},"end":{"line":145,"column":null}}]},"10":{"loc":{"start":{"line":140,"column":6},"end":{"line":142,"column":36}},"type":"binary-expr","locations":[{"start":{"line":140,"column":6},"end":{"line":140,"column":32}},{"start":{"line":141,"column":6},"end":{"line":141,"column":27}},{"start":{"line":142,"column":6},"end":{"line":142,"column":36}}]},"11":{"loc":{"start":{"line":147,"column":4},"end":{"line":150,"column":null}},"type":"if","locations":[{"start":{"line":147,"column":4},"end":{"line":150,"column":null}}]},"12":{"loc":{"start":{"line":152,"column":4},"end":{"line":154,"column":null}},"type":"if","locations":[{"start":{"line":152,"column":4},"end":{"line":154,"column":null}}]},"13":{"loc":{"start":{"line":156,"column":4},"end":{"line":158,"column":null}},"type":"if","locations":[{"start":{"line":156,"column":4},"end":{"line":158,"column":null}}]},"14":{"loc":{"start":{"line":160,"column":4},"end":{"line":162,"column":null}},"type":"if","locations":[{"start":{"line":160,"column":4},"end":{"line":162,"column":null}}]},"15":{"loc":{"start":{"line":164,"column":4},"end":{"line":166,"column":null}},"type":"if","locations":[{"start":{"line":164,"column":4},"end":{"line":166,"column":null}}]},"16":{"loc":{"start":{"line":168,"column":4},"end":{"line":170,"column":null}},"type":"if","locations":[{"start":{"line":168,"column":4},"end":{"line":170,"column":null}}]},"17":{"loc":{"start":{"line":172,"column":4},"end":{"line":174,"column":null}},"type":"if","locations":[{"start":{"line":172,"column":4},"end":{"line":174,"column":null}}]},"18":{"loc":{"start":{"line":180,"column":4},"end":{"line":182,"column":null}},"type":"if","locations":[{"start":{"line":180,"column":4},"end":{"line":182,"column":null}}]},"19":{"loc":{"start":{"line":180,"column":8},"end":{"line":180,"column":47}},"type":"binary-expr","locations":[{"start":{"line":180,"column":8},"end":{"line":180,"column":28}},{"start":{"line":180,"column":32},"end":{"line":180,"column":47}}]},"20":{"loc":{"start":{"line":218,"column":6},"end":{"line":218,"column":56}},"type":"cond-expr","locations":[{"start":{"line":218,"column":30},"end":{"line":218,"column":48}},{"start":{"line":218,"column":51},"end":{"line":218,"column":56}}]},"21":{"loc":{"start":{"line":247,"column":12},"end":{"line":251,"column":null}},"type":"if","locations":[{"start":{"line":247,"column":12},"end":{"line":251,"column":null}},{"start":{"line":249,"column":19},"end":{"line":251,"column":null}}]},"22":{"loc":{"start":{"line":247,"column":16},"end":{"line":247,"column":43}},"type":"binary-expr","locations":[{"start":{"line":247,"column":16},"end":{"line":247,"column":22}},{"start":{"line":247,"column":26},"end":{"line":247,"column":43}}]}},"s":{"0":1,"1":1,"2":1,"3":1,"4":60,"5":60,"6":60,"7":0,"8":60,"9":1,"10":24,"11":24,"12":64,"13":64,"14":64,"15":0,"16":64,"17":24,"18":1,"19":12,"20":12,"21":45,"22":45,"23":45,"24":0,"25":45,"26":12,"27":18,"28":18,"29":18,"30":1,"31":12,"32":12,"33":12,"34":12,"35":12,"36":12,"37":12,"38":12,"39":45,"40":45,"41":0,"42":45,"43":45,"44":45,"45":45,"46":0,"47":45,"48":1,"49":1,"50":45,"51":0,"52":45,"53":0,"54":45,"55":21,"56":45,"57":6,"58":45,"59":0,"60":45,"61":0,"62":45,"63":45,"64":45,"65":45,"66":45,"67":12,"68":12,"69":12,"70":12,"71":12,"72":12,"73":12,"74":12,"75":12,"76":12,"77":12,"78":45,"79":12,"80":12,"81":12,"82":12,"83":12,"84":12,"85":12,"86":12,"87":12,"88":12,"89":1,"90":11,"91":12,"92":1},"f":{"0":60,"1":60,"2":24,"3":64,"4":12,"5":45,"6":18,"7":12,"8":45,"9":12,"10":12,"11":12,"12":45,"13":12},"b":{"0":[0],"1":[0],"2":[0],"3":[0],"4":[64,19],"5":[0],"6":[6,6],"7":[6,6],"8":[0],"9":[0],"10":[45,33,0],"11":[1],"12":[0],"13":[0],"14":[21],"15":[6],"16":[0],"17":[0],"18":[45],"19":[45,0],"20":[0,45],"21":[1,11],"22":[12,7]}}
,"/home/assis/Projetos/cogup/fastapi/src/resources/openapi/responses.ts": {"path":"/home/assis/Projetos/cogup/fastapi/src/resources/openapi/responses.ts","statementMap":{"0":{"start":{"line":3,"column":22},"end":{"line":20,"column":1}},"1":{"start":{"line":4,"column":2},"end":{"line":19,"column":4}},"2":{"start":{"line":22,"column":22},"end":{"line":33,"column":1}},"3":{"start":{"line":25,"column":2},"end":{"line":27,"column":null}},"4":{"start":{"line":26,"column":4},"end":{"line":26,"column":31}},"5":{"start":{"line":29,"column":2},"end":{"line":32,"column":18}},"6":{"start":{"line":35,"column":22},"end":{"line":70,"column":1}},"7":{"start":{"line":41,"column":31},"end":{"line":50,"column":4}},"8":{"start":{"line":52,"column":41},"end":{"line":58,"column":4}},"9":{"start":{"line":60,"column":2},"end":{"line":62,"column":null}},"10":{"start":{"line":61,"column":4},"end":{"line":61,"column":31}},"11":{"start":{"line":64,"column":2},"end":{"line":67,"column":5}},"12":{"start":{"line":65,"column":24},"end":{"line":65,"column":42}},"13":{"start":{"line":66,"column":4},"end":{"line":66,"column":65}},"14":{"start":{"line":69,"column":2},"end":{"line":69,"column":19}},"15":{"start":{"line":72,"column":9},"end":{"line":72,"column":22}}},"fnMap":{"0":{"name":"(anonymous_0)","decl":{"start":{"line":3,"column":22},"end":{"line":3,"column":23}},"loc":{"start":{"line":3,"column":56},"end":{"line":20,"column":1}}},"1":{"name":"(anonymous_1)","decl":{"start":{"line":22,"column":22},"end":{"line":22,"column":null}},"loc":{"start":{"line":24,"column":28},"end":{"line":33,"column":1}}},"2":{"name":"(anonymous_2)","decl":{"start":{"line":35,"column":22},"end":{"line":35,"column":null}},"loc":{"start":{"line":40,"column":15},"end":{"line":70,"column":1}}},"3":{"name":"(anonymous_3)","decl":{"start":{"line":64,"column":30},"end":{"line":64,"column":31}},"loc":{"start":{"line":64,"column":45},"end":{"line":67,"column":3}}}},"branchMap":{"0":{"loc":{"start":{"line":25,"column":2},"end":{"line":27,"column":null}},"type":"if","locations":[{"start":{"line":25,"column":2},"end":{"line":27,"column":null}}]},"1":{"loc":{"start":{"line":39,"column":2},"end":{"line":39,"column":18}},"type":"default-arg","locations":[{"start":{"line":39,"column":13},"end":{"line":39,"column":18}}]},"2":{"loc":{"start":{"line":60,"column":2},"end":{"line":62,"column":null}},"type":"if","locations":[{"start":{"line":60,"column":2},"end":{"line":62,"column":null}}]}},"s":{"0":1,"1":407,"2":1,"3":79,"4":0,"5":79,"6":1,"7":79,"8":79,"9":79,"10":12,"11":79,"12":407,"13":407,"14":79,"15":1},"f":{"0":407,"1":79,"2":79,"3":407},"b":{"0":[0],"1":[40],"2":[12]}}
,"/home/assis/Projetos/cogup/fastapi/src/resources/openapi/utils.ts": {"path":"/home/assis/Projetos/cogup/fastapi/src/resources/openapi/utils.ts","statementMap":{"0":{"start":{"line":9,"column":2},"end":{"line":19,"column":null}},"1":{"start":{"line":10,"column":4},"end":{"line":10,"column":22}},"2":{"start":{"line":11,"column":9},"end":{"line":19,"column":null}},"3":{"start":{"line":12,"column":4},"end":{"line":12,"column":23}},"4":{"start":{"line":13,"column":9},"end":{"line":19,"column":null}},"5":{"start":{"line":14,"column":4},"end":{"line":14,"column":22}},"6":{"start":{"line":15,"column":9},"end":{"line":19,"column":null}},"7":{"start":{"line":16,"column":4},"end":{"line":16,"column":25}},"8":{"start":{"line":17,"column":9},"end":{"line":19,"column":null}},"9":{"start":{"line":18,"column":4},"end":{"line":18,"column":24}},"10":{"start":{"line":5,"column":0},"end":{"line":5,"column":16}},"11":{"start":{"line":23,"column":47},"end":{"line":23,"column":49}},"12":{"start":{"line":26,"column":2},"end":{"line":28,"column":null}},"13":{"start":{"line":27,"column":4},"end":{"line":27,"column":28}},"14":{"start":{"line":31,"column":2},"end":{"line":33,"column":null}},"15":{"start":{"line":32,"column":4},"end":{"line":32,"column":36}},"16":{"start":{"line":36,"column":2},"end":{"line":103,"column":null}},"17":{"start":{"line":37,"column":21},"end":{"line":37,"column":40}},"18":{"start":{"line":39,"column":4},"end":{"line":102,"column":null}},"19":{"start":{"line":40,"column":6},"end":{"line":101,"column":null}},"20":{"start":{"line":41,"column":26},"end":{"line":41,"column":72}},"21":{"start":{"line":42,"column":8},"end":{"line":42,"column":33}},"22":{"start":{"line":42,"column":24},"end":{"line":42,"column":33}},"23":{"start":{"line":44,"column":30},"end":{"line":44,"column":39}},"24":{"start":{"line":46,"column":8},"end":{"line":85,"column":null}},"25":{"start":{"line":47,"column":27},"end":{"line":47,"column":48}},"26":{"start":{"line":48,"column":30},"end":{"line":48,"column":50}},"27":{"start":{"line":50,"column":10},"end":{"line":84,"column":null}},"28":{"start":{"line":51,"column":30},"end":{"line":51,"column":50}},"29":{"start":{"line":52,"column":27},"end":{"line":52,"column":43}},"30":{"start":{"line":54,"column":12},"end":{"line":83,"column":null}},"31":{"start":{"line":55,"column":14},"end":{"line":57,"column":null}},"32":{"start":{"line":56,"column":16},"end":{"line":56,"column":25}},"33":{"start":{"line":59,"column":32},"end":{"line":59,"column":54}},"34":{"start":{"line":62,"column":14},"end":{"line":82,"column":null}},"35":{"start":{"line":64,"column":16},"end":{"line":66,"column":18}},"36":{"start":{"line":68,"column":35},"end":{"line":71,"column":null}},"37":{"start":{"line":75,"column":16},"end":{"line":75,"column":53}},"38":{"start":{"line":76,"column":16},"end":{"line":76,"column":64}},"39":{"start":{"line":79,"column":16},"end":{"line":81,"column":18}},"40":{"start":{"line":88,"column":28},"end":{"line":88,"column":70}},"41":{"start":{"line":89,"column":36},"end":{"line":89,"column":75}},"42":{"start":{"line":91,"column":8},"end":{"line":100,"column":11}},"43":{"start":{"line":92,"column":10},"end":{"line":99,"column":null}},"44":{"start":{"line":96,"column":12},"end":{"line":98,"column":14}},"45":{"start":{"line":105,"column":2},"end":{"line":105,"column":17}},"46":{"start":{"line":22,"column":0},"end":{"line":22,"column":16}},"47":{"start":{"line":113,"column":2},"end":{"line":117,"column":6}},"48":{"start":{"line":108,"column":0},"end":{"line":108,"column":16}},"49":{"start":{"line":125,"column":2},"end":{"line":131,"column":23}},"50":{"start":{"line":135,"column":2},"end":{"line":137,"column":null}},"51":{"start":{"line":136,"column":4},"end":{"line":136,"column":45}},"52":{"start":{"line":139,"column":2},"end":{"line":139,"column":72}},"53":{"start":{"line":134,"column":0},"end":{"line":134,"column":16}},"54":{"start":{"line":143,"column":2},"end":{"line":145,"column":null}},"55":{"start":{"line":144,"column":4},"end":{"line":144,"column":43}},"56":{"start":{"line":147,"column":2},"end":{"line":147,"column":79}},"57":{"start":{"line":142,"column":0},"end":{"line":142,"column":16}}},"fnMap":{"0":{"name":"extractByMethod","decl":{"start":{"line":5,"column":16},"end":{"line":5,"column":31}},"loc":{"start":{"line":7,"column":31},"end":{"line":20,"column":1}}},"1":{"name":"convertOpenAPItoSchemas","decl":{"start":{"line":22,"column":16},"end":{"line":22,"column":39}},"loc":{"start":{"line":22,"column":56},"end":{"line":106,"column":1}}},"2":{"name":"(anonymous_2)","decl":{"start":{"line":91,"column":27},"end":{"line":91,"column":28}},"loc":{"start":{"line":91,"column":41},"end":{"line":100,"column":9}}},"3":{"name":"getReferenceSchemaName","decl":{"start":{"line":108,"column":16},"end":{"line":108,"column":38}},"loc":{"start":{"line":111,"column":29},"end":{"line":118,"column":1}}},"4":{"name":"getReferenceSchemaNameInner","decl":{"start":{"line":120,"column":9},"end":{"line":120,"column":36}},"loc":{"start":{"line":123,"column":29},"end":{"line":132,"column":1}}},"5":{"name":"convertToPlural","decl":{"start":{"line":134,"column":16},"end":{"line":134,"column":31}},"loc":{"start":{"line":134,"column":52},"end":{"line":140,"column":1}}},"6":{"name":"convertToSingle","decl":{"start":{"line":142,"column":16},"end":{"line":142,"column":31}},"loc":{"start":{"line":142,"column":52},"end":{"line":148,"column":1}}}},"branchMap":{"0":{"loc":{"start":{"line":9,"column":2},"end":{"line":19,"column":null}},"type":"if","locations":[{"start":{"line":9,"column":2},"end":{"line":19,"column":null}},{"start":{"line":11,"column":9},"end":{"line":19,"column":null}}]},"1":{"loc":{"start":{"line":11,"column":9},"end":{"line":19,"column":null}},"type":"if","locations":[{"start":{"line":11,"column":9},"end":{"line":19,"column":null}},{"start":{"line":13,"column":9},"end":{"line":19,"column":null}}]},"2":{"loc":{"start":{"line":13,"column":9},"end":{"line":19,"column":null}},"type":"if","locations":[{"start":{"line":13,"column":9},"end":{"line":19,"column":null}},{"start":{"line":15,"column":9},"end":{"line":19,"column":null}}]},"3":{"loc":{"start":{"line":15,"column":9},"end":{"line":19,"column":null}},"type":"if","locations":[{"start":{"line":15,"column":9},"end":{"line":19,"column":null}},{"start":{"line":17,"column":9},"end":{"line":19,"column":null}}]},"4":{"loc":{"start":{"line":17,"column":9},"end":{"line":19,"column":null}},"type":"if","locations":[{"start":{"line":17,"column":9},"end":{"line":19,"column":null}}]},"5":{"loc":{"start":{"line":26,"column":2},"end":{"line":28,"column":null}},"type":"if","locations":[{"start":{"line":26,"column":2},"end":{"line":28,"column":null}}]},"6":{"loc":{"start":{"line":31,"column":2},"end":{"line":33,"column":null}},"type":"if","locations":[{"start":{"line":31,"column":2},"end":{"line":33,"column":null}}]},"7":{"loc":{"start":{"line":40,"column":6},"end":{"line":101,"column":null}},"type":"if","locations":[{"start":{"line":40,"column":6},"end":{"line":101,"column":null}}]},"8":{"loc":{"start":{"line":42,"column":8},"end":{"line":42,"column":33}},"type":"if","locations":[{"start":{"line":42,"column":8},"end":{"line":42,"column":33}}]},"9":{"loc":{"start":{"line":54,"column":12},"end":{"line":83,"column":null}},"type":"if","locations":[{"start":{"line":54,"column":12},"end":{"line":83,"column":null}}]},"10":{"loc":{"start":{"line":55,"column":14},"end":{"line":57,"column":null}},"type":"if","locations":[{"start":{"line":55,"column":14},"end":{"line":57,"column":null}}]},"11":{"loc":{"start":{"line":62,"column":14},"end":{"line":82,"column":null}},"type":"if","locations":[{"start":{"line":62,"column":14},"end":{"line":82,"column":null}},{"start":{"line":67,"column":21},"end":{"line":82,"column":null}}]},"12":{"loc":{"start":{"line":88,"column":28},"end":{"line":88,"column":70}},"type":"binary-expr","locations":[{"start":{"line":88,"column":28},"end":{"line":88,"column":64}},{"start":{"line":88,"column":68},"end":{"line":88,"column":70}}]},"13":{"loc":{"start":{"line":89,"column":36},"end":{"line":89,"column":75}},"type":"binary-expr","locations":[{"start":{"line":89,"column":36},"end":{"line":89,"column":69}},{"start":{"line":89,"column":73},"end":{"line":89,"column":75}}]},"14":{"loc":{"start":{"line":92,"column":10},"end":{"line":99,"column":null}},"type":"if","locations":[{"start":{"line":92,"column":10},"end":{"line":99,"column":null}}]},"15":{"loc":{"start":{"line":93,"column":12},"end":{"line":94,"column":63}},"type":"binary-expr","locations":[{"start":{"line":93,"column":12},"end":{"line":93,"column":35}},{"start":{"line":94,"column":12},"end":{"line":94,"column":63}}]},"16":{"loc":{"start":{"line":135,"column":2},"end":{"line":137,"column":null}},"type":"if","locations":[{"start":{"line":135,"column":2},"end":{"line":137,"column":null}}]},"17":{"loc":{"start":{"line":139,"column":9},"end":{"line":139,"column":71}},"type":"cond-expr","locations":[{"start":{"line":139,"column":38},"end":{"line":139,"column":50}},{"start":{"line":139,"column":53},"end":{"line":139,"column":71}}]},"18":{"loc":{"start":{"line":143,"column":2},"end":{"line":145,"column":null}},"type":"if","locations":[{"start":{"line":143,"column":2},"end":{"line":145,"column":null}}]},"19":{"loc":{"start":{"line":147,"column":9},"end":{"line":147,"column":78}},"type":"cond-expr","locations":[{"start":{"line":147,"column":38},"end":{"line":147,"column":63}},{"start":{"line":147,"column":66},"end":{"line":147,"column":78}}]}},"s":{"0":268,"1":79,"2":189,"3":38,"4":151,"5":36,"6":115,"7":36,"8":79,"9":24,"10":1,"11":13,"12":13,"13":13,"14":13,"15":13,"16":13,"17":55,"18":55,"19":148,"20":148,"21":148,"22":55,"23":93,"24":93,"25":552,"26":552,"27":552,"28":552,"29":552,"30":552,"31":552,"32":144,"33":408,"34":408,"35":359,"36":49,"37":49,"38":49,"39":49,"40":93,"41":93,"42":93,"43":108,"44":0,"45":13,"46":1,"47":0,"48":1,"49":49,"50":18,"51":0,"52":18,"53":1,"54":19,"55":0,"56":19,"57":1},"f":{"0":268,"1":13,"2":108
[...]
,"column":4},"end":{"line":418,"column":31}},{"start":{"line":419,"column":4},"end":{"line":419,"column":30}},{"start":{"line":420,"column":4},"end":{"line":420,"column":32}},{"start":{"line":421,"column":4},"end":{"line":421,"column":29}},{"start":{"line":422,"column":4},"end":{"line":422,"column":30}},{"start":{"line":423,"column":4},"end":{"line":423,"column":27}},{"start":{"line":424,"column":4},"end":{"line":424,"column":30}}]},"58":{"loc":{"start":{"line":427,"column":9},"end":{"line":431,"column":null}},"type":"if","locations":[{"start":{"line":427,"column":9},"end":{"line":431,"column":null}},{"start":{"line":429,"column":9},"end":{"line":431,"column":null}}]},"59":{"loc":{"start":{"line":429,"column":9},"end":{"line":431,"column":null}},"type":"if","locations":[{"start":{"line":429,"column":9},"end":{"line":431,"column":null}}]}},"s":{"0":1,"1":1,"2":1,"3":1,"4":1,"5":1,"6":1,"7":1,"8":1,"9":1,"10":1,"11":1,"12":1,"13":1,"14":1,"15":1,"16":1,"17":1,"18":1,"19":1,"20":5,"21":5,"22":5,"23":5,"24":6,"25":6,"26":6,"27":6,"28":21,"29":21,"30":21,"31":21,"32":21,"33":21,"34":21,"35":21,"36":21,"37":21,"38":2,"39":1,"40":2,"41":21,"42":6,"43":6,"44":5,"45":1,"46":0,"47":0,"48":0,"49":1,"50":21,"51":0,"52":21,"53":0,"54":21,"55":4,"56":4,"57":7,"58":7,"59":7,"60":7,"61":7,"62":28,"63":0,"64":7,"65":28,"66":0,"67":7,"68":7,"69":28,"70":28,"71":28,"72":28,"73":28,"74":28,"75":28,"76":28,"77":28,"78":7,"79":28,"80":7,"81":7,"82":7,"83":4,"84":7,"85":7,"86":7,"87":28,"88":28,"89":0,"90":0,"91":0,"92":0,"93":0,"94":4,"95":1,"96":14,"97":14,"98":2,"99":12,"100":7,"101":0,"102":0,"103":0,"104":0,"105":0,"106":0,"107":0,"108":0,"109":0,"110":0,"111":0,"112":0,"113":0,"114":0,"115":21,"116":10,"117":11,"118":0,"119":11,"120":2,"121":9,"122":2,"123":7,"124":0,"125":7,"126":0,"127":7,"128":0,"129":7,"130":1,"131":6,"132":0,"133":6,"134":6,"135":0,"136":0,"137":0,"138":0,"139":0,"140":0,"141":0,"142":21,"143":1,"144":1,"145":20,"146":28,"147":28,"148":28,"149":0,"150":28,"151":7,"152":21,"153":0,"154":21,"155":0,"156":21,"157":14,"158":7,"159":0,"160":7,"161":0,"162":7,"163":0,"164":7,"165":0,"166":0,"167":7,"168":0,"169":7,"170":7,"171":0,"172":0,"173":0,"174":0,"175":0,"176":0,"177":0,"178":0,"179":0},"f":{"0":1,"1":5,"2":0,"3":21,"4":4,"5":28,"6":0,"7":28,"8":0,"9":14,"10":7,"11":0,"12":21,"13":21,"14":28},"b":{"0":[1,1],"1":[5],"2":[21,15],"3":[21,14],"4":[8,13],"5":[3,5],"6":[2],"7":[1],"8":[6],"9":[0],"10":[0],"11":[21,0],"12":[0],"13":[28,21],"14":[28,27],"15":[28,28],"16":[28,0],"17":[28,21],"18":[7],"19":[28],"20":[2],"21":[0],"22":[0],"23":[0],"24":[0],"25":[0],"26":[0],"27":[10,11],"28":[0,11],"29":[2,9],"30":[2,7],"31":[0,7],"32":[0,7],"33":[0,7],"34":[1,6],"35":[0,6],"36":[6,0],"37":[0,0],"38":[0,0],"39":[0],"40":[1],"41":[0,28],"42":[28,28,0],"43":[7,21],"44":[0,21],"45":[0,21],"46":[14,7],"47":[0,7],"48":[0,7],"49":[0,7],"50":[0,7],"51":[0,7],"52":[7,7],"53":[7,0],"54":[7,0,0],"55":[0,0],"56":[0,0],"57":[0,0,0,0,0,0,0,0],"58":[0,0],"59":[0]}}
,"/home/assis/Projetos/cogup/fastapi/src/routes/health.ts": {"path":"/home/assis/Projetos/cogup/fastapi/src/routes/health.ts","statementMap":{"0":{"start":{"line":1,"column":0},"end":{"line":1,"column":25}},"1":{"start":{"line":2,"column":0},"end":{"line":2,"column":60}},"2":{"start":{"line":6,"column":20},"end":{"line":6,"column":47}},"3":{"start":{"line":7,"column":21},"end":{"line":68,"column":2}},"4":{"start":{"line":70,"column":0},"end":{"line":90,"column":13}},"5":{"start":{"line":71,"column":2},"end":{"line":90,"column":12}},"6":{"start":{"line":93,"column":2},"end":{"line":93,"column":31}},"7":{"start":{"line":97,"column":2},"end":{"line":108,"column":3}},"8":{"start":{"line":98,"column":2},"end":{"line":108,"column":3}},"9":{"start":{"line":99,"column":4},"end":{"line":107,"column":19}},"10":{"start":{"line":129,"column":16},"end":{"line":129,"column":29}},"11":{"start":{"line":130,"column":15},"end":{"line":130,"column":27}},"12":{"start":{"line":131,"column":15},"end":{"line":131,"column":27}},"13":{"start":{"line":132,"column":17},"end":{"line":132,"column":29}},"14":{"start":{"line":133,"column":20},"end":{"line":133,"column":32}},"15":{"start":{"line":135,"column":2},"end":{"line":141,"column":4}},"16":{"start":{"line":152,"column":14},"end":{"line":152,"column":25}},"17":{"start":{"line":153,"column":17},"end":{"line":153,"column":33}},"18":{"start":{"line":154,"column":19},"end":{"line":154,"column":35}},"19":{"start":{"line":155,"column":22},"end":{"line":155,"column":43}},"20":{"start":{"line":157,"column":2},"end":{"line":162,"column":4}},"21":{"start":{"line":176,"column":19},"end":{"line":176,"column":32}},"22":{"start":{"line":177,"column":15},"end":{"line":177,"column":24}},"23":{"start":{"line":178,"column":19},"end":{"line":178,"column":32}},"24":{"start":{"line":179,"column":18},"end":{"line":179,"column":30}},"25":{"start":{"line":180,"column":15},"end":{"line":180,"column":24}},"26":{"start":{"line":181,"column":17},"end":{"line":181,"column":28}},"27":{"start":{"line":182,"column":15},"end":{"line":182,"column":31}},"28":{"start":{"line":184,"column":2},"end":{"line":192,"column":4}},"29":{"start":{"line":204,"column":18},"end":{"line":204,"column":40}},"30":{"start":{"line":205,"column":15},"end":{"line":205,"column":46}},"31":{"start":{"line":206,"column":15},"end":{"line":206,"column":56}},"32":{"start":{"line":207,"column":19},"end":{"line":207,"column":44}},"33":{"start":{"line":208,"column":19},"end":{"line":208,"column":44}},"34":{"start":{"line":210,"column":2},"end":{"line":216,"column":4}},"35":{"start":{"line":226,"column":16},"end":{"line":226,"column":43}},"36":{"start":{"line":227,"column":18},"end":{"line":227,"column":47}},"37":{"start":{"line":228,"column":22},"end":{"line":228,"column":52}},"38":{"start":{"line":230,"column":2},"end":{"line":234,"column":4}},"39":{"start":{"line":243,"column":16},"end":{"line":243,"column":42}},"40":{"start":{"line":244,"column":18},"end":{"line":244,"column":47}},"41":{"start":{"line":246,"column":2},"end":{"line":249,"column":4}}},"fnMap":{"0":{"name":"(anonymous_6)","decl":{"start":{"line":70,"column":15},"end":{"line":70,"column":16}},"loc":{"start":{"line":71,"column":2},"end":{"line":90,"column":12}}},"1":{"name":"handlerStatus","decl":{"start":{"line":92,"column":9},"end":{"line":92,"column":22}},"loc":{"start":{"line":92,"column":68},"end":{"line":94,"column":1}}},"2":{"name":"(anonymous_8)","decl":{"start":{"line":97,"column":2},"end":{"line":97,"column":3}},"loc":{"start":{"line":98,"column":2},"end":{"line":108,"column":3}}},"3":{"name":"(anonymous_9)","decl":{"start":{"line":98,"column":2},"end":{"line":98,"column":3}},"loc":{"start":{"line":98,"column":58},"end":{"line":108,"column":3}}},"4":{"name":"getMemoryInfo","decl":{"start":{"line":128,"column":9},"end":{"line":128,"column":22}},"loc":{"start":{"line":128,"column":22},"end":{"line":142,"column":1}}},"5":{"name":"getProcessInfo","decl":{"start":{"line":151,"column":9},"end":{"line":151,"column":23}},"loc":{"start":{"line":151,"column":23},"end":{"line":163,"column":1}}},"6":{"name":"getOsInfo","decl":{"start":{"line":175,"column":9},"end":{"line":175,"column":18}},"loc":{"start":{"line":175,"column":18},"end":{"line":193,"column":1}}},"7":{"name":"getDatabaseInfo","decl":{"start":{"line":203,"column":9},"end":{"line":203,"column":24}},"loc":{"start":{"line":203,"column":45},"end":{"line":217,"column":1}}},"8":{"name":"getContainerInfo","decl":{"start":{"line":225,"column":9},"end":{"line":225,"column":25}},"loc":{"start":{"line":225,"column":25},"end":{"line":235,"column":1}}},"9":{"name":"getAppInfo","decl":{"start":{"line":242,"column":9},"end":{"line":242,"column":19}},"loc":{"start":{"line":242,"column":19},"end":{"line":250,"column":1}}}},"branchMap":{},"s":{"0":1,"1":1,"2":1,"3":1,"4":1,"5":13,"6":0,"7":1,"8":13,"9":0,"10":0,"11":0,"12":0,"13":0,"14":0,"15":0,"16":0,"17":0,"18":0,"19":0,"20":0,"21":0,"22":0,"23":0,"24":0,"25":0,"26":0,"27":0,"28":0,"29":0,"30":0,"31":0,"32":0,"33":0,"34":0,"35":0,"36":0,"37":0,"38":0,"39":0,"40":0,"41":0},"f":{"0":13,"1":0,"2":13,"3":0,"4":0,"5":0,"6":0,"7":0,"8":0,"9":0},"b":{}}
,"/home/assis/Projetos/cogup/fastapi/src/routes/openapi.ts": {"path":"/home/assis/Projetos/cogup/fastapi/src/routes/openapi.ts","statementMap":{"0":{"start":{"line":2,"column":0},"end":{"line":2,"column":66}},"1":{"start":{"line":4,"column":0},"end":{"line":4,"column":60}},"2":{"start":{"line":13,"column":14},"end":{"line":13,"column":33}},"3":{"start":{"line":14,"column":24},"end":{"line":14,"column":48}},"4":{"start":{"line":15,"column":16},"end":{"line":15,"column":44}},"5":{"start":{"line":17,"column":22},"end":{"line":22,"column":4}},"6":{"start":{"line":24,"column":17},"end":{"line":32,"column":12}},"7":{"start":{"line":29,"column":8},"end":{"line":29,"column":24}},"8":{"start":{"line":34,"column":2},"end":{"line":37,"column":4}},"9":{"start":{"line":12,"column":0},"end":{"line":12,"column":24}},"10":{"start":{"line":41,"column":2},"end":{"line":57,"column":null}},"11":{"start":{"line":42,"column":4},"end":{"line":56,"column":null}},"12":{"start":{"line":43,"column":6},"end":{"line":43,"column":32}},"13":{"start":{"line":44,"column":11},"end":{"line":56,"column":null}},"14":{"start":{"line":45,"column":6},"end":{"line":45,"column":32}},"15":{"start":{"line":46,"column":11},"end":{"line":56,"column":null}},"16":{"start":{"line":47,"column":6},"end":{"line":47,"column":33}},"17":{"start":{"line":48,"column":11},"end":{"line":56,"column":null}},"18":{"start":{"line":49,"column":6},"end":{"line":49,"column":32}},"19":{"start":{"line":50,"column":11},"end":{"line":56,"column":null}},"20":{"start":{"line":51,"column":6},"end":{"line":51,"column":30}},"21":{"start":{"line":52,"column":11},"end":{"line":56,"column":null}},"22":{"start":{"line":53,"column":6},"end":{"line":53,"column":73}},"23":{"start":{"line":53,"column":45},"end":{"line":53,"column":70}},"24":{"start":{"line":54,"column":11},"end":{"line":56,"column":null}},"25":{"start":{"line":55,"column":6},"end":{"line":55,"column":39}},"26":{"start":{"line":59,"column":30},"end":{"line":62,"column":4}},"27":{"start":{"line":64,"column":2},"end":{"line":91,"column":null}},"28":{"start":{"line":65,"column":18},"end":{"line":65,"column":27}},"29":{"start":{"line":66,"column":22},"end":{"line":66,"column":34}},"30":{"start":{"line":68,"column":4},"end":{"line":68,"column":50}},"31":{"start":{"line":68,"column":41},"end":{"line":68,"column":50}},"32":{"start":{"line":70,"column":4},"end":{"line":90,"column":null}},"33":{"start":{"line":71,"column":6},"end":{"line":71,"column":50}},"34":{"start":{"line":72,"column":11},"end":{"line":90,"column":null}},"35":{"start":{"line":73,"column":6},"end":{"line":73,"column":50}},"36":{"start":{"line":74,"column":11},"end":{"line":90,"column":null}},"37":{"start":{"line":75,"column":6},"end":{"line":75,"column":51}},"38":{"start":{"line":76,"column":11},"end":{"line":90,"column":null}},"39":{"start":{"line":77,"column":6},"end":{"line":77,"column":50}},"40":{"start":{"line":78,"column":11},"end":{"line":90,"column":null}},"41":{"start":{"line":79,"column":6},"end":{"line":79,"column":48}},"42":{"start":{"line":80,"column":11},"end":{"line":90,"column":null}},"43":{"start":{"line":81,"column":20},"end":{"line":82,"column":null}},"44":{"start":{"line":82,"column":28},"end":{"line":82,"column":53}},"45":{"start":{"line":84,"column":6},"end":{"line":87,"column":8}},"46":{"start":{"line":88,"column":11},"end":{"line":90,"column":null}},"47":{"start":{"line":89,"column":6},"end":{"line":89,"column":58}},"48":{"start":{"line":93,"column":2},"end":{"line":93,"column":16}},"49":{"start":{"line":40,"column":0},"end":{"line":40,"column":16}},"50":{"start":{"line":98,"column":2},"end":{"line":100,"column":null}},"51":{"start":{"line":99,"column":4},"end":{"line":99,"column":19}},"52":{"start":{"line":102,"column":20},"end":{"line":102,"column":27}},"53":{"start":{"line":103,"column":19},"end":{"line":103,"column":63}},"54":{"start":{"line":103,"column":37},"end":{"line":103,"column":62}},"55":{"start":{"line":105,"column":2},"end":{"line":107,"column":null}},"56":{"start":{"line":106,"column":4},"end":{"line":106,"column":21}},"57":{"start":{"line":109,"column":2},"end":{"line":109,"column":14}}},"fnMap":{"0":{"name":"builderOpenapi","decl":{"start":{"line":12,"column":24},"end":{"line":12,"column":38}},"loc":{"start":{"line":12,"column":52},"end":{"line":38,"column":1}}},"1":{"name":"(anonymous_1)","decl":{"start":{"line":28,"column":15},"end":{"line":28,"column":16}},"loc":{"start":{"line":28,"column":55},"end":{"line":30,"column":7}}},"2":{"name":"objectToJSONSchema7","decl":{"start":{"line":40,"column":16},"end":{"line":40,"column":35}},"loc":{"start":{"line":40,"column":45},"end":{"line":94,"column":1}}},"3":{"name":"(anonymous_3)","decl":{"start":{"line":53,"column":35},"end":{"line":53,"column":36}},"loc":{"start":{"line":53,"column":45},"end":{"line":53,"column":70}}},"4":{"name":"(anonymous_4)","decl":{"start":{"line":82,"column":18},"end":{"line":82,"column":19}},"loc":{"start":{"line":82,"column":28},"end":{"line":82,"column":53}}},"5":{"name":"resolveArray","decl":{"start":{"line":97,"column":9},"end":{"line":97,"column":21}},"loc":{"start":{"line":97,"column":33},"end":{"line":110,"column":1}}},"6":{"name":"(anonymous_6)","decl":{"start":{"line":103,"column":30},"end":{"line":103,"column":31}},"loc":{"start":{"line":103,"column":37},"end":{"line":103,"column":62}}}},"branchMap":{"0":{"loc":{"start":{"line":41,"column":2},"end":{"line":57,"column":null}},"type":"if","locations":[{"start":{"line":41,"column":2},"end":{"line":57,"column":null}}]},"1":{"loc":{"start":{"line":41,"column":6},"end":{"line":41,"column":70}},"type":"binary-expr","locations":[{"start":{"line":41,"column":6},"end":{"line":41,"column":19}},{"start":{"line":41,"column":23},"end":{"line":41,"column":42}},{"start":{"line":41,"column":46},"end":{"line":41,"column":70}}]},"2":{"loc":{"start":{"line":42,"column":4},"end":{"line":56,"column":null}},"type":"if","locations":[{"start":{"line":42,"column":4},"end":{"line":56,"column":null}},{"start":{"line":44,"column":11},"end":{"line":56,"column":null}}]},"3":{"loc":{"start":{"line":44,"column":11},"end":{"line":56,"column":null}},"type":"if","locations":[{"start":{"line":44,"column":11},"end":{"line":56,"column":null}},{"start":{"line":46,"column":11},"end":{"line":56,"column":null}}]},"4":{"loc":{"start":{"line":46,"column":11},"end":{"line":56,"column":null}},"type":"if","locations":[{"start":{"line":46,"column":11},"end":{"line":56,"column":null}},{"start":{"line":48,"column":11},"end":{"line":56,"column":null}}]},"5":{"loc":{"start":{"line":48,"column":11},"end":{"line":56,"column":null}},"type":"if","locations":[{"start":{"line":48,"column":11},"end":{"line":56,"column":null}},{"start":{"line":50,"column":11},"end":{"line":56,"column":null}}]},"6":{"loc":{"start":{"line":50,"column":11},"end":{"line":56,"column":null}},"type":"if","locations":[{"start":{"line":50,"column":11},"end":{"line":56,"column":null}},{"start":{"line":52,"column":11},"end":{"line":56,"column":null}}]},"7":{"loc":{"start":{"line":50,"column":15},"end":{"line":50,"column":56}},"type":"binary-expr","locations":[{"start":{"line":50,"column":15},"end":{"line":50,"column":39}},{"start":{"line":50,"column":43},"end":{"line":50,"column":56}}]},"8":{"loc":{"start":{"line":52,"column":11},"end":{"line":56,"column":null}},"type":"if","locations":[{"start":{"line":52,"column":11},"end":{"line":56,"column":null}},{"start":{"line":54,"column":11},"end":{"line":56,"column":null}}]},"9":{"loc":{"start":{"line":52,"column":15},"end":{"line":52,"column":62}},"type":"binary-expr","locations":[{"start":{"line":52,"column":15},"end":{"line":52,"column":39}},{"start":{"line":52,"column":43},"end":{"line":52,"column":62}}]},"10":{"loc":{"start":{"line":54,"column":11},"end":{"line":56,"column":null}},"type":"if","locations":[{"start":{"line":54,"column":11},"end":{"line":56,"column":null}}]},"11":{"loc":{"start":{"line":54,"column":15},"end":{"line":54,"column":56}},"type":"binary-expr","locations":[{"start":{"line":54,"column":15},"end":{"line":54,"column":39}},{"start":{"line":54,"column":43},"end":{"line":54,"column":56}}]},"12":{"loc":{"start":{"line":68,"column":4},"end":{"line":68,"column":50}},"type":"if","locations":[{"start":{"line":68,"column":4},"end":{"line":68,"column":50}}]},"13":{"loc":{"start":{"line":70,"column":4},"end":{"line":90,"column":null}},"type":"if","locations":[{"start":{"line":70,"column":4},"end":{"line":90,"column":null}},{"start":{"line":72,"column":11},"end":{"line":90,"column":null}}]},"14":{"loc":{"start":{"line":72,"column":11},"end":{"line":90,"column":null}},"type":"if","locations":[{"start":{"line":72,"column":11},"end":{"line":90,"column":null}},{"start":{"line":74,"column":11},"end":{"line":90,"column":null}}]},"15":{"loc":{"start":{"line":74,"column":11},"end":{"line":90,"column":null}},"type":"if","locations":[{"start":{"line":74,"column":11},"end":{"line":90,"column":null}},{"start":{"line":76,"column":11},"end":{"line":90,"column":null}}]},"16":{"loc":{"start":{"line":76,"column":11},"end":{"line":90,"column":null}},"type":"if","locations":[{"start":{"line":76,"column":11},"end":{"line":90,"column":null}},{"start":{"line":78,"column":11},"end":{"line":90,"column":null}}]},"17":{"loc":{"start":{"line":78,"column":11},"end":{"line":90,"column":null}},"type":"if","locations":[{"start":{"line":78,"column":11},"end":{"line":90,"column":null}},{"start":{"line":80,"column":11},"end":{"line":90,"column":null}}]},"18":{"loc":{"start":{"line":78,"column":15},"end":{"line":78,"column":55}},"type":"binary-expr","locations":[{"start":{"line":78,"column":15},"end":{"line":78,"column":37}},{"start":{"line":78,"column":41},"end":{"line":78,"column":55}}]},"19":{"loc":{"start":{"line":80,"column":11},"end":{"line":90,"column":null}},"type":"if","locations":[{"start":{"line":80,"column":11},"end":{"line":90,"column":null}},{"start":{"line":88,"column":11},"end":{"line":90,"column":null}}]},"20":{"loc":{"start":{"line":80,"column":15},"end":{"line":80,"column":61}},"type":"binary-expr","locations":[{"start":{"line":80,"column":15},"end":{"line":80,"column":37}},{"start":{"line":80,"column":41},"end":{"line":80,"column":61}}]},"21":{"loc":{"start":{"line":88,"column":11},"end":{"line":90,"column":null}},"type":"if","locations":[{"start":{"line":88,"column":11},"end":{"line":90,"column":null}}]},"22":{"loc":{"start":{"line":88,"column":15},"end":{"line":88,"column":55}},"type":"binary-expr","locations":[{"start":{"line":88,"column":15},"end":{"line":88,"column":37}},{"start":{"line":88,"column":41},"end":{"line":88,"column":55}}]},"23":{"loc":{"start":{"line":98,"column":2},"end":{"line":100,"column":null}},"type":"if","locations":[{"start":{"line":98,"column":2},"end":{"line":100,"column":null}}]},"24":{"loc":{"start":{"line":105,"column":2},"end":{"line":107,"column":null}},"type":"if","locations":[{"start":{"line":105,"column":2},"end":{"line":107,"column":null}}]}},"s":{"0":1,"1":1,"2":13,"3":13,"4":13,"5":13,"6":13,"7":0,"8":13,"9":1,"10":3656,"11":224,"12":0,"13":224,"14":0,"15":224,"16":0,"17":224,"18":224,"19":0,"20":0,"21":0,"22":0,"23":0,"24":0,"25":0,"26":3432,"27":3432,"28":6133,"29":6133,"30":6133,"31":0,"32":6133,"33":48,"34":6085,"35":0,"36":6085,"37":36,"38":6049,"39":2411,"40":3638,"41":0,"42":3638,"43":290,"44":392,"45":290,"46":3348,"47":3251,"48":3432,"49":1,"50":290,"51":241,"52":49,"53":49,"54":151,"55":49,"56":49,"57":0},"f":{"0":13,"1":0,"2":3656,"3":0,"4":392,"5":290,"6":151},"b":{"0":[224],"1":[3656,3656,3656],"2":[0,224],"3":[0,224],"4":[0,224],"5":[224,0],"6":[0,0],"7":[0,0],"8":[0,0],"9":[0,0],"10":[0],"11":[0,0],"12":[0],"13":[48,6085],"14":[0,6085],"15":[36,6049],"16":[2411,3638],"17":[0,3638],"18":[3638,3541],"19":[290,3348],"20":[3638,3541],"21":[3251],"22":[3348,3251],"23":[241],"24":[49]}}
}
