TN:
SF:src/index.ts
FN:464,(anonymous_1)
FN:461,(anonymous_2)
FN:460,(anonymous_3)
FN:54,getAppVersion
FN:142,(anonymous_5)
FN:215,(anonymous_6)
FN:219,(anonymous_7)
FN:223,(anonymous_8)
FN:229,(anonymous_9)
FN:270,(anonymous_10)
FN:305,(anonymous_11)
FN:333,(anonymous_12)
FN:342,(anonymous_13)
FN:344,(anonymous_14)
FN:350,(anonymous_15)
FN:355,(anonymous_16)
FN:359,(anonymous_17)
FN:374,(anonymous_18)
FN:387,(anonymous_19)
FN:395,(anonymous_20)
FN:401,(anonymous_21)
FN:407,(anonymous_22)
FN:413,(anonymous_23)
FN:419,(anonymous_24)
FN:426,(anonymous_25)
FN:431,(anonymous_26)
FN:436,(anonymous_27)
FN:441,(anonymous_28)
FN:450,(anonymous_29)
FN:450,(anonymous_30)
FN:451,(anonymous_31)
FN:453,(anonymous_32)
FN:454,(anonymous_33)
FN:455,(anonymous_34)
FN:456,(anonymous_35)
FN:458,(anonymous_36)
FN:467,(anonymous_37)
FN:473,(anonymous_38)
FN:474,(anonymous_39)
FN:475,(anonymous_40)
FN:476,(anonymous_41)
FN:477,(anonymous_42)
FN:478,(anonymous_43)
FN:481,(anonymous_44)
FN:482,(anonymous_45)
FN:483,(anonymous_46)
FN:484,(anonymous_47)
FN:485,(anonymous_48)
FN:486,(anonymous_49)
FNF:49
FNH:31
FNDA:0,(anonymous_1)
FNDA:6,(anonymous_2)
FNDA:12,(anonymous_3)
FNDA:17,getAppVersion
FNDA:17,(anonymous_5)
FNDA:6,(anonymous_6)
FNDA:3,(anonymous_7)
FNDA:5,(anonymous_8)
FNDA:9,(anonymous_9)
FNDA:13,(anonymous_10)
FNDA:5,(anonymous_11)
FNDA:2,(anonymous_12)
FNDA:3,(anonymous_13)
FNDA:3,(anonymous_14)
FNDA:0,(anonymous_15)
FNDA:0,(anonymous_16)
FNDA:5,(anonymous_17)
FNDA:3,(anonymous_18)
FNDA:1,(anonymous_19)
FNDA:1,(anonymous_20)
FNDA:0,(anonymous_21)
FNDA:0,(anonymous_22)
FNDA:0,(anonymous_23)
FNDA:0,(anonymous_24)
FNDA:6,(anonymous_25)
FNDA:3,(anonymous_26)
FNDA:0,(anonymous_27)
FNDA:0,(anonymous_28)
FNDA:0,(anonymous_29)
FNDA:1,(anonymous_30)
FNDA:4,(anonymous_31)
FNDA:4,(anonymous_32)
FNDA:27,(anonymous_33)
FNDA:6,(anonymous_34)
FNDA:5,(anonymous_35)
FNDA:0,(anonymous_36)
FNDA:2,(anonymous_37)
FNDA:3,(anonymous_38)
FNDA:2,(anonymous_39)
FNDA:0,(anonymous_40)
FNDA:0,(anonymous_41)
FNDA:0,(anonymous_42)
FNDA:3,(anonymous_43)
FNDA:6,(anonymous_44)
FNDA:0,(anonymous_45)
FNDA:0,(anonymous_46)
FNDA:0,(anonymous_47)
FNDA:0,(anonymous_48)
FNDA:3,(anonymous_49)
DA:1,1
DA:2,1
DA:3,1
DA:15,1
DA:24,1
DA:25,1
DA:36,1
DA:37,1
DA:39,1
DA:40,1
DA:50,1
DA:51,1
DA:52,1
DA:54,1
DA:55,17
DA:56,17
DA:60,17
DA:62,17
DA:64,0
DA:106,1
DA:107,17
DA:112,17
DA:113,17
DA:117,17
DA:118,17
DA:119,17
DA:126,17
DA:128,17
DA:129,17
DA:130,17
DA:133,17
DA:138,17
DA:139,17
DA:140,17
DA:143,17
DA:144,6
DA:145,5
DA:148,6
DA:149,0
DA:152,6
DA:153,0
DA:156,6
DA:157,0
DA:160,6
DA:161,0
DA:164,6
DA:165,0
DA:168,6
DA:169,0
DA:172,6
DA:173,0
DA:175,6
DA:183,6
DA:184,6
DA:187,6
DA:188,0
DA:191,6
DA:192,0
DA:195,6
DA:196,0
DA:200,17
DA:201,17
DA:203,17
DA:204,5
DA:206,5
DA:207,5
DA:208,5
DA:212,17
DA:216,6
DA:220,3
DA:224,5
DA:225,0
DA:232,9
DA:233,8
DA:235,1
DA:238,9
DA:239,5
DA:241,5
DA:243,5
DA:244,6
DA:246,6
DA:248,6
DA:250,4
DA:251,4
DA:253,4
DA:258,4
DA:259,7
DA:261,7
DA:263,7
DA:266,0
DA:271,13
DA:273,13
DA:274,13
DA:275,13
DA:276,13
DA:280,13
DA:282,13
DA:283,12
DA:284,12
DA:285,12
DA:286,12
DA:288,12
DA:295,12
DA:300,12
DA:303,13
DA:305,13
DA:306,5
DA:307,5
DA:310,13
DA:312,13
DA:314,13
DA:316,13
DA:322,13
DA:329,13
DA:331,13
DA:333,13
DA:338,2
DA:343,3
DA:344,3
DA:345,3
DA:351,0
DA:352,0
DA:356,0
DA:360,5
DA:361,0
DA:362,5
DA:363,1
DA:364,1
DA:365,4
DA:366,2
DA:367,2
DA:368,2
DA:370,2
DA:375,3
DA:376,2
DA:377,2
DA:378,1
DA:379,1
DA:380,1
DA:381,1
DA:383,0
DA:388,1
DA:392,1
DA:396,1
DA:402,0
DA:408,0
DA:414,0
DA:420,0
DA:427,6
DA:428,6
DA:432,3
DA:433,3
DA:437,0
DA:438,0
DA:442,0
DA:443,0
DA:446,0
DA:450,2
DA:451,5
DA:452,1
DA:453,5
DA:454,28
DA:455,7
DA:456,6
DA:458,1
DA:460,13
DA:461,7
DA:464,1
DA:467,3
DA:472,1
DA:473,4
DA:474,3
DA:475,1
DA:476,1
DA:477,1
DA:478,4
DA:480,1
DA:481,7
DA:482,1
DA:483,1
DA:484,1
DA:485,1
DA:486,4
DA:489,1
LF:184
LH:157
BRDA:143,0,0,6
BRDA:144,1,0,5
BRDA:148,2,0,0
BRDA:152,3,0,0
BRDA:156,4,0,0
BRDA:160,5,0,0
BRDA:164,6,0,0
BRDA:168,7,0,0
BRDA:172,8,0,0
BRDA:172,8,1,6
BRDA:183,9,0,6
BRDA:187,10,0,0
BRDA:191,11,0,0
BRDA:195,12,0,0
BRDA:203,13,0,5
BRDA:203,14,0,17
BRDA:203,14,1,17
BRDA:206,15,0,5
BRDA:232,16,0,8
BRDA:232,16,1,1
BRDA:238,17,0,5
BRDA:238,17,1,4
BRDA:238,18,0,9
BRDA:238,18,1,9
BRDA:250,19,0,4
BRDA:250,19,1,0
BRDA:343,20,0,3
BRDA:360,21,0,0
BRDA:360,21,1,5
BRDA:360,22,0,5
BRDA:360,22,1,5
BRDA:362,23,0,1
BRDA:362,23,1,4
BRDA:365,24,0,2
BRDA:365,24,1,2
BRDA:375,25,0,2
BRDA:375,25,1,1
BRDA:378,26,0,1
BRDA:378,26,1,0
BRDA:442,27,0,0
BRF:40
BRH:26
end_of_record
TN:
SF:src/decorators/handlers.ts
FN:12,getResourceName
FN:20,innerHandlerDecorator
FN:24,(anonymous_2)
FN:39,Create
FN:43,GetAll
FN:47,GetOne
FN:51,Update
FN:55,Remove
FN:59,getPathByMethod
FN:80,(anonymous_9)
FN:82,(anonymous_10)
FNF:11
FNH:6
FNDA:6,getResourceName
FNDA:6,innerHandlerDecorator
FNDA:6,(anonymous_2)
FNDA:6,Create
FNDA:0,GetAll
FNDA:0,GetOne
FNDA:0,Update
FNDA:0,Remove
FNDA:6,getPathByMethod
FNDA:0,(anonymous_9)
FNDA:3,(anonymous_10)
DA:1,1
DA:2,1
DA:4,1
DA:12,1
DA:13,6
DA:14,0
DA:17,6
DA:24,6
DA:25,6
DA:35,6
DA:39,1
DA:40,6
DA:43,1
DA:44,0
DA:47,1
DA:48,0
DA:51,1
DA:52,0
DA:55,1
DA:56,0
DA:59,1
DA:63,6
DA:65,6
DA:69,6
DA:72,0
DA:75,1
DA:83,3
DA:84,3
DA:88,3
DA:89,9
DA:96,9
DA:97,6
DA:102,6
DA:103,6
DA:106,6
DA:110,3
LF:36
LH:30
BRDA:13,0,0,0
BRDA:65,1,0,6
BRDA:66,2,0,6
BRDA:66,2,1,0
BRDA:96,3,0,6
BRDA:102,4,0,6
BRF:6
BRH:4
end_of_record
TN:
SF:src/decorators/routes.ts
FN:15,innerRoutesDecorator
FN:21,(anonymous_1)
FN:36,Get
FN:40,Post
FN:44,Put
FN:48,Delete
FN:52,Patch
FN:61,(anonymous_7)
FN:63,(anonymous_8)
FNF:9
FNH:6
FNDA:5,innerRoutesDecorator
FNDA:5,(anonymous_1)
FNDA:3,Get
FNDA:2,Post
FNDA:0,Put
FNDA:0,Delete
FNDA:0,Patch
FNDA:1,(anonymous_7)
FNDA:3,(anonymous_8)
DA:2,1
DA:3,1
DA:16,5
DA:17,3
DA:21,5
DA:22,5
DA:32,5
DA:36,1
DA:37,3
DA:40,1
DA:41,2
DA:44,1
DA:45,0
DA:48,1
DA:49,0
DA:52,1
DA:53,0
DA:56,1
DA:64,3
DA:65,3
DA:69,3
DA:70,10
DA:77,10
DA:78,5
DA:79,3
DA:82,5
DA:84,5
DA:91,3
LF:28
LH:25
BRDA:16,0,0,3
BRDA:77,1,0,5
BRDA:78,2,0,3
BRF:3
BRH:3
end_of_record
TN:
SF:src/dicts/pt_BR.ts
FNF:0
FNH:0
DA:1,1
LF:1
LH:1
BRF:0
BRH:0
end_of_record
TN:
SF:src/middle/serve.ts
FN:3,(anonymous_1)
FNF:1
FNH:1
FNDA:17,(anonymous_1)
DA:1,1
DA:3,1
DA:4,17
DA:7,17
DA:11,17
LF:5
LH:5
BRF:0
BRH:0
end_of_record
TN:
SF:src/resources/events.ts
FN:36,resolveEventName
FN:49,onAction
FN:70,emitAction
FN:79,(anonymous_3)
FN:90,removeAction
FN:103,on
FN:117,emit
FN:119,(anonymous_7)
FN:129,remove
FN:138,removeAll
FN:139,(anonymous_10)
FN:148,getEventsStorage
FN:156,getEvents
FN:165,getEventCallbacks
FN:174,getEventCallback
FNF:15
FNH:4
FNDA:17,resolveEventName
FNDA:6,onAction
FNDA:11,emitAction
FNDA:7,(anonymous_3)
FNDA:0,removeAction
FNDA:0,on
FNDA:0,emit
FNDA:0,(anonymous_7)
FNDA:0,remove
FNDA:0,removeAll
FNDA:0,(anonymous_10)
FNDA:0,getEventsStorage
FNDA:0,getEvents
FNDA:0,getEventCallbacks
FNDA:0,getEventCallback
DA:28,1
DA:38,17
DA:40,17
DA:49,1
DA:54,6
DA:56,6
DA:57,5
DA:60,6
DA:70,1
DA:76,11
DA:78,11
DA:79,6
DA:80,7
DA:90,1
DA:91,0
DA:93,0
DA:94,0
DA:103,1
DA:104,0
DA:105,0
DA:108,0
DA:117,1
DA:118,0
DA:119,0
DA:120,0
DA:129,1
DA:130,0
DA:131,0
DA:138,1
DA:139,0
DA:140,0
DA:148,1
DA:149,0
DA:156,1
DA:157,0
DA:165,1
DA:166,0
DA:174,1
DA:175,0
LF:39
LH:22
BRDA:38,0,0,5
BRDA:38,0,1,12
BRDA:56,1,0,5
BRDA:78,2,0,6
BRDA:93,3,0,0
BRDA:104,4,0,0
BRDA:118,5,0,0
BRDA:130,6,0,0
BRF:8
BRH:4
end_of_record
TN:
SF:src/resources/openapi/dataTypes.ts
FN:106,(anonymous_0)
FNF:1
FNH:1
FNDA:45,(anonymous_0)
DA:8,1
DA:106,1
DA:107,45
DA:108,45
DA:109,0
DA:111,0
DA:112,0
DA:113,0
DA:114,0
DA:116,0
DA:118,0
DA:120,0
DA:121,0
DA:122,0
DA:128,0
DA:132,0
DA:135,45
LF:17
LH:5
BRDA:108,0,0,0
BRDA:111,1,0,0
BRDA:116,2,0,0
BRDA:116,2,1,0
BRDA:120,3,0,0
BRDA:121,4,0,0
BRDA:121,5,0,0
BRDA:121,5,1,0
BRF:8
BRH:0
end_of_record
TN:
SF:src/resources/openapi/doc.ts
FN:31,createFullDoc
FN:43,(anonymous_1)
FN:44,(anonymous_2)
FNF:3
FNH:3
FNDA:13,createFullDoc
FNDA:13,(anonymous_1)
FNDA:55,(anonymous_2)
DA:1,1
DA:31,1
DA:32,13
DA:40,13
DA:43,1
DA:44,13
DA:45,55
DA:52,13
LF:8
LH:8
BRDA:47,0,0,55
BRDA:47,0,1,55
BRF:2
BRH:2
end_of_record
TN:
SF:src/resources/openapi/index.ts
FN:44,(anonymous_0)
FN:47,(anonymous_1)
FN:56,(anonymous_2)
FN:62,(anonymous_3)
FN:77,(anonymous_4)
FN:80,(anonymous_5)
FN:100,generatePaths
FN:110,generateOpenAPISchemas
FN:124,(anonymous_8)
FN:185,(anonymous_9)
FN:207,(anonymous_10)
FN:215,(anonymous_11)
FN:217,(anonymous_12)
FN:246,(anonymous_13)
FNF:14
FNH:14
FNDA:60,(anonymous_0)
FNDA:60,(anonymous_1)
FNDA:24,(anonymous_2)
FNDA:64,(anonymous_3)
FNDA:12,(anonymous_4)
FNDA:45,(anonymous_5)
FNDA:18,generatePaths
FNDA:12,generateOpenAPISchemas
FNDA:45,(anonymous_8)
FNDA:12,(anonymous_9)
FNDA:12,(anonymous_10)
FNDA:12,(anonymous_11)
FNDA:45,(anonymous_12)
FNDA:12,(anonymous_13)
DA:2,1
DA:4,1
DA:5,1
DA:44,1
DA:45,60
DA:47,60
DA:48,60
DA:49,0
DA:52,60
DA:56,1
DA:60,24
DA:62,24
DA:63,64
DA:65,64
DA:67,64
DA:68,0
DA:71,64
DA:74,24
DA:77,1
DA:78,12
DA:80,12
DA:81,45
DA:83,45
DA:85,45
DA:86,0
DA:89,45
DA:92,12
DA:100,1
DA:101,18
DA:102,18
DA:104,18
DA:110,1
DA:114,12
DA:116,12
DA:117,12
DA:118,12
DA:120,12
DA:121,12
DA:122,12
DA:124,12
DA:125,45
DA:127,45
DA:128,0
DA:131,45
DA:132,45
DA:134,45
DA:139,45
DA:144,0
DA:147,45
DA:148,1
DA:149,1
DA:152,45
DA:153,0
DA:156,45
DA:157,0
DA:160,45
DA:161,21
DA:164,45
DA:165,6
DA:168,45
DA:169,0
DA:172,45
DA:173,0
DA:176,45
DA:177,45
DA:179,45
DA:180,45
DA:181,45
DA:185,12
DA:186,12
DA:207,12
DA:208,12
DA:209,12
DA:210,12
DA:211,12
DA:212,12
DA:215,12
DA:216,12
DA:217,12
DA:218,45
DA:222,12
DA:223,12
DA:225,12
DA:227,12
DA:233,12
DA:234,12
DA:235,12
DA:236,12
DA:242,12
DA:247,12
DA:248,1
DA:250,11
DA:272,12
LF:93
LH:84
BRDA:44,0,0,0
BRDA:48,1,0,0
BRDA:58,2,0,0
BRDA:67,3,0,0
BRDA:67,4,0,64
BRDA:67,4,1,19
BRDA:85,5,0,0
BRDA:116,6,0,6
BRDA:116,6,1,6
BRDA:117,7,0,6
BRDA:117,7,1,6
BRDA:127,8,0,0
BRDA:139,9,0,0
BRDA:140,10,0,45
BRDA:140,10,1,33
BRDA:140,10,2,0
BRDA:147,11,0,1
BRDA:152,12,0,0
BRDA:156,13,0,0
BRDA:160,14,0,21
BRDA:164,15,0,6
BRDA:168,16,0,0
BRDA:172,17,0,0
BRDA:180,18,0,45
BRDA:180,19,0,45
BRDA:180,19,1,0
BRDA:218,20,0,0
BRDA:218,20,1,45
BRDA:247,21,0,1
BRDA:247,21,1,11
BRDA:247,22,0,12
BRDA:247,22,1,7
BRF:32
BRH:18
end_of_record
TN:
SF:src/resources/openapi/responses.ts
FN:3,(anonymous_0)
FN:22,(anonymous_1)
FN:35,(anonymous_2)
FN:64,(anonymous_3)
FNF:4
FNH:4
FNDA:407,(anonymous_0)
FNDA:79,(anonymous_1)
FNDA:79,(anonymous_2)
FNDA:407,(anonymous_3)
DA:3,1
DA:4,407
DA:22,1
DA:25,79
DA:26,0
DA:29,79
DA:35,1
DA:41,79
DA:52,79
DA:60,79
DA:61,12
DA:64,79
DA:65,407
DA:66,407
DA:69,79
DA:72,1
LF:16
LH:15
BRDA:25,0,0,0
BRDA:39,1,0,40
BRDA:60,2,0,12
BRF:3
BRH:2
end_of_record
TN:
SF:src/resources/openapi/utils.ts
FN:5,extractByMethod
FN:22,convertOpenAPItoSchemas
FN:91,(anonymous_2)
FN:108,getReferenceSchemaName
FN:120,getReferenceSchemaNameInner
FN:134,convertToPlural
FN:142,convertToSingle
FNF:7
FNH:6
FNDA:268,extractByMethod
FNDA:13,convertOpenAPItoSchemas
FNDA:108,(anonymous_2)
FNDA:0,getReferenceSchemaName
FNDA:49,getReferenceSchemaNameInner
FNDA:18,convertToPlural
FNDA:19,convertToSingle
DA:5,1
DA:9,268
DA:10,79
DA:11,189
DA:12,38
DA:13,151
DA:14,36
DA:15,115
DA:16,36
DA:17,79
DA:18,24
DA:22,1
DA:23,13
DA:26,13
DA:27,13
DA:31,13
DA:32,13
DA:36,13
DA:37,55
DA:39,55
DA:40,148
DA:41,148
DA:42,148
DA:44,93
DA:46,93
DA:47,552
DA:48,552
DA:50,552
DA:51,552
DA:52,552
DA:54,552
DA:55,552
DA:56,144
DA:59,408
DA:62,408
DA:64,359
DA:68,49
DA:75,49
DA:76,49
DA:79,49
DA:88,93
DA:89,93
DA:91,93
DA:92,108
DA:96,0
DA:105,13
DA:108,1
DA:113,0
DA:125,49
DA:134,1
DA:135,18
DA:136,0
DA:139,18
DA:142,1
DA:143,19
DA:144,0
DA:147,19
LF:57
LH:53
BRDA:9,0,0,79
BRDA:9,0,1,189
BRDA:11,1,0,38
BRDA:11,1,1,151
BRDA:13,2,0,36
BRDA:13,2,1,115
BRDA:15,3,0,36
BRDA:15,3,1,79
BRDA:17,4,0,24
BRDA:26,5,0,13
BRDA:31,6,0,13
BRDA:40,7,0,148
BRDA:42,8,0,55
BRDA:54,9,0,552
BRDA:55,10,0,144
BRDA:62,11,0,359
BRDA:62,11,1,49
BRDA:88,12,0,93
BRDA:88,12,1,45
BRDA:89,13,0,93
BRDA:89,13,1,57
BRDA:92,14,0,0
BRDA:93,15,0,108
BRDA:93,15,1,36
BRDA:135,16,0,0
BRDA:139,17,0,13
BRDA:139,17,1,5
BRDA:143,18,0,0
BRDA:147,19,0,8
BRDA:147,19,1,11
BRF:30
BRH:27
end_of_record
TN:
SF:src/resources/routes/index.ts
FN:20,(anonymous_0)
FN:28,(anonymous_1)
FN:63,getOperations
FN:89,routesToPaths
FN:92,(anonymous_4)
FN:127,(anonymous_5)
FN:132,(anonymous_6)
FN:137,(anonymous_7)
FN:142,(anonymous_8)
FN:147,(anonymous_9)
FN:152,(anonymous_10)
FN:157,(anonymous_11)
FN:189,(anonymous_12)
FN:194,(anonymous_13)
FN:206,(anonymous_14)
FN:216,(anonymous_15)
FN:220,(anonymous_16)
FN:228,(anonymous_17)
FN:233,(anonymous_18)
FN:246,(anonymous_19)
FN:261,(anonymous_20)
FN:265,(anonymous_21)
FN:266,(anonymous_22)
FN:267,(anonymous_23)
FN:274,(anonymous_24)
FN:275,(anonymous_25)
FN:278,(anonymous_26)
FN:303,(anonymous_27)
FN:358,(anonymous_28)
FN:382,(anonymous_29)
FN:404,queryToProperties
FN:406,(anonymous_31)
FN:412,responseToProperties
FN:415,(anonymous_33)
FN:422,propertiesToItems
FN:431,filterPropertiesRecursive
FN:436,(anonymous_36)
FN:457,resolveResponses
FN:462,(anonymous_38)
FN:484,resolvePath
FNF:40
FNH:33
FNDA:1,(anonymous_0)
FNDA:1,(anonymous_1)
FNDA:24,getOperations
FNDA:18,routesToPaths
FNDA:31,(anonymous_4)
FNDA:40,(anonymous_5)
FNDA:40,(anonymous_6)
FNDA:0,(anonymous_7)
FNDA:0,(anonymous_8)
FNDA:0,(anonymous_9)
FNDA:0,(anonymous_10)
FNDA:40,(anonymous_11)
FNDA:13,(anonymous_12)
FNDA:0,(anonymous_13)
FNDA:27,(anonymous_14)
FNDA:15,(anonymous_15)
FNDA:40,(anonymous_16)
FNDA:27,(anonymous_17)
FNDA:27,(anonymous_18)
FNDA:27,(anonymous_19)
FNDA:13,(anonymous_20)
FNDA:31,(anonymous_21)
FNDA:44,(anonymous_22)
FNDA:46,(anonymous_23)
FNDA:12,(anonymous_24)
FNDA:24,(anonymous_25)
FNDA:120,(anonymous_26)
FNDA:60,(anonymous_27)
FNDA:106,(anonymous_28)
FNDA:12,(anonymous_29)
FNDA:0,queryToProperties
FNDA:0,(anonymous_31)
FNDA:584,responseToProperties
FNDA:2226,(anonymous_33)
FNDA:2226,propertiesToItems
FNDA:92,filterPropertiesRecursive
FNDA:236,(anonymous_36)
FNDA:106,resolveResponses
FNDA:630,(anonymous_38)
FNDA:106,resolvePath
DA:1,1
DA:17,1
DA:18,1
DA:20,1
DA:21,1
DA:22,1
DA:23,1
DA:24,1
DA:25,1
DA:28,1
DA:29,1
DA:30,1
DA:31,1
DA:32,1
DA:33,1
DA:64,24
DA:89,1
DA:90,18
DA:92,18
DA:93,31
DA:94,31
DA:96,31
DA:97,31
DA:98,31
DA:101,31
DA:102,2
DA:105,31
DA:106,0
DA:109,31
DA:110,0
DA:113,31
DA:114,0
DA:118,18
DA:121,1
DA:122,40
DA:125,40
DA:128,40
DA:129,40
DA:133,40
DA:134,40
DA:138,0
DA:139,0
DA:143,0
DA:144,0
DA:148,0
DA:149,0
DA:153,0
DA:154,0
DA:158,40
DA:159,0
DA:162,40
DA:164,40
DA:165,40
DA:168,40
DA:169,0
DA:172,40
DA:173,0
DA:176,40
DA:177,0
DA:184,40
DA:185,0
DA:190,13
DA:191,13
DA:199,0
DA:207,27
DA:208,27
DA:212,1
DA:213,15
DA:217,15
DA:221,40
DA:222,16
DA:225,40
DA:229,27
DA:230,27
DA:238,27
DA:247,27
DA:258,1
DA:262,13
DA:266,31
DA:267,44
DA:268,46
DA:269,46
DA:275,12
DA:276,24
DA:278,24
DA:279,120
DA:281,120
DA:282,60
DA:285,60
DA:294,60
DA:295,0
DA:298,60
DA:311,60
DA:312,12
DA:314,12
DA:315,6
DA:322,6
DA:324,0
DA:326,6
DA:327,6
DA:328,0
DA:329,0
DA:330,0
DA:331,0
DA:334,48
DA:335,18
DA:342,6
DA:344,12
DA:346,30
DA:347,6
DA:348,24
DA:349,12
DA:350,12
DA:351,12
DA:355,0
DA:359,106
DA:368,106
DA:369,26
DA:370,26
DA:372,26
DA:377,106
DA:382,12
DA:383,12
DA:384,12
DA:385,12
DA:387,0
DA:391,12
DA:392,0
DA:396,0
DA:400,106
DA:405,0
DA:406,0
DA:407,0
DA:409,0
DA:413,584
DA:415,584
DA:416,2226
DA:419,584
DA:423,2226
DA:424,12
DA:425,12
DA:428,2226
DA:434,92
DA:436,92
DA:437,236
DA:440,198
DA:441,66
DA:446,66
DA:447,66
DA:451,132
DA:454,92
DA:457,1
DA:458,106
DA:460,103
DA:462,103
DA:463,630
DA:465,630
DA:467,630
DA:469,630
DA:471,630
DA:472,630
DA:474,630
DA:481,103
DA:485,106
DA:486,106
LF:165
LH:134
BRDA:20,0,0,1
BRDA:20,0,1,1
BRDA:28,1,0,1
BRDA:28,1,1,1
BRDA:96,2,0,31
BRDA:101,3,0,2
BRDA:105,4,0,0
BRDA:109,5,0,0
BRDA:113,6,0,0
BRDA:158,7,0,0
BRDA:164,8,0,40
BRDA:168,9,0,0
BRDA:172,10,0,0
BRDA:176,11,0,0
BRDA:184,12,0,0
BRDA:197,13,0,0
BRDA:217,14,0,15
BRDA:217,14,1,1
BRDA:221,15,0,16
BRDA:236,16,0,27
BRDA:281,17,0,60
BRDA:294,18,0,0
BRDA:311,19,0,12
BRDA:311,19,1,48
BRDA:311,20,0,60
BRDA:311,20,1,60
BRDA:314,21,0,6
BRDA:314,21,1,6
BRDA:315,22,0,6
BRDA:315,22,1,0
BRDA:316,23,0,6
BRDA:316,23,1,0
BRDA:316,23,2,6
BRDA:316,23,3,6
BRDA:316,23,4,6
BRDA:322,24,0,6
BRDA:322,24,1,6
BRDA:324,25,0,0
BRDA:324,25,1,0
BRDA:326,26,0,6
BRDA:326,26,1,0
BRDA:327,27,0,6
BRDA:327,27,1,0
BRDA:328,28,0,0
BRDA:328,28,1,0
BRDA:329,29,0,0
BRDA:329,29,1,0
BRDA:330,30,0,0
BRDA:331,31,0,0
BRDA:331,31,1,0
BRDA:334,32,0,18
BRDA:334,32,1,30
BRDA:335,33,0,6
BRDA:335,33,1,12
BRDA:336,34,0,18
BRDA:336,34,1,0
BRDA:336,34,2,18
BRDA:336,34,3,18
BRDA:336,34,4,18
BRDA:346,35,0,6
BRDA:346,35,1,24
BRDA:348,36,0,12
BRDA:348,36,1,12
BRDA:350,37,0,12
BRDA:368,38,0,26
BRDA:368,39,0,106
BRDA:368,39,1,106
BRDA:377,40,0,12
BRDA:378,41,0,106
BRDA:378,41,1,106
BRDA:378,41,2,26
BRDA:391,42,0,0
BRDA:423,43,0,12
BRDA:423,44,0,2226
BRDA:423,44,1,2156
BRDA:437,45,0,38
BRDA:440,46,0,66
BRDA:440,47,0,198
BRDA:440,47,1,68
BRDA:440,47,2,68
BRDA:441,48,0,66
BRDA:442,49,0,66
BRDA:442,49,1,66
BRDA:442,49,2,66
BRDA:458,50,0,3
BRDA:465,51,0,0
BRDA:469,52,0,0
BRDA:477,53,0,558
BRDA:477,53,1,72
BRF:89
BRH:62
end_of_record
TN:
SF:src/resources/routes/routes.ts
FN:8,(anonymous_0)
FN:30,getAll
FN:31,(anonymous_2)
FN:88,getOne
FN:89,(anonymous_4)
FN:116,create
FN:117,(anonymous_6)
FN:148,update
FN:149,(anonymous_8)
FN:190,remove
FN:191,(anonymous_10)
FNF:11
FNH:8
FNDA:1,(anonymous_0)
FNDA:12,getAll
FNDA:1,(anonymous_2)
FNDA:12,getOne
FNDA:0,(anonymous_4)
FNDA:6,create
FNDA:7,(anonymous_6)
FNDA:12,update
FNDA:0,(anonymous_8)
FNDA:12,remove
FNDA:0,(anonymous_10)
DA:1,1
DA:2,1
DA:5,1
DA:6,1
DA:8,1
DA:9,1
DA:10,1
DA:11,1
DA:12,1
DA:13,1
DA:30,1
DA:31,12
DA:32,1
DA:33,1
DA:34,1
DA:35,1
DA:36,1
DA:37,1
DA:38,1
DA:40,1
DA:45,1
DA:48,1
DA:52,1
DA:60,1
DA:62,1
DA:64,1
DA:75,1
DA:77,0
DA:78,0
DA:79,0
DA:88,1
DA:89,12
DA:90,0
DA:91,0
DA:92,0
DA:95,0
DA:97,0
DA:98,0
DA:99,0
DA:102,0
DA:103,0
DA:105,0
DA:106,0
DA:107,0
DA:116,1
DA:117,6
DA:118,7
DA:119,7
DA:121,7
DA:122,0
DA:123,0
DA:124,0
DA:125,0
DA:130,7
DA:132,5
DA:133,0
DA:134,0
DA:138,5
DA:139,5
DA:141,2
DA:142,2
DA:143,2
DA:148,1
DA:149,12
DA:150,0
DA:151,0
DA:153,0
DA:154,0
DA:155,0
DA:156,0
DA:157,0
DA:162,0
DA:164,0
DA:165,0
DA:167,0
DA:168,0
DA:169,0
DA:172,0
DA:174,0
DA:175,0
DA:176,0
DA:180,0
DA:181,0
DA:183,0
DA:184,0
DA:185,0
DA:190,1
DA:191,12
DA:192,0
DA:193,0
DA:194,0
DA:195,0
DA:197,0
DA:198,0
DA:199,0
DA:202,0
DA:204,0
DA:207,0
DA:209,0
DA:210,0
DA:211,0
LF:101
LH:45
BRDA:8,0,0,1
BRDA:8,0,1,1
BRDA:34,1,0,0
BRDA:34,1,1,1
BRDA:36,2,0,1
BRDA:36,2,1,1
BRDA:37,3,0,1
BRDA:37,3,1,1
BRDA:38,4,0,0
BRDA:38,4,1,1
BRDA:40,5,0,0
BRDA:40,5,1,1
BRDA:45,6,0,0
BRDA:45,6,1,1
BRDA:48,7,0,1
BRDA:48,7,1,0
BRDA:48,8,0,1
BRDA:48,8,1,1
BRDA:97,9,0,0
BRDA:121,10,0,0
BRDA:123,11,0,0
BRDA:132,12,0,0
BRDA:153,13,0,0
BRDA:155,14,0,0
BRDA:167,15,0,0
BRDA:174,16,0,0
BRDA:197,17,0,0
BRF:27
BRH:13
end_of_record
TN:
SF:src/resources/routes/superFilter.ts
FN:8,fixText
FN:10,(anonymous_2)
FN:20,(anonymous_3)
FN:26,(anonymous_4)
FN:32,(anonymous_5)
FN:55,(anonymous_6)
FN:73,(anonymous_7)
FN:74,(anonymous_8)
FN:86,removeAccents
FNF:9
FNH:8
FNDA:1,fixText
FNDA:1,(anonymous_2)
FNDA:2,(anonymous_3)
FNDA:2,(anonymous_4)
FNDA:0,(anonymous_5)
FNDA:1,(anonymous_6)
FNDA:2,(anonymous_7)
FNDA:4,(anonymous_8)
FNDA:1,removeAccents
DA:1,1
DA:2,1
DA:4,1
DA:6,1
DA:9,1
DA:10,1
DA:11,1
DA:12,0
DA:14,1
DA:17,1
DA:20,1
DA:21,2
DA:26,1
DA:27,2
DA:28,2
DA:29,2
DA:31,2
DA:32,0
DA:33,0
DA:34,0
DA:38,0
DA:39,0
DA:41,0
DA:42,0
DA:43,0
DA:44,0
DA:45,0
DA:46,0
DA:47,0
DA:52,2
DA:55,1
DA:56,1
DA:58,1
DA:59,1
DA:61,1
DA:62,1
DA:65,1
DA:67,1
DA:68,0
DA:71,1
DA:73,1
DA:74,2
DA:75,4
DA:81,1
DA:87,1
DA:100,1
DA:101,10
DA:102,10
DA:105,1
DA:108,1
LF:50
LH:36
BRDA:11,0,0,0
BRDA:11,0,1,1
BRDA:20,1,0,0
BRDA:31,2,0,0
BRDA:41,3,0,0
BRDA:61,4,0,1
BRDA:67,5,0,0
BRDA:67,6,0,1
BRDA:67,6,1,0
BRF:9
BRH:3
end_of_record
TN:
SF:src/resources/sequelize/builder.ts
FN:26,(anonymous_0)
FN:33,(anonymous_1)
FN:38,(anonymous_2)
FN:43,(anonymous_3)
FN:48,(anonymous_4)
FN:49,(anonymous_5)
FN:52,(anonymous_6)
FN:90,(anonymous_7)
FN:111,(anonymous_8)
FN:123,(anonymous_9)
FN:127,(anonymous_10)
FN:135,(anonymous_11)
FN:143,(anonymous_12)
FN:147,(anonymous_13)
FNF:14
FNH:12
FNDA:7,(anonymous_0)
FNDA:28,(anonymous_1)
FNDA:0,(anonymous_2)
FNDA:0,(anonymous_3)
FNDA:18,(anonymous_4)
FNDA:36,(anonymous_5)
FNDA:7,(anonymous_6)
FNDA:7,(anonymous_7)
FNDA:1,(anonymous_8)
FNDA:4,(anonymous_9)
FNDA:1,(anonymous_10)
FNDA:4,(anonymous_11)
FNDA:5,(anonymous_12)
FNDA:6,(anonymous_13)
DA:1,1
DA:17,1
DA:19,7
DA:20,7
DA:22,7
DA:23,7
DA:27,7
DA:28,7
DA:29,7
DA:30,7
DA:34,28
DA:35,28
DA:39,0
DA:40,0
DA:44,0
DA:45,0
DA:49,36
DA:53,7
DA:55,7
DA:56,0
DA:59,7
DA:63,6
DA:70,7
DA:74,6
DA:80,7
DA:81,6
DA:91,7
DA:92,7
DA:94,7
DA:95,7
DA:102,7
DA:111,1
DA:112,1
DA:113,1
DA:114,1
DA:117,1
DA:118,4
DA:119,4
DA:124,4
DA:128,1
DA:136,4
DA:140,1
DA:144,5
DA:151,6
LF:44
LH:39
BRDA:53,0,0,7
BRDA:53,0,1,0
BRDA:55,1,0,0
BRDA:59,2,0,6
BRDA:60,3,0,7
BRDA:60,3,1,6
BRDA:70,4,0,6
BRDA:71,5,0,7
BRDA:71,5,1,6
BRDA:80,6,0,6
BRDA:80,7,0,7
BRDA:80,7,1,6
BRDA:91,8,0,0
BRDA:111,9,0,1
BRDA:111,9,1,1
BRDA:123,10,0,1
BRDA:124,11,0,4
BRDA:124,11,1,1
BRF:18
BRH:15
end_of_record
TN:
SF:src/resources/sequelize/index.ts
FN:24,(anonymous_0)
FN:98,generateResourcesFromSequelizeModels
FN:172,getReference
FN:180,isUnique
FN:201,generateResourcesFromJSON
FN:213,(anonymous_5)
FN:214,(anonymous_6)
FN:216,(anonymous_7)
FN:217,(anonymous_8)
FN:292,getResourceName
FN:302,getTableName
FN:306,getNumberProps
FN:336,dataTypesResultToResourceType
FN:368,dataTypesResultToResourceValues
FN:379,getSequelizeDataType
FNF:15
FNH:11
FNDA:1,(anonymous_0)
FNDA:5,generateResourcesFromSequelizeModels
FNDA:0,getReference
FNDA:21,isUnique
FNDA:4,generateResourcesFromJSON
FNDA:28,(anonymous_5)
FNDA:0,(anonymous_6)
FNDA:28,(anonymous_7)
FNDA:0,(anonymous_8)
FNDA:14,getResourceName
FNDA:7,getTableName
FNDA:0,getNumberProps
FNDA:21,dataTypesResultToResourceType
FNDA:21,dataTypesResultToResourceValues
FNDA:28,getSequelizeDataType
DA:1,1
DA:2,1
DA:3,1
DA:24,1
DA:25,1
DA:26,1
DA:27,1
DA:28,1
DA:29,1
DA:30,1
DA:31,1
DA:32,1
DA:33,1
DA:34,1
DA:35,1
DA:36,1
DA:37,1
DA:38,1
DA:39,1
DA:75,1
DA:98,1
DA:101,5
DA:102,5
DA:105,5
DA:107,5
DA:108,6
DA:110,6
DA:120,6
DA:122,6
DA:123,21
DA:126,21
DA:129,21
DA:130,21
DA:131,21
DA:132,21
DA:134,21
DA:140,21
DA:142,21
DA:153,21
DA:154,2
DA:155,1
DA:158,2
DA:161,21
DA:162,6
DA:166,6
DA:169,5
DA:172,1
DA:173,0
DA:174,0
DA:177,0
DA:190,21
DA:191,0
DA:194,21
DA:195,0
DA:198,21
DA:201,1
DA:205,4
DA:207,4
DA:208,7
DA:209,7
DA:210,7
DA:211,7
DA:212,7
DA:213,28
DA:214,0
DA:215,7
DA:216,28
DA:217,0
DA:218,7
DA:229,7
DA:230,28
DA:231,28
DA:233,28
DA:234,28
DA:235,28
DA:236,28
DA:238,28
DA:240,28
DA:250,28
DA:251,7
DA:254,28
DA:259,7
DA:264,7
DA:266,7
DA:270,4
DA:271,7
DA:272,7
DA:274,7
DA:275,28
DA:276,28
DA:279,0
DA:281,0
DA:282,0
DA:284,0
DA:285,0
DA:289,4
DA:294,14
DA:295,14
DA:296,2
DA:299,12
DA:303,7
DA:307,0
DA:309,0
DA:310,0
DA:313,0
DA:314,0
DA:317,0
DA:318,0
DA:321,0
DA:322,0
DA:325,0
DA:326,0
DA:329,0
DA:330,0
DA:333,0
DA:337,21
DA:338,10
DA:339,11
DA:340,0
DA:341,11
DA:342,2
DA:343,9
DA:344,2
DA:345,7
DA:346,0
DA:347,7
DA:348,0
DA:349,7
DA:350,0
DA:351,7
DA:352,1
DA:353,6
DA:354,0
DA:355,6
DA:356,6
DA:357,0
DA:358,0
DA:359,0
DA:360,0
DA:361,0
DA:362,0
DA:365,0
DA:371,21
DA:372,1
DA:373,1
DA:376,20
DA:380,28
DA:382,28
DA:384,28
DA:388,0
DA:389,28
DA:390,7
DA:391,21
DA:392,0
DA:393,21
DA:394,0
DA:395,21
DA:396,14
DA:397,7
DA:398,0
DA:399,7
DA:400,0
DA:401,7
DA:402,0
DA:403,7
DA:404,0
DA:405,0
DA:406,7
DA:407,0
DA:408,7
DA:413,7
DA:414,0
DA:415,0
DA:416,0
DA:426,0
DA:427,0
DA:428,0
DA:429,0
DA:430,0
DA:433,0
LF:180
LH:124
BRDA:24,0,0,1
BRDA:24,0,1,1
BRDA:101,1,0,5
BRDA:129,2,0,21
BRDA:129,2,1,15
BRDA:130,3,0,21
BRDA:130,3,1,14
BRDA:134,4,0,8
BRDA:134,4,1,13
BRDA:135,5,0,3
BRDA:135,5,1,5
BRDA:153,6,0,2
BRDA:154,7,0,1
BRDA:161,8,0,6
BRDA:173,9,0,0
BRDA:190,10,0,0
BRDA:190,11,0,21
BRDA:190,11,1,0
BRDA:194,12,0,0
BRDA:233,13,0,28
BRDA:233,13,1,21
BRDA:234,14,0,28
BRDA:234,14,1,27
BRDA:236,15,0,28
BRDA:236,15,1,28
BRDA:238,16,0,28
BRDA:238,16,1,0
BRDA:245,17,0,28
BRDA:245,17,1,21
BRDA:250,18,0,7
BRDA:275,19,0,28
BRDA:295,20,0,2
BRDA:309,21,0,0
BRDA:313,22,0,0
BRDA:317,23,0,0
BRDA:321,24,0,0
BRDA:325,25,0,0
BRDA:329,26,0,0
BRDA:337,27,0,10
BRDA:337,27,1,11
BRDA:339,28,0,0
BRDA:339,28,1,11
BRDA:341,29,0,2
BRDA:341,29,1,9
BRDA:343,30,0,2
BRDA:343,30,1,7
BRDA:345,31,0,0
BRDA:345,31,1,7
BRDA:347,32,0,0
BRDA:347,32,1,7
BRDA:349,33,0,0
BRDA:349,33,1,7
BRDA:351,34,0,1
BRDA:351,34,1,6
BRDA:353,35,0,0
BRDA:353,35,1,6
BRDA:355,36,0,6
BRDA:355,36,1,0
BRDA:357,37,0,0
BRDA:357,37,1,0
BRDA:359,38,0,0
BRDA:359,38,1,0
BRDA:361,39,0,0
BRDA:371,40,0,1
BRDA:384,41,0,0
BRDA:384,41,1,28
BRDA:385,42,0,28
BRDA:385,42,1,28
BRDA:385,42,2,0
BRDA:389,43,0,7
BRDA:389,43,1,21
BRDA:391,44,0,0
BRDA:391,44,1,21
BRDA:393,45,0,0
BRDA:393,45,1,21
BRDA:395,46,0,14
BRDA:395,46,1,7
BRDA:397,47,0,0
BRDA:397,47,1,7
BRDA:399,48,0,0
BRDA:399,48,1,7
BRDA:401,49,0,0
BRDA:401,49,1,7
BRDA:403,50,0,0
BRDA:403,50,1,7
BRDA:406,51,0,0
BRDA:406,51,1,7
BRDA:406,52,0,7
BRDA:406,52,1,7
BRDA:408,53,0,7
BRDA:408,53,1,0
BRDA:409,54,0,7
BRDA:409,54,1,0
BRDA:409,54,2,0
BRDA:414,55,0,0
BRDA:414,55,1,0
BRDA:416,56,0,0
BRDA:416,56,1,0
BRDA:417,57,0,0
BRDA:417,57,1,0
BRDA:417,57,2,0
BRDA:417,57,3,0
BRDA:417,57,4,0
BRDA:417,57,5,0
BRDA:417,57,6,0
BRDA:417,57,7,0
BRDA:427,58,0,0
BRDA:427,58,1,0
BRDA:429,59,0,0
BRF:109
BRH:60
end_of_record
TN:
SF:src/routes/health.ts
FN:70,(anonymous_6)
FN:92,handlerStatus
FN:97,(anonymous_8)
FN:98,(anonymous_9)
FN:128,getMemoryInfo
FN:151,getProcessInfo
FN:175,getOsInfo
FN:203,getDatabaseInfo
FN:225,getContainerInfo
FN:242,getAppInfo
FNF:10
FNH:2
FNDA:13,(anonymous_6)
FNDA:0,handlerStatus
FNDA:13,(anonymous_8)
FNDA:0,(anonymous_9)
FNDA:0,getMemoryInfo
FNDA:0,getProcessInfo
FNDA:0,getOsInfo
FNDA:0,getDatabaseInfo
FNDA:0,getContainerInfo
FNDA:0,getAppInfo
DA:1,1
DA:2,1
DA:6,1
DA:7,1
DA:70,1
DA:71,13
DA:93,0
DA:97,1
DA:98,13
DA:99,0
DA:129,0
DA:130,0
DA:131,0
DA:132,0
DA:133,0
DA:135,0
DA:152,0
DA:153,0
DA:154,0
DA:155,0
DA:157,0
DA:176,0
DA:177,0
DA:178,0
DA:179,0
DA:180,0
DA:181,0
DA:182,0
DA:184,0
DA:204,0
DA:205,0
DA:206,0
DA:207,0
DA:208,0
DA:210,0
DA:226,0
DA:227,0
DA:228,0
DA:230,0
DA:243,0
DA:244,0
DA:246,0
LF:42
LH:8
BRF:0
BRH:0
end_of_record
TN:
SF:src/routes/openapi.ts
FN:12,builderOpenapi
FN:28,(anonymous_1)
FN:40,objectToJSONSchema7
FN:53,(anonymous_3)
FN:82,(anonymous_4)
FN:97,resolveArray
FN:103,(anonymous_6)
FNF:7
FNH:5
FNDA:13,builderOpenapi
FNDA:0,(anonymous_1)
FNDA:3656,objectToJSONSchema7
FNDA:0,(anonymous_3)
FNDA:392,(anonymous_4)
FNDA:290,resolveArray
FNDA:151,(anonymous_6)
DA:2,1
DA:4,1
DA:12,1
DA:13,13
DA:14,13
DA:15,13
DA:17,13
DA:24,13
DA:29,0
DA:34,13
DA:40,1
DA:41,3656
DA:42,224
DA:43,0
DA:44,224
DA:45,0
DA:46,224
DA:47,0
DA:48,224
DA:49,224
DA:50,0
DA:51,0
DA:52,0
DA:53,0
DA:54,0
DA:55,0
DA:59,3432
DA:64,3432
DA:65,6133
DA:66,6133
DA:68,6133
DA:70,6133
DA:71,48
DA:72,6085
DA:73,0
DA:74,6085
DA:75,36
DA:76,6049
DA:77,2411
DA:78,3638
DA:79,0
DA:80,3638
DA:81,290
DA:82,392
DA:84,290
DA:88,3348
DA:89,3251
DA:93,3432
DA:98,290
DA:99,241
DA:102,49
DA:103,151
DA:105,49
DA:106,49
DA:109,0
LF:55
LH:42
BRDA:41,0,0,224
BRDA:41,1,0,3656
BRDA:41,1,1,3656
BRDA:41,1,2,3656
BRDA:42,2,0,0
BRDA:42,2,1,224
BRDA:44,3,0,0
BRDA:44,3,1,224
BRDA:46,4,0,0
BRDA:46,4,1,224
BRDA:48,5,0,224
BRDA:48,5,1,0
BRDA:50,6,0,0
BRDA:50,6,1,0
BRDA:50,7,0,0
BRDA:50,7,1,0
BRDA:52,8,0,0
BRDA:52,8,1,0
BRDA:52,9,0,0
BRDA:52,9,1,0
BRDA:54,10,0,0
BRDA:54,11,0,0
BRDA:54,11,1,0
BRDA:68,12,0,0
BRDA:70,13,0,48
BRDA:70,13,1,6085
BRDA:72,14,0,0
BRDA:72,14,1,6085
BRDA:74,15,0,36
BRDA:74,15,1,6049
BRDA:76,16,0,2411
BRDA:76,16,1,3638
BRDA:78,17,0,0
BRDA:78,17,1,3638
BRDA:78,18,0,3638
BRDA:78,18,1,3541
BRDA:80,19,0,290
BRDA:80,19,1,3348
BRDA:80,20,0,3638
BRDA:80,20,1,3541
BRDA:88,21,0,3251
BRDA:88,22,0,3348
BRDA:88,22,1,3251
BRDA:98,23,0,241
BRDA:105,24,0,49
BRF:45
BRH:27
end_of_record
